Using local implementation
WARNING:tensorflow:
The TensorFlow contrib module will not be included in TensorFlow 2.0.
For more information, please see:
  * https://github.com/tensorflow/community/blob/master/rfcs/20180907-contrib-sunset.md
  * https://github.com/tensorflow/addons
  * https://github.com/tensorflow/io (for I/O related ops)
If you depend on functionality not listed there, please file an issue.

WARNING:tensorflow:
The TensorFlow contrib module will not be included in TensorFlow 2.0.
For more information, please see:
  * https://github.com/tensorflow/community/blob/master/rfcs/20180907-contrib-sunset.md
  * https://github.com/tensorflow/addons
  * https://github.com/tensorflow/io (for I/O related ops)
If you depend on functionality not listed there, please file an issue.

INFO:numexpr.utils:NumExpr defaulting to 2 threads.
WARNING:tensorflow:From run_tasks.py:224: The name tf.variable_scope is deprecated. Please use tf.compat.v1.variable_scope instead.

WARNING:tensorflow:From run_tasks.py:224: The name tf.variable_scope is deprecated. Please use tf.compat.v1.variable_scope instead.

WARNING:tensorflow:From run_tasks.py:225: The name tf.placeholder is deprecated. Please use tf.compat.v1.placeholder instead.

WARNING:tensorflow:From run_tasks.py:225: The name tf.placeholder is deprecated. Please use tf.compat.v1.placeholder instead.

WARNING:tensorflow:From /content/drive/MyDrive/HSE/Учёба/PhD/repositories_for_colab/tf1-approved-NeuralTuringMachine/ntm.py:31: BasicLSTMCell.__init__ (from tensorflow.python.ops.rnn_cell_impl) is deprecated and will be removed in a future version.
Instructions for updating:
This class is equivalent as tf.keras.layers.LSTMCell, and will be replaced by that in Tensorflow 2.0.
WARNING:tensorflow:From /content/drive/MyDrive/HSE/Учёба/PhD/repositories_for_colab/tf1-approved-NeuralTuringMachine/ntm.py:31: BasicLSTMCell.__init__ (from tensorflow.python.ops.rnn_cell_impl) is deprecated and will be removed in a future version.
Instructions for updating:
This class is equivalent as tf.keras.layers.LSTMCell, and will be replaced by that in Tensorflow 2.0.
WARNING:tensorflow:From /content/drive/MyDrive/HSE/Учёба/PhD/repositories_for_colab/tf1-approved-NeuralTuringMachine/ntm.py:33: MultiRNNCell.__init__ (from tensorflow.python.ops.rnn_cell_impl) is deprecated and will be removed in a future version.
Instructions for updating:
This class is equivalent as tf.keras.layers.StackedRNNCells, and will be replaced by that in Tensorflow 2.0.
WARNING:tensorflow:From /content/drive/MyDrive/HSE/Учёба/PhD/repositories_for_colab/tf1-approved-NeuralTuringMachine/ntm.py:33: MultiRNNCell.__init__ (from tensorflow.python.ops.rnn_cell_impl) is deprecated and will be removed in a future version.
Instructions for updating:
This class is equivalent as tf.keras.layers.StackedRNNCells, and will be replaced by that in Tensorflow 2.0.
WARNING:tensorflow:From /content/drive/MyDrive/HSE/Учёба/PhD/repositories_for_colab/tf1-approved-NeuralTuringMachine/utils.py:13: calling TruncatedNormal.__init__ (from tensorflow.python.ops.init_ops) with dtype is deprecated and will be removed in a future version.
Instructions for updating:
Call initializer instance with the dtype argument instead of passing it to the constructor
WARNING:tensorflow:From /content/drive/MyDrive/HSE/Учёба/PhD/repositories_for_colab/tf1-approved-NeuralTuringMachine/utils.py:13: calling TruncatedNormal.__init__ (from tensorflow.python.ops.init_ops) with dtype is deprecated and will be removed in a future version.
Instructions for updating:
Call initializer instance with the dtype argument instead of passing it to the constructor
WARNING:tensorflow:From run_tasks.py:152: dynamic_rnn (from tensorflow.python.ops.rnn) is deprecated and will be removed in a future version.
Instructions for updating:
Please use `keras.layers.RNN(cell)`, which is equivalent to this API
WARNING:tensorflow:From run_tasks.py:152: dynamic_rnn (from tensorflow.python.ops.rnn) is deprecated and will be removed in a future version.
Instructions for updating:
Please use `keras.layers.RNN(cell)`, which is equivalent to this API
WARNING:tensorflow:From /tensorflow-1.15.2/python3.6/tensorflow_core/contrib/layers/python/layers/layers.py:1866: Layer.apply (from tensorflow.python.keras.engine.base_layer) is deprecated and will be removed in a future version.
Instructions for updating:
Please use `layer.__call__` method instead.
WARNING:tensorflow:From /tensorflow-1.15.2/python3.6/tensorflow_core/contrib/layers/python/layers/layers.py:1866: Layer.apply (from tensorflow.python.keras.engine.base_layer) is deprecated and will be removed in a future version.
Instructions for updating:
Please use `layer.__call__` method instead.
WARNING:tensorflow:From /tensorflow-1.15.2/python3.6/tensorflow_core/python/ops/rnn_cell_impl.py:735: Layer.add_variable (from tensorflow.python.keras.engine.base_layer) is deprecated and will be removed in a future version.
Instructions for updating:
Please use `layer.add_weight` method instead.
WARNING:tensorflow:From /tensorflow-1.15.2/python3.6/tensorflow_core/python/ops/rnn_cell_impl.py:735: Layer.add_variable (from tensorflow.python.keras.engine.base_layer) is deprecated and will be removed in a future version.
Instructions for updating:
Please use `layer.add_weight` method instead.
WARNING:tensorflow:From /tensorflow-1.15.2/python3.6/tensorflow_core/python/ops/rnn_cell_impl.py:739: calling Zeros.__init__ (from tensorflow.python.ops.init_ops) with dtype is deprecated and will be removed in a future version.
Instructions for updating:
Call initializer instance with the dtype argument instead of passing it to the constructor
WARNING:tensorflow:From /tensorflow-1.15.2/python3.6/tensorflow_core/python/ops/rnn_cell_impl.py:739: calling Zeros.__init__ (from tensorflow.python.ops.init_ops) with dtype is deprecated and will be removed in a future version.
Instructions for updating:
Call initializer instance with the dtype argument instead of passing it to the constructor
WARNING:tensorflow:From /content/drive/MyDrive/HSE/Учёба/PhD/repositories_for_colab/tf1-approved-NeuralTuringMachine/ntm.py:117: calling reduce_sum_v1 (from tensorflow.python.ops.math_ops) with keep_dims is deprecated and will be removed in a future version.
Instructions for updating:
keep_dims is deprecated, use keepdims instead
WARNING:tensorflow:From /content/drive/MyDrive/HSE/Учёба/PhD/repositories_for_colab/tf1-approved-NeuralTuringMachine/ntm.py:117: calling reduce_sum_v1 (from tensorflow.python.ops.math_ops) with keep_dims is deprecated and will be removed in a future version.
Instructions for updating:
keep_dims is deprecated, use keepdims instead
WARNING:tensorflow:From /tensorflow-1.15.2/python3.6/tensorflow_core/python/util/dispatch.py:180: calling expand_dims (from tensorflow.python.ops.array_ops) with dim is deprecated and will be removed in a future version.
Instructions for updating:
Use the `axis` argument instead
WARNING:tensorflow:From /tensorflow-1.15.2/python3.6/tensorflow_core/python/util/dispatch.py:180: calling expand_dims (from tensorflow.python.ops.array_ops) with dim is deprecated and will be removed in a future version.
Instructions for updating:
Use the `axis` argument instead
WARNING:tensorflow:From /tensorflow-1.15.2/python3.6/tensorflow_core/python/ops/nn_impl.py:183: where (from tensorflow.python.ops.array_ops) is deprecated and will be removed in a future version.
Instructions for updating:
Use tf.where in 2.0, which has the same broadcast rule as np.where
WARNING:tensorflow:From /tensorflow-1.15.2/python3.6/tensorflow_core/python/ops/nn_impl.py:183: where (from tensorflow.python.ops.array_ops) is deprecated and will be removed in a future version.
Instructions for updating:
Use tf.where in 2.0, which has the same broadcast rule as np.where
WARNING:tensorflow:From run_tasks.py:186: The name tf.train.AdamOptimizer is deprecated. Please use tf.compat.v1.train.AdamOptimizer instead.

WARNING:tensorflow:From run_tasks.py:186: The name tf.train.AdamOptimizer is deprecated. Please use tf.compat.v1.train.AdamOptimizer instead.

WARNING:tensorflow:From run_tasks.py:188: The name tf.trainable_variables is deprecated. Please use tf.compat.v1.trainable_variables instead.

WARNING:tensorflow:From run_tasks.py:188: The name tf.trainable_variables is deprecated. Please use tf.compat.v1.trainable_variables instead.

WARNING:tensorflow:From run_tasks.py:229: The name tf.global_variables_initializer is deprecated. Please use tf.compat.v1.global_variables_initializer instead.

WARNING:tensorflow:From run_tasks.py:229: The name tf.global_variables_initializer is deprecated. Please use tf.compat.v1.global_variables_initializer instead.

WARNING:tensorflow:From run_tasks.py:277: The name tf.Session is deprecated. Please use tf.compat.v1.Session instead.

WARNING:tensorflow:From run_tasks.py:277: The name tf.Session is deprecated. Please use tf.compat.v1.Session instead.

2021-02-17 13:34:16.718262: I tensorflow/stream_executor/platform/default/dso_loader.cc:44] Successfully opened dynamic library libcuda.so.1
2021-02-17 13:34:16.729203: E tensorflow/stream_executor/cuda/cuda_driver.cc:318] failed call to cuInit: CUDA_ERROR_NO_DEVICE: no CUDA-capable device is detected
2021-02-17 13:34:16.729256: I tensorflow/stream_executor/cuda/cuda_diagnostics.cc:156] kernel driver does not appear to be running on this host (d7abd3e80b0d): /proc/driver/nvidia/version does not exist
2021-02-17 13:34:16.736979: I tensorflow/core/platform/profile_utils/cpu_utils.cc:94] CPU Frequency: 2299995000 Hz
2021-02-17 13:34:16.737267: I tensorflow/compiler/xla/service/service.cc:168] XLA service 0x227cd80 initialized for platform Host (this does not guarantee that XLA will be used). Devices:
2021-02-17 13:34:16.737302: I tensorflow/compiler/xla/service/service.cc:176]   StreamExecutor device (0): Host, Default Version
In validation
Current curriculum point: None
None
1.0
WARNING:tensorflow:From run_tasks.py:370: The name tf.train.Saver is deprecated. Please use tf.compat.v1.train.Saver instead.

WARNING:tensorflow:From run_tasks.py:370: The name tf.train.Saver is deprecated. Please use tf.compat.v1.train.Saver instead.

INFO:__main__:Saved the trained model at step 0.
INFO:__main__:----EVAL----
INFO:__main__:target task error/loss: 5.234375,10.380697250366211
INFO:__main__:multi task error/loss: None,None
INFO:__main__:curriculum point error/loss (None): None,None
INFO:__main__:EVAL_PARSABLE: 0,5.234375,10.380697250366211,None,None,None,None,None
In validation
Current curriculum point: None
None
1.0
INFO:__main__:Saved the trained model at step 1000.
INFO:__main__:----EVAL----
INFO:__main__:target task error/loss: 2.328125,3.3306626081466675
INFO:__main__:multi task error/loss: None,None
INFO:__main__:curriculum point error/loss (None): None,None
INFO:__main__:EVAL_PARSABLE: 1000,2.328125,3.3306626081466675,None,None,None,None,None
In validation
Current curriculum point: None
None
1.0
INFO:__main__:Saved the trained model at step 2000.
INFO:__main__:----EVAL----
INFO:__main__:target task error/loss: 1.528125,2.4704745292663572
INFO:__main__:multi task error/loss: None,None
INFO:__main__:curriculum point error/loss (None): None,None
INFO:__main__:EVAL_PARSABLE: 2000,1.528125,2.4704745292663572,None,None,None,None,None
In validation
Current curriculum point: None
None
1.0
INFO:__main__:Saved the trained model at step 3000.
INFO:__main__:----EVAL----
INFO:__main__:target task error/loss: 0.996875,1.8746813535690308
INFO:__main__:multi task error/loss: None,None
INFO:__main__:curriculum point error/loss (None): None,None
INFO:__main__:EVAL_PARSABLE: 3000,0.996875,1.8746813535690308,None,None,None,None,None
In validation
Current curriculum point: None
None
1.0
INFO:__main__:Saved the trained model at step 4000.
INFO:__main__:----EVAL----
INFO:__main__:target task error/loss: 0.325,0.7976505637168885
INFO:__main__:multi task error/loss: None,None
INFO:__main__:curriculum point error/loss (None): None,None
INFO:__main__:EVAL_PARSABLE: 4000,0.325,0.7976505637168885,None,None,None,None,None
In validation
Current curriculum point: None
None
1.0
INFO:__main__:Saved the trained model at step 5000.
INFO:__main__:----EVAL----
INFO:__main__:target task error/loss: 0.078125,0.3136847957968712
INFO:__main__:multi task error/loss: None,None
INFO:__main__:curriculum point error/loss (None): None,None
INFO:__main__:EVAL_PARSABLE: 5000,0.078125,0.3136847957968712,None,None,None,None,None
In validation
Current curriculum point: None
None
1.0
INFO:__main__:Saved the trained model at step 6000.
INFO:__main__:----EVAL----
INFO:__main__:target task error/loss: 0.0125,0.14177546724677087
INFO:__main__:multi task error/loss: None,None
INFO:__main__:curriculum point error/loss (None): None,None
INFO:__main__:EVAL_PARSABLE: 6000,0.0125,0.14177546724677087,None,None,None,None,None
In validation
Current curriculum point: None
None
1.0
INFO:__main__:Saved the trained model at step 7000.
INFO:__main__:----EVAL----
INFO:__main__:target task error/loss: 0.0,0.0439234122633934
INFO:__main__:multi task error/loss: None,None
INFO:__main__:curriculum point error/loss (None): None,None
INFO:__main__:EVAL_PARSABLE: 7000,0.0,0.0439234122633934,None,None,None,None,None
In validation
Current curriculum point: None
None
1.0
INFO:__main__:Saved the trained model at step 8000.
INFO:__main__:----EVAL----
INFO:__main__:target task error/loss: 0.0,0.012976580206304789
INFO:__main__:multi task error/loss: None,None
INFO:__main__:curriculum point error/loss (None): None,None
INFO:__main__:EVAL_PARSABLE: 8000,0.0,0.012976580206304789,None,None,None,None,None
In validation
Current curriculum point: None
None
1.0
INFO:__main__:Saved the trained model at step 9000.
INFO:__main__:----EVAL----
INFO:__main__:target task error/loss: 0.0,0.0049564163899049165
INFO:__main__:multi task error/loss: None,None
INFO:__main__:curriculum point error/loss (None): None,None
INFO:__main__:EVAL_PARSABLE: 9000,0.0,0.0049564163899049165,None,None,None,None,None
In validation
Current curriculum point: None
None
1.0
INFO:__main__:Saved the trained model at step 10000.
INFO:__main__:----EVAL----
INFO:__main__:target task error/loss: 0.0,0.002544266020413488
INFO:__main__:multi task error/loss: None,None
INFO:__main__:curriculum point error/loss (None): None,None
INFO:__main__:EVAL_PARSABLE: 10000,0.0,0.002544266020413488,None,None,None,None,None
In validation
Current curriculum point: None
None
1.0
INFO:__main__:Saved the trained model at step 11000.
INFO:__main__:----EVAL----
INFO:__main__:target task error/loss: 0.0,0.0011894780036527663
INFO:__main__:multi task error/loss: None,None
INFO:__main__:curriculum point error/loss (None): None,None
INFO:__main__:EVAL_PARSABLE: 11000,0.0,0.0011894780036527663,None,None,None,None,None
In validation
Current curriculum point: None
None
1.0
INFO:__main__:Saved the trained model at step 12000.
INFO:__main__:----EVAL----
INFO:__main__:target task error/loss: 0.0125,0.0945317443460226
INFO:__main__:multi task error/loss: None,None
INFO:__main__:curriculum point error/loss (None): None,None
INFO:__main__:EVAL_PARSABLE: 12000,0.0125,0.0945317443460226,None,None,None,None,None
In validation
Current curriculum point: None
None
1.0
INFO:__main__:Saved the trained model at step 13000.
INFO:__main__:----EVAL----
INFO:__main__:target task error/loss: 0.0,0.012410647328943014
INFO:__main__:multi task error/loss: None,None
INFO:__main__:curriculum point error/loss (None): None,None
INFO:__main__:EVAL_PARSABLE: 13000,0.0,0.012410647328943014,None,None,None,None,None
In validation
Current curriculum point: None
None
1.0
INFO:__main__:Saved the trained model at step 14000.
INFO:__main__:----EVAL----
INFO:__main__:target task error/loss: 0.0,0.00450415734667331
INFO:__main__:multi task error/loss: None,None
INFO:__main__:curriculum point error/loss (None): None,None
INFO:__main__:EVAL_PARSABLE: 14000,0.0,0.00450415734667331,None,None,None,None,None
In validation
Current curriculum point: None
None
1.0
INFO:__main__:Saved the trained model at step 15000.
INFO:__main__:----EVAL----
INFO:__main__:target task error/loss: 0.0,0.00259641669690609
INFO:__main__:multi task error/loss: None,None
INFO:__main__:curriculum point error/loss (None): None,None
INFO:__main__:EVAL_PARSABLE: 15000,0.0,0.00259641669690609,None,None,None,None,None
In validation
Current curriculum point: None
None
1.0
INFO:__main__:Saved the trained model at step 16000.
INFO:__main__:----EVAL----
INFO:__main__:target task error/loss: 0.0,0.0015675816219300031
INFO:__main__:multi task error/loss: None,None
INFO:__main__:curriculum point error/loss (None): None,None
INFO:__main__:EVAL_PARSABLE: 16000,0.0,0.0015675816219300031,None,None,None,None,None
In validation
Current curriculum point: None
None
1.0
INFO:__main__:Saved the trained model at step 17000.
INFO:__main__:----EVAL----
INFO:__main__:target task error/loss: 0.0,0.0007500566251110285
INFO:__main__:multi task error/loss: None,None
INFO:__main__:curriculum point error/loss (None): None,None
INFO:__main__:EVAL_PARSABLE: 17000,0.0,0.0007500566251110285,None,None,None,None,None
In validation
Current curriculum point: None
None
1.0
INFO:__main__:Saved the trained model at step 18000.
INFO:__main__:----EVAL----
INFO:__main__:target task error/loss: 0.0,0.0004634036013158038
INFO:__main__:multi task error/loss: None,None
INFO:__main__:curriculum point error/loss (None): None,None
INFO:__main__:EVAL_PARSABLE: 18000,0.0,0.0004634036013158038,None,None,None,None,None
In validation
Current curriculum point: None
None
1.0
INFO:__main__:Saved the trained model at step 19000.
INFO:__main__:----EVAL----
INFO:__main__:target task error/loss: 0.0,0.00026019076904049143
INFO:__main__:multi task error/loss: None,None
INFO:__main__:curriculum point error/loss (None): None,None
INFO:__main__:EVAL_PARSABLE: 19000,0.0,0.00026019076904049143,None,None,None,None,None
In validation
Current curriculum point: None
None
1.0
INFO:__main__:Saved the trained model at step 20000.
INFO:__main__:----EVAL----
INFO:__main__:target task error/loss: 0.0,0.0001527431515569333
INFO:__main__:multi task error/loss: None,None
INFO:__main__:curriculum point error/loss (None): None,None
INFO:__main__:EVAL_PARSABLE: 20000,0.0,0.0001527431515569333,None,None,None,None,None
In validation
Current curriculum point: None
None
1.0
INFO:__main__:Saved the trained model at step 21000.
INFO:__main__:----EVAL----
INFO:__main__:target task error/loss: 0.0,9.110281462199055e-05
INFO:__main__:multi task error/loss: None,None
INFO:__main__:curriculum point error/loss (None): None,None
INFO:__main__:EVAL_PARSABLE: 21000,0.0,9.110281462199055e-05,None,None,None,None,None
In validation
Current curriculum point: None
None
1.0
INFO:__main__:Saved the trained model at step 22000.
INFO:__main__:----EVAL----
INFO:__main__:target task error/loss: 0.0,4.425890401762445e-05
INFO:__main__:multi task error/loss: None,None
INFO:__main__:curriculum point error/loss (None): None,None
INFO:__main__:EVAL_PARSABLE: 22000,0.0,4.425890401762445e-05,None,None,None,None,None
In validation
Current curriculum point: None
None
1.0
INFO:__main__:Saved the trained model at step 23000.
INFO:__main__:----EVAL----
INFO:__main__:target task error/loss: 0.0,0.008052292000502347
INFO:__main__:multi task error/loss: None,None
INFO:__main__:curriculum point error/loss (None): None,None
INFO:__main__:EVAL_PARSABLE: 23000,0.0,0.008052292000502347,None,None,None,None,None
In validation
Current curriculum point: None
None
1.0
INFO:__main__:Saved the trained model at step 24000.
INFO:__main__:----EVAL----
INFO:__main__:target task error/loss: 0.0,0.002656400320120156
INFO:__main__:multi task error/loss: None,None
INFO:__main__:curriculum point error/loss (None): None,None
INFO:__main__:EVAL_PARSABLE: 24000,0.0,0.002656400320120156,None,None,None,None,None
In validation
Current curriculum point: None
None
1.0
INFO:__main__:Saved the trained model at step 25000.
INFO:__main__:----EVAL----
INFO:__main__:target task error/loss: 0.0,0.001246793259633705
INFO:__main__:multi task error/loss: None,None
INFO:__main__:curriculum point error/loss (None): None,None
INFO:__main__:EVAL_PARSABLE: 25000,0.0,0.001246793259633705,None,None,None,None,None
In validation
Current curriculum point: None
None
1.0
INFO:__main__:Saved the trained model at step 26000.
INFO:__main__:----EVAL----
INFO:__main__:target task error/loss: 0.0,0.0006838529574451968
INFO:__main__:multi task error/loss: None,None
INFO:__main__:curriculum point error/loss (None): None,None
INFO:__main__:EVAL_PARSABLE: 26000,0.0,0.0006838529574451968,None,None,None,None,None
In validation
Current curriculum point: None
None
1.0
INFO:__main__:Saved the trained model at step 27000.
INFO:__main__:----EVAL----
INFO:__main__:target task error/loss: 0.0,0.0004301082080928609
INFO:__main__:multi task error/loss: None,None
INFO:__main__:curriculum point error/loss (None): None,None
INFO:__main__:EVAL_PARSABLE: 27000,0.0,0.0004301082080928609,None,None,None,None,None
In validation
Current curriculum point: None
None
1.0
INFO:__main__:Saved the trained model at step 28000.
INFO:__main__:----EVAL----
INFO:__main__:target task error/loss: 0.0,0.00023701329482719302
INFO:__main__:multi task error/loss: None,None
INFO:__main__:curriculum point error/loss (None): None,None
INFO:__main__:EVAL_PARSABLE: 28000,0.0,0.00023701329482719302,None,None,None,None,None
In validation
Current curriculum point: None
None
1.0
INFO:__main__:Saved the trained model at step 29000.
INFO:__main__:----EVAL----
INFO:__main__:target task error/loss: 0.0,0.00013224837530287915
INFO:__main__:multi task error/loss: None,None
INFO:__main__:curriculum point error/loss (None): None,None
INFO:__main__:EVAL_PARSABLE: 29000,0.0,0.00013224837530287915,None,None,None,None,None
In convergence_on_multi_task
INFO:__main__:----SUMMARY----
INFO:__main__:convergence_on_target_task: 5000
INFO:__main__:performance_on_target_task: 0.0
INFO:__main__:convergence_on_multi_task: None
INFO:__main__:performance_on_multi_task: None
INFO:__main__:SUMMARY_PARSABLE: 5000,0.0,None,None
INFO:__main__:generalization_from_target_task:
INFO:__main__:generalization_from_multi_task:
INFO:__main__:Trained the model after 30000 steps.
INFO:__main__:Saved the trained model.
INFO:__main__:Model inputs: [<tf.Operation 'root/Placeholder' type=Placeholder>, <tf.Operation 'root/Placeholder_1' type=Placeholder>, <tf.Operation 'root/Placeholder_2' type=Placeholder>, <tf.Operation 'root/rnn/init/fully_connected/weights' type=VariableV2>, <tf.Operation 'root/rnn/init/fully_connected_1/weights' type=VariableV2>, <tf.Operation 'root/rnn/init/fully_connected_2/weights' type=VariableV2>, <tf.Operation 'root/rnn/init/fully_connected_3/weights' type=VariableV2>, <tf.Operation 'root/rnn/controller/multi_rnn_cell/cell_0/basic_lstm_cell/kernel' type=VariableV2>, <tf.Operation 'root/rnn/controller/multi_rnn_cell/cell_0/basic_lstm_cell/bias' type=VariableV2>, <tf.Operation 'root/rnn/o2p/fully_connected/weights' type=VariableV2>, <tf.Operation 'root/rnn/o2p/fully_connected/biases' type=VariableV2>, <tf.Operation 'root/rnn/o2o/fully_connected/weights' type=VariableV2>, <tf.Operation 'root/rnn/o2o/fully_connected/biases' type=VariableV2>, <tf.Operation 'root/gradients/root/rnn/while/TensorArrayWrite/TensorArrayWriteV3_grad/TensorArrayReadV3/b_sync' type=ControlTrigger>, <tf.Operation 'root/beta1_power' type=VariableV2>, <tf.Operation 'root/beta2_power' type=VariableV2>, <tf.Operation 'root/root/rnn/init/fully_connected/weights/Adam' type=VariableV2>, <tf.Operation 'root/root/rnn/init/fully_connected/weights/Adam_1' type=VariableV2>, <tf.Operation 'root/root/rnn/init/fully_connected_1/weights/Adam' type=VariableV2>, <tf.Operation 'root/root/rnn/init/fully_connected_1/weights/Adam_1' type=VariableV2>, <tf.Operation 'root/root/rnn/init/fully_connected_2/weights/Adam' type=VariableV2>, <tf.Operation 'root/root/rnn/init/fully_connected_2/weights/Adam_1' type=VariableV2>, <tf.Operation 'root/root/rnn/init/fully_connected_3/weights/Adam' type=VariableV2>, <tf.Operation 'root/root/rnn/init/fully_connected_3/weights/Adam_1' type=VariableV2>, <tf.Operation 'root/root/rnn/controller/multi_rnn_cell/cell_0/basic_lstm_cell/kernel/Adam' type=VariableV2>, <tf.Operation 'root/root/rnn/controller/multi_rnn_cell/cell_0/basic_lstm_cell/kernel/Adam_1' type=VariableV2>, <tf.Operation 'root/root/rnn/controller/multi_rnn_cell/cell_0/basic_lstm_cell/bias/Adam' type=VariableV2>, <tf.Operation 'root/root/rnn/controller/multi_rnn_cell/cell_0/basic_lstm_cell/bias/Adam_1' type=VariableV2>, <tf.Operation 'root/root/rnn/o2p/fully_connected/weights/Adam' type=VariableV2>, <tf.Operation 'root/root/rnn/o2p/fully_connected/weights/Adam_1' type=VariableV2>, <tf.Operation 'root/root/rnn/o2p/fully_connected/biases/Adam' type=VariableV2>, <tf.Operation 'root/root/rnn/o2p/fully_connected/biases/Adam_1' type=VariableV2>, <tf.Operation 'root/root/rnn/o2o/fully_connected/weights/Adam' type=VariableV2>, <tf.Operation 'root/root/rnn/o2o/fully_connected/weights/Adam_1' type=VariableV2>, <tf.Operation 'root/root/rnn/o2o/fully_connected/biases/Adam' type=VariableV2>, <tf.Operation 'root/root/rnn/o2o/fully_connected/biases/Adam_1' type=VariableV2>, <tf.Operation 'root/Adam' type=NoOp>, <tf.Operation 'root/init' type=NoOp>, <tf.Operation 'save/restore_all' type=NoOp>, <tf.Operation 'save_1/restore_all' type=NoOp>, <tf.Operation 'save_2/restore_all' type=NoOp>, <tf.Operation 'save_3/restore_all' type=NoOp>, <tf.Operation 'save_4/restore_all' type=NoOp>, <tf.Operation 'save_5/restore_all' type=NoOp>, <tf.Operation 'save_6/restore_all' type=NoOp>, <tf.Operation 'save_7/restore_all' type=NoOp>, <tf.Operation 'save_8/restore_all' type=NoOp>, <tf.Operation 'save_9/restore_all' type=NoOp>, <tf.Operation 'save_10/restore_all' type=NoOp>, <tf.Operation 'save_11/restore_all' type=NoOp>, <tf.Operation 'save_12/restore_all' type=NoOp>, <tf.Operation 'save_13/restore_all' type=NoOp>, <tf.Operation 'save_14/restore_all' type=NoOp>, <tf.Operation 'save_15/restore_all' type=NoOp>, <tf.Operation 'save_16/restore_all' type=NoOp>, <tf.Operation 'save_17/restore_all' type=NoOp>, <tf.Operation 'save_18/restore_all' type=NoOp>, <tf.Operation 'save_19/restore_all' type=NoOp>, <tf.Operation 'save_20/restore_all' type=NoOp>, <tf.Operation 'save_21/restore_all' type=NoOp>, <tf.Operation 'save_22/restore_all' type=NoOp>, <tf.Operation 'save_23/restore_all' type=NoOp>, <tf.Operation 'save_24/restore_all' type=NoOp>, <tf.Operation 'save_25/restore_all' type=NoOp>, <tf.Operation 'save_26/restore_all' type=NoOp>, <tf.Operation 'save_27/restore_all' type=NoOp>, <tf.Operation 'save_28/restore_all' type=NoOp>, <tf.Operation 'save_29/restore_all' type=NoOp>, <tf.Operation 'save_30/restore_all' type=NoOp>]
INFO:__main__:Model outputs: [<tf.Operation 'save_28/SaveV2' type=SaveV2>, <tf.Operation 'save_28/control_dependency' type=Identity>, <tf.Operation 'root/gradients/root/rnn/while/Sigmoid_grad/SigmoidGrad/StackPushV2' type=StackPushV2>, <tf.Operation 'save_13/Assign_26' type=Assign>, <tf.Operation 'save_13/Assign_27' type=Assign>, <tf.Operation 'save_13/Assign_28' type=Assign>, <tf.Operation 'save_13/Assign_29' type=Assign>, <tf.Operation 'save_13/Assign_30' type=Assign>, <tf.Operation 'save_13/Assign_31' type=Assign>, <tf.Operation 'root/gradients/root/rnn/while/o2o/clip_by_value/Minimum_grad/Reshape_1' type=Reshape>, <tf.Operation 'save_10/Assign_28' type=Assign>, <tf.Operation 'save_10/Assign' type=Assign>, <tf.Operation 'save_10/Assign_1' type=Assign>, <tf.Operation 'save_10/Assign_4' type=Assign>, <tf.Operation 'save_10/Assign_2' type=Assign>, <tf.Operation 'save_10/restore_all' type=NoOp>, <tf.Operation 'save_10/Assign_3' type=Assign>, <tf.Operation 'save_10/Assign_16' type=Assign>, <tf.Operation 'root/gradients/root/rnn/while/addressing_head_0/mul_4_grad/Mul_1/StackPushV2' type=StackPushV2>, <tf.Operation 'root/gradients/root/rnn/while/add_1_grad/Reshape' type=Reshape>, <tf.Operation 'save_24/Assign_15' type=Assign>, <tf.Operation 'save_24/Assign_16' type=Assign>, <tf.Operation 'save_24/Assign_17' type=Assign>, <tf.Operation 'save_24/Assign_18' type=Assign>, <tf.Operation 'save_24/Assign_19' type=Assign>, <tf.Operation 'save_24/Assign_20' type=Assign>, <tf.Operation 'save_24/Assign_21' type=Assign>, <tf.Operation 'save_24/Assign_22' type=Assign>, <tf.Operation 'save_24/Assign_23' type=Assign>, <tf.Operation 'save_24/Assign_24' type=Assign>, <tf.Operation 'save_24/Assign_25' type=Assign>, <tf.Operation 'root/gradients/root/logistic_loss/Select_grad/Select_1' type=Select>, <tf.Operation 'root/gradients/root/rnn/while/mul_grad/BroadcastGradientArgs' type=BroadcastGradientArgs>, <tf.Operation 'save_17/Assign_10' type=Assign>, <tf.Operation 'save_6/Assign_21' type=Assign>, <tf.Operation 'root/gradients/root/rnn/while/addressing_head_0/mul_2_grad/Mul/StackPushV2' type=StackPushV2>, <tf.Operation 'save_17/Assign_11' type=Assign>, <tf.Operation 'save_6/Assign_22' type=Assign>, <tf.Operation 'save_17/Assign_12' type=Assign>, <tf.Operation 'save_6/Assign_23' type=Assign>, <tf.Operation 'save_17/Assign_13' type=Assign>, <tf.Operation 'save_6/Assign_24' type=Assign>, <tf.Operation 'root/root/rnn/o2p/fully_connected/biases/Adam/read' type=Identity>, <tf.Operation 'root/root/rnn/o2p/fully_connected/biases/Adam/Assign' type=Assign>, <tf.Operation 'save_17/Assign_14' type=Assign>, <tf.Operation 'save_6/Assign_25' type=Assign>, <tf.Operation 'save_17/Assign_15' type=Assign>, <tf.Operation 'save_6/Assign_26' type=Assign>, <tf.Operation 'root/gradients/root/rnn/while/controller/controller/multi_rnn_cell/cell_0/basic_lstm_cell/Mul_grad/Mul/StackPushV2' type=StackPushV2>, <tf.Operation 'save_17/Assign_16' type=Assign>, <tf.Operation 'save_6/Assign_27' type=Assign>, <tf.Operation 'root/gradients/root/rnn/while/addressing_head_1/truediv_1_grad/RealDiv/StackPushV2' type=StackPushV2>, <tf.Operation 'save_17/Assign_17' type=Assign>, <tf.Operation 'save_6/Assign_28' type=Assign>, <tf.Operation 'root/Adam/Assign' type=Assign>, <tf.Operation 'save_17/Assign_18' type=Assign>, <tf.Operation 'save_6/Assign_29' type=Assign>, <tf.Operation 'root/root/rnn/o2p/fully_connected/biases/Adam_1/read' type=Identity>, <tf.Operation 'root/root/rnn/o2p/fully_connected/biases/Adam_1/Assign' type=Assign>, <tf.Operation 'save_17/Assign_19' type=Assign>, <tf.Operation 'save_6/Assign_30' type=Assign>, <tf.Operation 'save_17/Assign_20' type=Assign>, <tf.Operation 'save_6/Assign_31' type=Assign>, <tf.Operation 'root/gradients/root/rnn/while/addressing_head_0/mul_2_grad/Mul_1/StackPushV2' type=StackPushV2>, <tf.Operation 'save_21/SaveV2' type=SaveV2>, <tf.Operation 'save_21/control_dependency' type=Identity>, <tf.Operation 'save_3/SaveV2' type=SaveV2>, <tf.Operation 'save_3/control_dependency' type=Identity>, <tf.Operation 'save_10/Assign_5' type=Assign>, <tf.Operation 'save_10/Assign_6' type=Assign>, <tf.Operation 'root/gradients/root/rnn/while/addressing_head_0/MatMul_grad/MatMul/StackPushV2' type=StackPushV2>, <tf.Operation 'save_28/Assign' type=Assign>, <tf.Operation 'save_10/Assign_7' type=Assign>, <tf.Operation 'save_28/Assign_1' type=Assign>, <tf.Operation 'save_10/Assign_8' type=Assign>, <tf.Operation 'save_28/Assign_2' type=Assign>, <tf.Operation 'save_10/Assign_9' type=Assign>, <tf.Operation 'save_28/Assign_3' type=Assign>, <tf.Operation 'save_10/Assign_10' type=Assign>, <tf.Operation 'save_28/Assign_4' type=Assign>, <tf.Operation 'save_10/Assign_11' type=Assign>, <tf.Operation 'save_28/Assign_5' type=Assign>, <tf.Operation 'save_10/Assign_12' type=Assign>, <tf.Operation 'save_28/Assign_6' type=Assign>, <tf.Operation 'save_10/Assign_13' type=Assign>, <tf.Operation 'save_28/Assign_7' type=Assign>, <tf.Operation 'save_10/Assign_14' type=Assign>, <tf.Operation 'save_28/Assign_10' type=Assign>, <tf.Operation 'save_28/Assign_8' type=Assign>, <tf.Operation 'save_10/Assign_15' type=Assign>, <tf.Operation 'save_28/restore_all' type=NoOp>, <tf.Operation 'save_28/Assign_9' type=Assign>, <tf.Operation 'save_28/Assign_22' type=Assign>, <tf.Operation 'root/gradients/root/rnn/while/controller/controller/multi_rnn_cell/cell_0/basic_lstm_cell/Mul_grad/Mul_1/StackPushV2' type=StackPushV2>, <tf.Operation 'root/root/rnn/o2o/fully_connected/weights/Adam/read' type=Identity>, <tf.Operation 'root/root/rnn/o2o/fully_connected/weights/Adam/Assign' type=Assign>, <tf.Operation 'root/root/rnn/o2o/fully_connected/weights/Adam_1/read' type=Identity>, <tf.Operation 'root/root/rnn/o2o/fully_connected/weights/Adam_1/Assign' type=Assign>, <tf.Operation 'root/gradients/root/rnn/while/controller/controller/multi_rnn_cell/cell_0/basic_lstm_cell/Mul_1_grad/Mul/StackPushV2' type=StackPushV2>, <tf.Operation 'root/Adam' type=NoOp>, <tf.Operation 'root/root/rnn/o2o/fully_connected/biases/Adam/read' type=Identity>, <tf.Operation 'root/root/rnn/o2o/fully_connected/biases/Adam/Assign' type=Assign>, <tf.Operation 'save_24/Assign_27' type=Assign>, <tf.Operation 'save_24/Assign_28' type=Assign>, <tf.Operation 'save_24/Assign_29' type=Assign>, <tf.Operation 'root/gradients/root/logistic_loss/mul_grad/Reshape_1' type=Reshape>, <tf.Operation 'save_24/Assign_30' type=Assign>, <tf.Operation 'save_24/Assign_31' type=Assign>, <tf.Operation 'root/gradients/root/rnn/while/addressing_head_1/truediv_1_grad/Neg/StackPushV2' type=StackPushV2>, <tf.Operation 'save_17/Assign_22' type=Assign>, <tf.Operation 'save_3/restore_all' type=NoOp>, <tf.Operation 'save_3/Assign' type=Assign>, <tf.Operation 'save_17/Assign_23' type=Assign>, <tf.Operation 'save_3/Assign_1' type=Assign>, <tf.Operation 'save_17/Assign_24' type=Assign>, <tf.Operation 'save_3/Assign_2' type=Assign>, <tf.Operation 'save_17/Assign_25' type=Assign>, <tf.Operation 'save_3/Assign_3' type=Assign>, <tf.Operation 'save_17/Assign_26' type=Assign>, <tf.Operation 'save_3/Assign_4' type=Assign>, <tf.Operation 'save_17/Assign_27' type=Assign>, <tf.Operation 'save_3/Assign_5' type=Assign>, <tf.Operation 'save_17/Assign_28' type=Assign>, <tf.Operation 'save_3/Assign_6' type=Assign>, <tf.Operation 'save_17/Assign_29' type=Assign>, <tf.Operation 'save_3/Assign_7' type=Assign>, <tf.Operation 'save_17/Assign_30' type=Assign>, <tf.Operation 'save_3/Assign_8' type=Assign>, <tf.Operation 'save_17/Assign_31' type=Assign>, <tf.Operation 'save_3/Assign_11' type=Assign>, <tf.Operation 'save_3/Assign_9' type=Assign>, <tf.Operation 'root/gradients/root/rnn/while/mul_grad/Mul_1/StackPushV2' type=StackPushV2>, <tf.Operation 'save_3/Assign_10' type=Assign>, <tf.Operation 'save_3/Assign_23' type=Assign>, <tf.Operation 'save_21/Assign_29' type=Assign>, <tf.Operation 'save_14/SaveV2' type=SaveV2>, <tf.Operation 'save_14/control_dependency' type=Identity>, <tf.Operation 'save_21/restore_all' type=NoOp>, <tf.Operation 'save_21/Assign' type=Assign>, <tf.Operation 'save_21/Assign_1' type=Assign>, <tf.Operation 'root/gradients/root/rnn/while/addressing_head_0/mul_3_grad/Mul/StackPushV2' type=StackPushV2>, <tf.Operation 'save_21/Assign_2' type=Assign>, <tf.Operation 'save_21/Assign_5' type=Assign>, <tf.Operation 'save_21/Assign_3' type=Assign>, <tf.Operation 'save_21/Assign_4' type=Assign>, <tf.Operation 'save_14/Assign_24' type=Assign>, <tf.Operation 'save_21/Assign_17' type=Assign>, <tf.Operation 'save_14/Assign' type=Assign>, <tf.Operation 'save_14/restore_all' type=NoOp>, <tf.Operation 'save_14/Assign_12' type=Assign>, <tf.Operation 'root/gradients/root/rnn/while/addressing_head_0/mul_3_grad/Mul_1/StackPushV2' type=StackPushV2>, <tf.Operation 'save_10/Assign_17' type=Assign>, <tf.Operation 'save_10/Assign_18' type=Assign>, <tf.Operation 'save_10/Assign_19' type=Assign>, <tf.Operation 'save_10/Assign_20' type=Assign>, <tf.Operation 'root/Adam/update_root/rnn/init/fully_connected/weights/ApplyAdam' type=ApplyAdam>, <tf.Operation 'save_10/Assign_21' type=Assign>, <tf.Operation 'root/root/rnn/o2o/fully_connected/biases/Adam_1/read' type=Identity>, <tf.Operation 'root/root/rnn/o2o/fully_connected/biases/Adam_1/Assign' type=Assign>, <tf.Operation 'save_10/Assign_22' type=Assign>, <tf.Operation 'save_10/Assign_23' type=Assign>, <tf.Operation 'save_10/Assign_24' type=Assign>, <tf.Operation 'root/Adam/update_root/rnn/init/fully_connected_1/weights/ApplyAdam' type=ApplyAdam>, <tf.Operation 'save_10/Assign_25' type=Assign>, <tf.Operation 'root/Adam/update_root/rnn/init/fully_connected_2/weights/ApplyAdam' type=ApplyAdam>, <tf.Operation 'save_10/Assign_26' type=Assign>, <tf.Operation 'save_10/Assign_27' type=Assign>, <tf.Operation 'root/Adam/update_root/rnn/init/fully_connected_3/weights/ApplyAdam' type=ApplyAdam>, <tf.Operation 'root/Adam/update_root/rnn/controller/multi_rnn_cell/cell_0/basic_lstm_cell/kernel/ApplyAdam' type=ApplyAdam>, <tf.Operation 'save_28/Assign_11' type=Assign>, <tf.Operation 'save_28/Assign_12' type=Assign>, <tf.Operation 'save_28/Assign_13' type=Assign>, <tf.Operation 'save_28/Assign_14' type=Assign>, <tf.Operation 'save_28/Assign_15' type=Assign>, <tf.Operation 'save_28/Assign_16' type=Assign>, <tf.Operation 'save_28/Assign_17' type=Assign>, <tf.Operation 'save_28/Assign_18' type=Assign>, <tf.Operation 'save_28/Assign_19' type=Assign>, <tf.Operation 'save_28/Assign_20' type=Assign>, <tf.Operation 'save_28/Assign_21' type=Assign>, <tf.Operation 'root/gradients/root/rnn/while/addressing_head_1/MatMul_grad/MatMul/StackPushV2' type=StackPushV2>, <tf.Operation 'save_21/Assign_6' type=Assign>, <tf.Operation 'save_3/Assign_12' type=Assign>, <tf.Operation 'save_21/Assign_7' type=Assign>, <tf.Operation 'save_3/Assign_13' type=Assign>, <tf.Operation 'save_21/Assign_8' type=Assign>, <tf.Operation 'save_3/Assign_14' type=Assign>, <tf.Operation 'save_21/Assign_9' type=Assign>, <tf.Operation 'save_3/Assign_15' type=Assign>, <tf.Operation 'save_21/Assign_10' type=Assign>, <tf.Operation 'save_3/Assign_16' type=Assign>, <tf.Operation 'root/gradients/root/rnn/while/addressing_head_1/Pow_grad/BroadcastGradientArgs' type=BroadcastGradientArgs>, <tf.Operation 'save_21/Assign_11' type=Assign>, <tf.Operation 'save_3/Assign_17' type=Assign>, <tf.Operation 'save_21/Assign_12' type=Assign>, <tf.Operation 'save_3/Assign_18' type=Assign>, <tf.Operation 'save_21/Assign_13' type=Assign>, <tf.Operation 'save_3/Assign_19' type=Assign>, <tf.Operation 'save_21/Assign_14' type=Assign>, <tf.Operation 'save_3/Assign_20' type=Assign>, <tf.Operation 'save_21/Assign_15' type=Assign>, <tf.Operation 'save_3/Assign_21' type=Assign>, <tf.Operation 'save_21/Assign_16' type=Assign>, <tf.Operation 'save_3/Assign_22' type=Assign>, <tf.Operation 'root/gradients/root/rnn/while/addressing_head_0/add_grad/Reshape' type=Reshape>, <tf.Operation 'root/gradients/root/rnn/while/addressing_head_1/sub_grad/BroadcastGradientArgs' type=BroadcastGradientArgs>, <tf.Operation 'save_7/SaveV2' type=SaveV2>, <tf.Operation 'root/gradients/root/rnn/while/addressing_head_1/sub_grad/Reshape' type=Reshape>, <tf.Operation 'save_7/control_dependency' type=Identity>, <tf.Operation 'save_28/Assign_23' type=Assign>, <tf.Operation 'save_28/Assign_24' type=Assign>, <tf.Operation 'save_28/Assign_25' type=Assign>, <tf.Operation 'save_28/Assign_26' type=Assign>, <tf.Operation 'save_28/Assign_27' type=Assign>, <tf.Operation 'save_28/Assign_28' type=Assign>, <tf.Operation 'save_28/Assign_29' type=Assign>, <tf.Operation 'save_28/Assign_30' type=Assign>, <tf.Operation 'save_28/Assign_31' type=Assign>, <tf.Operation 'root/Adam/update_root/rnn/controller/multi_rnn_cell/cell_0/basic_lstm_cell/bias/ApplyAdam' type=ApplyAdam>, <tf.Operation 'save_10/Assign_29' type=Assign>, <tf.Operation 'save_10/Assign_30' type=Assign>, <tf.Operation 'root/Adam/update_root/rnn/o2p/fully_connected/weights/ApplyAdam' type=ApplyAdam>, <tf.Operation 'save_10/Assign_31' type=Assign>, <tf.Operation 'root/Adam/update_root/rnn/o2p/fully_connected/biases/ApplyAdam' type=ApplyAdam>, <tf.Operation 'root/gradients/root/rnn/while/controller/controller/multi_rnn_cell/cell_0/basic_lstm_cell/Mul_1_grad/Mul_1/StackPushV2' type=StackPushV2>, <tf.Operation 'root/Adam/update_root/rnn/o2o/fully_connected/weights/ApplyAdam' type=ApplyAdam>, <tf.Operation 'root/Adam/update_root/rnn/o2o/fully_connected/biases/ApplyAdam' type=ApplyAdam>, <tf.Operation 'root/Adam/Assign_1' type=Assign>, <tf.Operation 'save_14/Assign_1' type=Assign>, <tf.Operation 'save_25/SaveV2' type=SaveV2>, <tf.Operation 'save_14/Assign_2' type=Assign>, <tf.Operation 'save_25/control_dependency' type=Identity>, <tf.Operation 'save_14/Assign_3' type=Assign>, <tf.Operation 'save_14/Assign_4' type=Assign>, <tf.Operation 'save_25/Assign_25' type=Assign>, <tf.Operation 'save_14/Assign_5' type=Assign>, <tf.Operation 'save_14/Assign_6' type=Assign>, <tf.Operation 'save_14/Assign_7' type=Assign>, <tf.Operation 'save_14/Assign_8' type=Assign>, <tf.Operation 'save_14/Assign_9' type=Assign>, <tf.Operation 'save_14/Assign_10' type=Assign>, <tf.Operation 'save_14/Assign_11' type=Assign>, <tf.Operation 'save_25/restore_all' type=NoOp>, <tf.Operation 'save_25/Assign_1' type=Assign>, <tf.Operation 'save_25/Assign' type=Assign>, <tf.Operation 'save_25/Assign_13' type=Assign>, <tf.Operation 'save_7/Assign_31' type=Assign>, <tf.Operation 'save_7/Assign' type=Assign>, <tf.Operation 'save_7/Assign_1' type=Assign>, <tf.Operation 'save_7/Assign_2' type=Assign>, <tf.Operation 'save_7/Assign_3' type=Assign>, <tf.Operation 'save_7/Assign_4' type=Assign>, <tf.Operation 'save_7/Assign_7' type=Assign>, <tf.Operation 'save_7/Assign_5' type=Assign>, <tf.Operation 'save_7/Assign_6' type=Assign>, <tf.Operation 'save_7/Assign_19' type=Assign>, <tf.Operation 'save_21/Assign_18' type=Assign>, <tf.Operation 'save_21/Assign_19' type=Assign>, <tf.Operation 'save_21/Assign_20' type=Assign>, <tf.Operation 'save_21/Assign_21' type=Assign>, <tf.Operation 'save_21/Assign_22' type=Assign>, <tf.Operation 'save_21/Assign_23' type=Assign>, <tf.Operation 'save_21/Assign_24' type=Assign>, <tf.Operation 'save_21/Assign_25' type=Assign>, <tf.Operation 'save_21/Assign_26' type=Assign>, <tf.Operation 'save_21/Assign_27' type=Assign>, <tf.Operation 'root/rnn/init/fully_connected_2/weights/Assign' type=Assign>, <tf.Operation 'save_21/Assign_28' type=Assign>, <tf.Operation 'save_3/Assign_24' type=Assign>, <tf.Operation 'root/gradients/root/rnn/while/addressing_head_1/Pow_grad/mul/StackPushV2' type=StackPushV2>, <tf.Operation 'save_3/Assign_25' type=Assign>, <tf.Operation 'root/gradients/root/rnn/while/controller/controller/multi_rnn_cell/cell_0/basic_lstm_cell/Add_grad/BroadcastGradientArgs' type=BroadcastGradientArgs>, <tf.Operation 'save_3/Assign_26' type=Assign>, <tf.Operation 'save_3/Assign_27' type=Assign>, <tf.Operation 'save_3/Assign_28' type=Assign>, <tf.Operation 'save_3/Assign_29' type=Assign>, <tf.Operation 'save_3/Assign_30' type=Assign>, <tf.Operation 'root/gradients/root/rnn/while/controller/controller/multi_rnn_cell/cell_0/basic_lstm_cell/Add_grad/Reshape' type=Reshape>, <tf.Operation 'save_3/Assign_31' type=Assign>, <tf.Operation 'root/gradients/root/rnn/while/addressing_head_1/Pow_grad/Pow/StackPushV2' type=StackPushV2>, <tf.Operation 'root/gradients/root/rnn/while/Softplus_3_grad/Sigmoid/StackPushV2' type=StackPushV2>, <tf.Operation 'save_14/Assign_13' type=Assign>, <tf.Operation 'save_14/Assign_14' type=Assign>, <tf.Operation 'save_14/Assign_15' type=Assign>, <tf.Operation 'save_14/Assign_16' type=Assign>, <tf.Operation 'root/gradients/root/rnn/while/addressing_head_0/mul_grad/Mul/StackPushV2' type=StackPushV2>, <tf.Operation 'save_14/Assign_17' type=Assign>, <tf.Operation 'save_14/Assign_18' type=Assign>, <tf.Operation 'save_18/SaveV2' type=SaveV2>, <tf.Operation 'save_14/Assign_19' type=Assign>, <tf.Operation 'save_18/control_dependency' type=Identity>, <tf.Operation 'save_14/Assign_20' type=Assign>, <tf.Operation 'save_14/Assign_21' type=Assign>, <tf.Operation 'save_14/Assign_22' type=Assign>, <tf.Operation 'save_14/Assign_23' type=Assign>, <tf.Operation 'root/gradients/root/rnn/while/addressing_head_0/mul_grad/Mul_1/StackPushV2' type=StackPushV2>, <tf.Operation 'save_25/Assign_2' type=Assign>, <tf.Operation 'save_25/Assign_3' type=Assign>, <tf.Operation 'save_25/Assign_4' type=Assign>, <tf.Operation 'save_25/Assign_5' type=Assign>, <tf.Operation 'save_25/Assign_6' type=Assign>, <tf.Operation 'save_25/Assign_7' type=Assign>, <tf.Operation 'save_25/Assign_8' type=Assign>, <tf.Operation 'save_25/Assign_9' type=Assign>, <tf.Operation 'save_25/Assign_10' type=Assign>, <tf.Operation 'save_25/Assign_11' type=Assign>, <tf.Operation 'save_25/Assign_12' type=Assign>, <tf.Operation 'save_21/Assign_30' type=Assign>, <tf.Operation 'save_21/Assign_31' type=Assign>, <tf.Operation 'save_18/Assign' type=Assign>, <tf.Operation 'save_18/Assign_1' type=Assign>, <tf.Operation 'save_18/Assign_2' type=Assign>, <tf.Operation 'save_18/Assign_3' type=Assign>, <tf.Operation 'save_18/Assign_4' type=Assign>, <tf.Operation 'root/gradients/root/rnn/while/addressing_head_1/add_grad/BroadcastGradientArgs' type=BroadcastGradientArgs>, <tf.Operation 'save_18/Assign_5' type=Assign>, <tf.Operation 'save_18/Assign_8' type=Assign>, <tf.Operation 'save_18/Assign_6' type=Assign>, <tf.Operation 'save_18/restore_all' type=NoOp>, <tf.Operation 'save_18/Assign_7' type=Assign>, <tf.Operation 'save_18/Assign_20' type=Assign>, <tf.Operation 'root/rnn/Const_2' type=Const>, <tf.Operation 'save_11/SaveV2' type=SaveV2>, <tf.Operation 'save_11/control_dependency' type=Identity>, <tf.Operation 'save_7/Assign_8' type=Assign>, <tf.Operation 'save_7/Assign_9' type=Assign>, <tf.Operation 'save_7/Assign_10' type=Assign>, <tf.Operation 'save_7/Assign_11' type=Assign>, <tf.Operation 'save_7/Assign_12' type=Assign>, <tf.Operation 'save_7/Assign_13' type=Assign>, <tf.Operation 'save_7/Assign_14' type=Assign>, <tf.Operation 'root/gradients/root/rnn/while/controller/controller/multi_rnn_cell/cell_0/basic_lstm_cell/MatMul_grad/MatMul_1/StackPushV2' type=StackPushV2>, <tf.Operation 'save_7/Assign_15' type=Assign>, <tf.Operation 'save_7/Assign_16' type=Assign>, <tf.Operation 'save_7/Assign_17' type=Assign>, <tf.Operation 'save_7/Assign_18' type=Assign>, <tf.Operation 'root/gradients/root/rnn/while/addressing_head_0/Pow_grad/mul/StackPushV2' type=StackPushV2>, <tf.Operation 'save_25/Assign_14' type=Assign>, <tf.Operation 'save_25/Assign_15' type=Assign>, <tf.Operation 'root/gradients/root/rnn/while/addressing_head_1/add_grad/Reshape' type=Reshape>, <tf.Operation 'save_25/Assign_16' type=Assign>, <tf.Operation 'save_25/Assign_17' type=Assign>, <tf.Operation 'save_25/Assign_18' type=Assign>, <tf.Operation 'save_25/Assign_19' type=Assign>, <tf.Operation 'save_25/Assign_20' type=Assign>, <tf.Operation 'save_25/Assign_21' type=Assign>, <tf.Operation 'save_25/Assign_22' type=Assign>, <tf.Operation 'root/gradients/root/rnn/while/MatMul_grad/MatMul/StackPushV2' type=StackPushV2>, <tf.Operation 'save_25/Assign_23' type=Assign>, <tf.Operation 'root/gradients/root/rnn/while/addressing_head_0/mul_1_grad/Mul/StackPushV2' type=StackPushV2>, <tf.Operation 'save_25/Assign_24' type=Assign>, <tf.Operation 'save_14/Assign_25' type=Assign>, <tf.Operation 'save_14/Assign_26' type=Assign>, <tf.Operation 'save_11/Assign_27' type=Assign>, <tf.Operation 'save_14/Assign_27' type=Assign>, <tf.Operation 'save_14/Assign_28' type=Assign>, <tf.Operation 'save_14/Assign_29' type=Assign>, <tf.Operation 'save_29/SaveV2' type=SaveV2>, <tf.Operation 'save_14/Assign_30' type=Assign>, <tf.Operation 'save_29/control_dependency' type=Identity>, <tf.Operation 'save_14/Assign_31' type=Assign>, <tf.Operation 'save_11/restore_all' type=NoOp>, <tf.Operation 'save_11/Assign' type=Assign>, <tf.Operation 'save_11/Assign_3' type=Assign>, <tf.Operation 'save_11/Assign_1' type=Assign>, <tf.Operation 'save_11/Assign_2' type=Assign>, <tf.Operation 'save_11/Assign_15' type=Assign>, <tf.Operation 'save_7/Assign_20' type=Assign>, <tf.Operation 'save_7/Assign_21' type=Assign>, <tf.Operation 'save_7/Assign_22' type=Assign>, <tf.Operation 'save_4/SaveV2' type=SaveV2>, <tf.Operation 'save_7/Assign_23' type=Assign>, <tf.Operation 'save_7/Assign_24' type=Assign>, <tf.Operation 'save_4/control_dependency' type=Identity>, <tf.Operation 'save_7/Assign_25' type=Assign>, <tf.Operation 'save_7/Assign_26' type=Assign>, <tf.Operation 'save_7/Assign_27' type=Assign>, <tf.Operation 'save_7/Assign_28' type=Assign>, <tf.Operation 'save_7/Assign_29' type=Assign>, <tf.Operation 'save_7/Assign_30' type=Assign>, <tf.Operation 'save_7/restore_all' type=NoOp>, <tf.Operation 'root/gradients/root/rnn/while/addressing_head_0/Pow_grad/Pow/StackPushV2' type=StackPushV2>, <tf.Operation 'save_18/Assign_9' type=Assign>, <tf.Operation 'save_18/Assign_10' type=Assign>, <tf.Operation 'save_18/Assign_11' type=Assign>, <tf.Operation 'save_18/Assign_12' type=Assign>, <tf.Operation 'save_18/Assign_13' type=Assign>, <tf.Operation 'save_18/Assign_14' type=Assign>, <tf.Operation 'root/gradients/root/rnn/while/Tanh_1_grad/TanhGrad/StackPushV2' type=StackPushV2>, <tf.Operation 'save_18/Assign_15' type=Assign>, <tf.Operation 'save_18/Assign_16' type=Assign>, <tf.Operation 'save_18/Assign_17' type=Assign>, <tf.Operation 'save_18/Assign_18' type=Assign>, <tf.Operation 'save_22/SaveV2' type=SaveV2>, <tf.Operation 'save_18/Assign_19' type=Assign>, <tf.Operation 'save_22/control_dependency' type=Identity>, <tf.Operation 'save_29/restore_all' type=NoOp>, <tf.Operation 'save_29/Assign' type=Assign>, <tf.Operation 'save_29/Assign_1' type=Assign>, <tf.Operation 'save_29/Assign_2' type=Assign>, <tf.Operation 'save_29/Assign_3' type=Assign>, <tf.Operation 'save_29/Assign_4' type=Assign>, <tf.Operation 'save_29/Assign_5' type=Assign>, <tf.Operation 'save_29/Assign_6' type=Assign>, <tf.Operation 'save_29/Assign_9' type=Assign>, <tf.Operation 'save_29/Assign_7' type=Assign>, <tf.Operation 'save_29/Assign_8' type=Assign>, <tf.Operation 'save_29/Assign_21' type=Assign>, <tf.Operation 'save_25/Assign_26' type=Assign>, <tf.Operation 'save_25/Assign_27' type=Assign>, <tf.Operation 'save_25/Assign_28' type=Assign>, <tf.Operation 'save_25/Assign_29' type=Assign>, <tf.Operation 'save_25/Assign_30' type=Assign>, <tf.Operation 'save_25/Assign_31' type=Assign>, <tf.Operation 'root/gradients/root/rnn/while/addressing_head_1/Sum_3_grad/DynamicStitch' type=DynamicStitch>, <tf.Operation 'root/gradients/root/rnn/while/addressing_head_0/mul_1_grad/Mul_1/StackPushV2' type=StackPushV2>, <tf.Operation 'save_11/Assign_4' type=Assign>, <tf.Operation 'save_18/Assign_21' type=Assign>, <tf.Operation 'save_11/Assign_5' type=Assign>, <tf.Operation 'save_18/Assign_22' type=Assign>, <tf.Operation 'save_4/Assign' type=Assign>, <tf.Operation 'save_11/Assign_6' type=Assign>, <tf.Operation 'save_18/Assign_23' type=Assign>, <tf.Operation 'save_4/Assign_1' type=Assign>, <tf.Operation 'save_11/Assign_7' type=Assign>, <tf.Operation 'save_18/Assign_24' type=Assign>, <tf.Operation 'save_4/Assign_2' type=Assign>, <tf.Operation 'save_11/Assign_8' type=Assign>, <tf.Operation 'save_18/Assign_25' type=Assign>, <tf.Operation 'save_4/Assign_3' type=Assign>, <tf.Operation 'save_11/Assign_9' type=Assign>, <tf.Operation 'save_18/Assign_26' type=Assign>, <tf.Operation 'save_4/Assign_4' type=Assign>, <tf.Operation 'save_11/Assign_10' type=Assign>, <tf.Operation 'save_18/Assign_27' type=Assign>, <tf.Operation 'save_4/Assign_5' type=Assign>, <tf.Operation 'save_11/Assign_11' type=Assign>, <tf.Operation 'save_18/Assign_28' type=Assign>, <tf.Operation 'save_22/Assign_28' type=Assign>, <tf.Operation 'save_22/Assign' type=Assign>, <tf.Operation 'save_4/Assign_6' type=Assign>, <tf.Operation 'save_11/Assign_12' type=Assign>, <tf.Operation 'save_18/Assign_29' type=Assign>, <tf.Operation 'save_22/Assign_1' type=Assign>, <tf.Operation 'save_4/Assign_7' type=Assign>, <tf.Operation 'save_11/Assign_13' type=Assign>, <tf.Operation 'save_18/Assign_30' type=Assign>, <tf.Operation 'save_4/Assign_10' type=Assign>, <tf.Operation 'save_22/Assign_4' type=Assign>, <tf.Operation 'save_22/Assign_2' type=Assign>, <tf.Operation 'save_4/Assign_8' type=Assign>, <tf.Operation 'save_11/Assign_14' type=Assign>, <tf.Operation 'save_18/Assign_31' type=Assign>, <tf.Operation 'save_4/restore_all' type=NoOp>, <tf.Operation 'save_22/restore_all' type=NoOp>, <tf.Operation 'save_22/Assign_3' type=Assign>, <tf.Operation 'save_4/Assign_9' type=Assign>, <tf.Operation 'save_22/Assign_16' type=Assign>, <tf.Operation 'save_4/Assign_22' type=Assign>, <tf.Operation 'root/gradients/root/rnn/while/Tanh_2_grad/TanhGrad/StackPushV2' type=StackPushV2>, <tf.Operation 'save_15/SaveV2' type=SaveV2>, <tf.Operation 'root/gradients/root/rnn/while/Enter_2_grad/Exit' type=Exit>, <tf.Operation 'save_15/control_dependency' type=Identity>, <tf.Operation 'root/gradients/root/rnn/while/Enter_3_grad/Exit' type=Exit>, <tf.Operation 'root/gradients/root/rnn/while/Enter_4_grad/Exit' type=Exit>, <tf.Operation 'root/gradients/root/rnn/while/addressing_head_1/mul_1_grad/Mul/StackPushV2' type=StackPushV2>, <tf.Operation 'save_11/Assign_16' type=Assign>, <tf.Operation 'save_29/Assign_10' type=Assign>, <tf.Operation 'save_11/Assign_17' type=Assign>, <tf.Operation 'save_29/Assign_11' type=Assign>, <tf.Operation 'save_11/Assign_18' type=Assign>, <tf.Operation 'save_29/Assign_12' type=Assign>, <tf.Operation 'save_11/Assign_19' type=Assign>, <tf.Operation 'save_29/Assign_13' type=Assign>, <tf.Operation 'save_11/Assign_20' type=Assign>, <tf.Operation 'save_29/Assign_14' type=Assign>, <tf.Operation 'save_11/Assign_21' type=Assign>, <tf.Operation 'save_29/Assign_15' type=Assign>, <tf.Operation 'save_11/Assign_22' type=Assign>, <tf.Operation 'save_29/Assign_16' type=Assign>, <tf.Operation 'root/gradients/root/rnn/while/addressing_head_1/Sum_3_grad/floordiv' type=FloorDiv>, <tf.Operation 'save_11/Assign_23' type=Assign>, <tf.Operation 'save_29/Assign_17' type=Assign>, <tf.Operation 'save_11/Assign_24' type=Assign>, <tf.Operation 'save_29/Assign_18' type=Assign>, <tf.Operation 'save_11/Assign_25' type=Assign>, <tf.Operation 'save_29/Assign_19' type=Assign>, <tf.Operation 'save_11/Assign_26' type=Assign>, <tf.Operation 'save_29/Assign_20' type=Assign>, <tf.Operation 'root/gradients/root/rnn/while/Softmax_grad/mul/StackPushV2' type=StackPushV2>, <tf.Operation 'save_22/Assign_5' type=Assign>, <tf.Operation 'save_22/Assign_6' type=Assign>, <tf.Operation 'save_22/Assign_7' type=Assign>, <tf.Operation 'save_22/Assign_8' type=Assign>, <tf.Operation 'save_22/Assign_9' type=Assign>, <tf.Operation 'save_22/Assign_10' type=Assign>, <tf.Operation 'save_22/Assign_11' type=Assign>, <tf.Operation 'save_22/Assign_12' type=Assign>, <tf.Operation 'save_22/Assign_13' type=Assign>, <tf.Operation 'save_22/Assign_14' type=Assign>, <tf.Operation 'save_22/Assign_15' type=Assign>, <tf.Operation 'root/rnn/o2o/fully_connected/weights/Assign' type=Assign>, <tf.Operation 'root/rnn/o2o/fully_connected/biases/Assign' type=Assign>, <tf.Operation 'save_4/Assign_11' type=Assign>, <tf.Operation 'save_4/Assign_12' type=Assign>, <tf.Operation 'save_4/Assign_13' type=Assign>, <tf.Operation 'save_4/Assign_14' type=Assign>, <tf.Operation 'save_4/Assign_15' type=Assign>, <tf.Operation 'save_4/Assign_16' type=Assign>, <tf.Operation 'save_4/Assign_17' type=Assign>, <tf.Operation 'save_4/Assign_18' type=Assign>, <tf.Operation 'save_4/Assign_19' type=Assign>, <tf.Operation 'save_4/Assign_20' type=Assign>, <tf.Operation 'save_4/Assign_21' type=Assign>, <tf.Operation 'save_8/SaveV2' type=SaveV2>, <tf.Operation 'save_8/control_dependency' type=Identity>, <tf.Operation 'root/gradients/root/rnn/while/TensorArrayWrite/TensorArrayWriteV3_grad/TensorArrayReadV3/StackPushV2' type=StackPushV2>, <tf.Operation 'save_15/restore_all' type=NoOp>, <tf.Operation 'save_15/Assign' type=Assign>, <tf.Operation 'save_26/SaveV2' type=SaveV2>, <tf.Operation 'save_15/Assign_1' type=Assign>, <tf.Operation 'save_15/Assign_2' type=Assign>, <tf.Operation 'save_26/control_dependency' type=Identity>, <tf.Operation 'save_15/Assign_3' type=Assign>, <tf.Operation 'save_15/Assign_4' type=Assign>, <tf.Operation 'save_15/Assign_5' type=Assign>, <tf.Operation 'root/gradients/root/rnn/while/addressing_head_1/mul_1_grad/Mul_1/StackPushV2' type=StackPushV2>, <tf.Operation 'save_15/Assign_6' type=Assign>, <tf.Operation 'root/gradients/root/rnn/while/concat_grad/Slice' type=Slice>, <tf.Operation 'save_15/Assign_7' type=Assign>, <tf.Operation 'save_15/Assign_8' type=Assign>, <tf.Operation 'save_15/Assign_11' type=Assign>, <tf.Operation 'save_15/Assign_9' type=Assign>, <tf.Operation 'save_15/Assign_10' type=Assign>, <tf.Operation 'save_15/Assign_23' type=Assign>, <tf.Operation 'save_26/Assign_24' type=Assign>, <tf.Operation 'save_26/Assign' type=Assign>, <tf.Operation 'save_26/restore_all' type=NoOp>, <tf.Operation 'save_26/Assign_12' type=Assign>, <tf.Operation 'save_11/Assign_28' type=Assign>, <tf.Operation 'save_29/Assign_22' type=Assign>, <tf.Operation 'save_11/Assign_29' type=Assign>, <tf.Operation 'save_29/Assign_23' type=Assign>, <tf.Operation 'save_11/Assign_30' type=Assign>, <tf.Operation 'save_29/Assign_24' type=Assign>, <tf.Operation 'save_11/Assign_31' type=Assign>, <tf.Operation 'save_29/Assign_25' type=Assign>, <tf.Operation 'save_29/Assign_26' type=Assign>, <tf.Operation 'save_29/Assign_27' type=Assign>, <tf.Operation 'save_29/Assign_28' type=Assign>, <tf.Operation 'save_29/Assign_29' type=Assign>, <tf.Operation 'save_29/Assign_30' type=Assign>, <tf.Operation 'save_29/Assign_31' type=Assign>, <tf.Operation 'save/SaveV2' type=SaveV2>, <tf.Operation 'root/rnn/init/fully_connected/weights/Assign' type=Assign>, <tf.Operation 'save/control_dependency' type=Identity>, <tf.Operation 'save_22/Assign_17' type=Assign>, <tf.Operation 'save_22/Assign_18' type=Assign>, <tf.Operation 'save_22/Assign_19' type=Assign>, <tf.Operation 'save_22/Assign_20' type=Assign>, <tf.Operation 'save_22/Assign_21' type=Assign>, <tf.Operation 'save_22/Assign_22' type=Assign>, <tf.Operation 'save_22/Assign_23' type=Assign>, <tf.Operation 'save_22/Assign_24' type=Assign>, <tf.Operation 'save_22/Assign_25' type=Assign>, <tf.Operation 'save_22/Assign_26' type=Assign>, <tf.Operation 'save_22/Assign_27' type=Assign>, <tf.Operation 'root/gradients/root/rnn/while/o2o/fully_connected/MatMul_grad/MatMul_1/StackPushV2' type=StackPushV2>, <tf.Operation 'root/gradients/root/rnn/while/addressing_head_1/mul_grad/BroadcastGradientArgs' type=BroadcastGradientArgs>, <tf.Operation 'save_4/Assign_23' type=Assign>, <tf.Operation 'save_4/Assign_24' type=Assign>, <tf.Operation 'save_4/Assign_25' type=Assign>, <tf.Operation 'root/rnn/init/MultiRNNCellZeroState/BasicLSTMCellZeroState/Const_3' type=Const>, <tf.Operation 'root/rnn/init/MultiRNNCellZeroState/BasicLSTMCellZeroState/Const_2' type=Const>, <tf.Operation 'save_4/Assign_26' type=Assign>, <tf.Operation 'save_4/Assign_27' type=Assign>, <tf.Operation 'save_4/Assign_28' type=Assign>, <tf.Operation 'save_8/Assign_30' type=Assign>, <tf.Operation 'save_8/Assign' type=Assign>, <tf.Operation 'save_4/Assign_29' type=Assign>, <tf.Operation 'save_8/Assign_1' type=Assign>, <tf.Operation 'save_4/Assign_30' type=Assign>, <tf.Operation 'save_8/Assign_2' type=Assign>, <tf.Operation 'save_4/Assign_31' type=Assign>, <tf.Operation 'root/rnn/init/MultiRNNCellZeroState/BasicLSTMCellZeroState/Const_7' type=Const>, <tf.Operation 'root/gradients/root/rnn/while/Tanh_grad/TanhGrad/StackPushV2' type=StackPushV2>, <tf.Operation 'save_8/Assign_3' type=Assign>, <tf.Operation 'save_8/Assign_6' type=Assign>, <tf.Operation 'root/rnn/init/MultiRNNCellZeroState/BasicLSTMCellZeroState/Const_6' type=Const>, <tf.Operation 'save_8/Assign_4' type=Assign>, <tf.Operation 'save_8/restore_all' type=NoOp>, <tf.Operation 'save_8/Assign_5' type=Assign>, <tf.Operation 'save_8/Assign_18' type=Assign>, <tf.Operation 'root/gradients/root/rnn/init/fully_connected/MatMul_grad/MatMul' type=MatMul>, <tf.Operation 'root/gradients/root/rnn/init/fully_connected_1/MatMul_grad/MatMul' type=MatMul>, <tf.Operation 'root/gradients/root/rnn/init/fully_connected_2/MatMul_grad/MatMul' type=MatMul>, <tf.Operation 'root/gradients/root/rnn/while/Softmax_1_grad/mul/StackPushV2' type=StackPushV2>, <tf.Operation 'save_19/SaveV2' type=SaveV2>, <tf.Operation 'save_19/control_dependency' type=Identity>, <tf.Operation 'root/gradients/root/rnn/while/addressing_head_1/mul_2_grad/BroadcastGradientArgs' type=BroadcastGradientArgs>, <tf.Operation 'save_26/Assign_1' type=Assign>, <tf.Operation 'save_26/Assign_2' type=Assign>, <tf.Operation 'save_26/Assign_3' type=Assign>, <tf.Operation 'save_26/Assign_4' type=Assign>, <tf.Operation 'save_26/Assign_5' type=Assign>, <tf.Operation 'root/gradients/root/rnn/while/addressing_head_1/mul_grad/Mul/StackPushV2' type=StackPushV2>, <tf.Operation 'save_26/Assign_6' type=Assign>, <tf.Operation 'save_26/Assign_7' type=Assign>, <tf.Operation 'save_26/Assign_8' type=Assign>, <tf.Operation 'save_26/Assign_9' type=Assign>, <tf.Operation 'save/Assign' type=Assign>, <tf.Operation 'save_26/Assign_10' type=Assign>, <tf.Operation 'save/Assign_3' type=Assign>, <tf.Operation 'save_26/Assign_11' type=Assign>, <tf.Operation 'save/Assign_1' type=Assign>, <tf.Operation 'root/gradients/root/rnn/while/addressing_head_1/mul_grad/Mul_1/StackPushV2' type=StackPushV2>, <tf.Operation 'save/Assign_2' type=Assign>, <tf.Operation 'save_15/Assign_12' type=Assign>, <tf.Operation 'save_15/Assign_13' type=Assign>, <tf.Operation 'save_15/Assign_14' type=Assign>, <tf.Operation 'save_15/Assign_15' type=Assign>, <tf.Operation 'save_15/Assign_16' type=Assign>, <tf.Operation 'save_15/Assign_17' type=Assign>, <tf.Operation 'save_15/Assign_18' type=Assign>, <tf.Operation 'save_15/Assign_19' type=Assign>, <tf.Operation 'save_15/Assign_20' type=Assign>, <tf.Operation 'save_15/Assign_21' type=Assign>, <tf.Operation 'save_15/Assign_22' type=Assign>, <tf.Operation 'save_22/Assign_29' type=Assign>, <tf.Operation 'save_22/Assign_30' type=Assign>, <tf.Operation 'root/gradients/root/rnn/while/addressing_head_0/truediv_2_grad/RealDiv/StackPushV2' type=StackPushV2>, <tf.Operation 'save_22/Assign_31' type=Assign>, <tf.Operation 'save_1/SaveV2' type=SaveV2>, <tf.Operation 'save_1/control_dependency' type=Identity>, <tf.Operation 'root/gradients/root/rnn/while/addressing_head_0/truediv_2_grad/Neg/StackPushV2' type=StackPushV2>, <tf.Operation 'save_8/Assign_7' type=Assign>, <tf.Operation 'root/gradients/root/rnn/while/TensorArrayWrite/TensorArrayWriteV3_grad/TensorArrayReadV3/b_sync' type=ControlTrigger>, <tf.Operation 'save_8/Assign_8' type=Assign>, <tf.Operation 'save_8/Assign_9' type=Assign>, <tf.Operation 'save_8/Assign_10' type=Assign>, <tf.Operation 'save_8/Assign_11' type=Assign>, <tf.Operation 'save_8/Assign_12' type=Assign>, <tf.Operation 'save_8/Assign_13' type=Assign>, <tf.Operation 'save_8/Assign_14' type=Assign>, <tf.Operation 'save_8/Assign_15' type=Assign>, <tf.Operation 'save_8/Assign_16' type=Assign>, <tf.Operation 'save_8/Assign_17' type=Assign>, <tf.Operation 'save_12/SaveV2' type=SaveV2>, <tf.Operation 'save_19/Assign_31' type=Assign>, <tf.Operation 'save_19/Assign' type=Assign>, <tf.Operation 'save_19/Assign_1' type=Assign>, <tf.Operation 'save_19/Assign_2' type=Assign>, <tf.Operation 'root/rnn/while/Exit' type=Exit>, <tf.Operation 'root/rnn/while/Exit_1' type=Exit>, <tf.Operation 'save_19/Assign_3' type=Assign>, <tf.Operation 'save_19/Assign_4' type=Assign>, <tf.Operation 'save_19/Assign_7' type=Assign>, <tf.Operation 'root/rnn/while/Exit_3' type=Exit>, <tf.Operation 'save_19/Assign_5' type=Assign>, <tf.Operation 'root/rnn/while/Exit_4' type=Exit>, <tf.Operation 'save_19/Assign_6' type=Assign>, <tf.Operation 'root/rnn/while/Exit_5' type=Exit>, <tf.Operation 'save_19/Assign_19' type=Assign>, <tf.Operation 'root/gradients/root/rnn/while/addressing_head_1/mul_2_grad/Mul/StackPushV2' type=StackPushV2>, <tf.Operation 'save_15/Assign_24' type=Assign>, <tf.Operation 'save_15/Assign_25' type=Assign>, <tf.Operation 'save_15/Assign_26' type=Assign>, <tf.Operation 'save_15/Assign_27' type=Assign>, <tf.Operation 'save_15/Assign_28' type=Assign>, <tf.Operation 'save_15/Assign_29' type=Assign>, <tf.Operation 'save_15/Assign_30' type=Assign>, <tf.Operation 'save_15/Assign_31' type=Assign>, <tf.Operation 'save_26/Assign_13' type=Assign>, <tf.Operation 'save/Assign_4' type=Assign>, <tf.Operation 'root/rnn/while/Exit_6' type=Exit>, <tf.Operation 'save_12/control_dependency' type=Identity>, <tf.Operation 'save_26/Assign_14' type=Assign>, <tf.Operation 'save/Assign_5' type=Assign>, <tf.Operation 'root/rnn/while/Exit_7' type=Exit>, <tf.Operation 'save_26/Assign_15' type=Assign>, <tf.Operation 'root/rnn/while/Exit_8' type=Exit>, <tf.Operation 'save/Assign_6' type=Assign>, <tf.Operation 'save_26/Assign_16' type=Assign>, <tf.Operation 'save/Assign_7' type=Assign>, <tf.Operation 'save_1/Assign' type=Assign>, <tf.Operation 'save_26/Assign_17' type=Assign>, <tf.Operation 'save/Assign_8' type=Assign>, <tf.Operation 'save_1/Assign_1' type=Assign>, <tf.Operation 'save_26/Assign_18' type=Assign>, <tf.Operation 'save/Assign_9' type=Assign>, <tf.Operation 'save_1/Assign_2' type=Assign>, <tf.Operation 'save_26/Assign_19' type=Assign>, <tf.Operation 'save/Assign_10' type=Assign>, <tf.Operation 'save_1/Assign_3' type=Assign>, <tf.Operation 'save_26/Assign_20' type=Assign>, <tf.Operation 'save/Assign_11' type=Assign>, <tf.Operation 'save_1/Assign_4' type=Assign>, <tf.Operation 'save_26/Assign_21' type=Assign>, <tf.Operation 'save_1/Assign_5' type=Assign>, <tf.Operation 'save_12/Assign_26' type=Assign>, <tf.Operation 'save_26/Assign_22' type=Assign>, <tf.Operation 'save/Assign_12' type=Assign>, <tf.Operation 'save_1/Assign_6' type=Assign>, <tf.Operation 'save_1/restore_all' type=NoOp>, <tf.Operation 'save_12/Assign' type=Assign>, <tf.Operation 'save_12/Assign_2' type=Assign>, <tf.Operation 'save_12/restore_all' type=NoOp>, <tf.Operation 'save_26/Assign_23' type=Assign>, <tf.Operation 'save_1/Assign_7' type=Assign>, <tf.Operation 'save/Assign_13' type=Assign>, <tf.Operation 'save_12/Assign_1' type=Assign>, <tf.Operation 'save_12/Assign_14' type=Assign>, <tf.Operation 'save_1/Assign_8' type=Assign>, <tf.Operation 'root/rnn/while/controller/controller/multi_rnn_cell/cell_0/basic_lstm_cell/Const_1' type=Const>, <tf.Operation 'save_8/Assign_19' type=Assign>, <tf.Operation 'save_8/Assign_20' type=Assign>, <tf.Operation 'save_8/Assign_21' type=Assign>, <tf.Operation 'save_8/Assign_22' type=Assign>, <tf.Operation 'save_5/SaveV2' type=SaveV2>, <tf.Operation 'save_8/Assign_23' type=Assign>, <tf.Operation 'save_30/SaveV2' type=SaveV2>, <tf.Operation 'save_8/Assign_24' type=Assign>, <tf.Operation 'save_5/control_dependency' type=Identity>, <tf.Operation 'save_8/Assign_25' type=Assign>, <tf.Operation 'save_30/control_dependency' type=Identity>, <tf.Operation 'save_8/Assign_26' type=Assign>, <tf.Operation 'save_8/Assign_27' type=Assign>, <tf.Operation 'root/gradients/root/rnn/while/addressing_head_1/mul_4_grad/BroadcastGradientArgs' type=BroadcastGradientArgs>, <tf.Operation 'save_8/Assign_28' type=Assign>, <tf.Operation 'save_8/Assign_29' type=Assign>, <tf.Operation 'root/gradients/root/rnn/while/o2o/clip_by_value_grad/GreaterEqual/StackPushV2' type=StackPushV2>, <tf.Operation 'save_23/SaveV2' type=SaveV2>, <tf.Operation 'save_23/control_dependency' type=Identity>, <tf.Operation 'save_19/Assign_8' type=Assign>, <tf.Operation 'save_19/Assign_9' type=Assign>, <tf.Operation 'save_19/Assign_10' type=Assign>, <tf.Operation 'save_19/Assign_11' type=Assign>, <tf.Operation 'save_19/Assign_12' type=Assign>, <tf.Operation 'save_19/Assign_13' type=Assign>, <tf.Operation 'save_19/Assign_14' type=Assign>, <tf.Operation 'save_19/Assign_15' type=Assign>, <tf.Operation 'save_19/Assign_16' type=Assign>, <tf.Operation 'save_19/Assign_17' type=Assign>, <tf.Operation 'save_19/Assign_18' type=Assign>, <tf.Operation 'root/gradients/root/rnn/while/addressing_head_0/truediv_1_grad/RealDiv/StackPushV2' type=StackPushV2>, <tf.Operation 'root/gradients/root/rnn/while/o2p/clip_by_value_grad/GreaterEqual/StackPushV2' type=StackPushV2>, <tf.Operation 'root/gradients/root/rnn/while/addressing_head_0/truediv_1_grad/Neg/StackPushV2' type=StackPushV2>, <tf.Operation 'save/Assign_14' type=Assign>, <tf.Operation 'save/Assign_15' type=Assign>, <tf.Operation 'save/Assign_16' type=Assign>, <tf.Operation 'save_30/Assign' type=Assign>, <tf.Operation 'save/Assign_17' type=Assign>, <tf.Operation 'save_30/Assign_1' type=Assign>, <tf.Operation 'save_30/Assign_2' type=Assign>, <tf.Operation 'save/Assign_18' type=Assign>, <tf.Operation 'save_30/Assign_3' type=Assign>, <tf.Operation 'save/Assign_19' type=Assign>, <tf.Operation 'save_30/Assign_4' type=Assign>, <tf.Operation 'root/gradients/root/rnn/while/addressing_head_1/mul_2_grad/Mul_1/StackPushV2' type=StackPushV2>, <tf.Operation 'save_30/Assign_5' type=Assign>, <tf.Operation 'save_30/Assign_8' type=Assign>, <tf.Operation 'save/Assign_20' type=Assign>, <tf.Operation 'root/rnn/init/fully_connected_3/weights/Assign' type=Assign>, <tf.Operation 'save_30/Assign_6' type=Assign>, <tf.Operation 'save_30/restore_all' type=NoOp>, <tf.Operation 'save/Assign_21' type=Assign>, <tf.Operation 'save_30/Assign_7' type=Assign>, <tf.Operation 'save_30/Assign_20' type=Assign>, <tf.Operation 'save_1/Assign_9' type=Assign>, <tf.Operation 'save_26/Assign_25' type=Assign>, <tf.Operation 'save_1/Assign_10' type=Assign>, <tf.Operation 'save_26/Assign_26' type=Assign>, <tf.Operation 'save_1/Assign_11' type=Assign>, <tf.Operation 'save_26/Assign_27' type=Assign>, <tf.Operation 'save_1/Assign_12' type=Assign>, <tf.Operation 'save_26/Assign_28' type=Assign>, <tf.Operation 'save_1/Assign_13' type=Assign>, <tf.Operation 'save_26/Assign_29' type=Assign>, <tf.Operation 'root/Sigmoid' type=Sigmoid>, <tf.Operation 'save_1/Assign_14' type=Assign>, <tf.Operation 'save_26/Assign_30' type=Assign>, <tf.Operation 'save_1/Assign_15' type=Assign>, <tf.Operation 'save_26/Assign_31' type=Assign>, <tf.Operation 'save_1/Assign_16' type=Assign>, <tf.Operation 'save_1/Assign_17' type=Assign>, <tf.Operation 'save_1/Assign_18' type=Assign>, <tf.Operation 'root/gradients/root/rnn/while/o2o/clip_by_value_grad/Reshape_1' type=Reshape>, <tf.Operation 'save_1/Assign_19' type=Assign>, <tf.Operation 'save_1/Assign_20' type=Assign>, <tf.Operation 'save_12/Assign_3' type=Assign>, <tf.Operation 'save_8/Assign_31' type=Assign>, <tf.Operation 'save_12/Assign_4' type=Assign>, <tf.Operation 'save_12/Assign_5' type=Assign>, <tf.Operation 'save_12/Assign_6' type=Assign>, <tf.Operation 'save_12/Assign_7' type=Assign>, <tf.Operation 'save_12/Assign_8' type=Assign>, <tf.Operation 'root/gradients/root/rnn/while/addressing_head_1/mul_4_grad/Mul/StackPushV2' type=StackPushV2>, <tf.Operation 'save_12/Assign_9' type=Assign>, <tf.Operation 'save_12/Assign_10' type=Assign>, <tf.Operation 'save_12/Assign_11' type=Assign>, <tf.Operation 'save_12/Assign_12' type=Assign>, <tf.Operation 'save_12/Assign_13' type=Assign>, <tf.Operation 'root/gradients/root/rnn/while/Softplus_grad/Sigmoid/StackPushV2' type=StackPushV2>, <tf.Operation 'save_23/Assign_27' type=Assign>, <tf.Operation 'save_5/restore_all' type=NoOp>, <tf.Operation 'save_5/Assign' type=Assign>, <tf.Operation 'save_5/Assign_1' type=Assign>, <tf.Operation 'save_5/Assign_2' type=Assign>, <tf.Operation 'save_5/Assign_3' type=Assign>, <tf.Operation 'save_5/Assign_4' type=Assign>, <tf.Operation 'save_5/Assign_5' type=Assign>, <tf.Operation 'save_23/restore_all' type=NoOp>, <tf.Operation 'save_23/Assign' type=Assign>, <tf.Operation 'save_5/Assign_6' type=Assign>, <tf.Operation 'save_23/Assign_3' type=Assign>, <tf.Operation 'save_5/Assign_9' type=Assign>, <tf.Operation 'save_23/Assign_1' type=Assign>, <tf.Operation 'save_5/Assign_7' type=Assign>, <tf.Operation 'save_23/Assign_2' type=Assign>, <tf.Operation 'save_5/Assign_8' type=Assign>, <tf.Operation 'save_23/Assign_15' type=Assign>, <tf.Operation 'save_5/Assign_21' type=Assign>, <tf.Operation 'save_19/Assign_20' type=Assign>, <tf.Operation 'save_19/Assign_21' type=Assign>, <tf.Operation 'save_19/Assign_22' type=Assign>, <tf.Operation 'save_19/Assign_23' type=Assign>, <tf.Operation 'save_19/Assign_24' type=Assign>, <tf.Operation 'save_19/Assign_25' type=Assign>, <tf.Operation 'save_19/Assign_26' type=Assign>, <tf.Operation 'save_19/Assign_27' type=Assign>, <tf.Operation 'save_19/Assign_28' type=Assign>, <tf.Operation 'save_19/Assign_29' type=Assign>, <tf.Operation 'save_19/Assign_30' type=Assign>, <tf.Operation 'save_19/restore_all' type=NoOp>, <tf.Operation 'root/gradients/root/rnn/init/fully_connected_3/MatMul_grad/MatMul' type=MatMul>, <tf.Operation 'root/beta1_power/Assign' type=Assign>, <tf.Operation 'root/rnn/controller/multi_rnn_cell/cell_0/basic_lstm_cell/kernel/Assign' type=Assign>, <tf.Operation 'root/beta2_power/Assign' type=Assign>, <tf.Operation 'root/rnn/controller/multi_rnn_cell/cell_0/basic_lstm_cell/bias/Assign' type=Assign>, <tf.Operation 'save/Assign_22' type=Assign>, <tf.Operation 'save/Assign_23' type=Assign>, <tf.Operation 'save/Assign_24' type=Assign>, <tf.Operation 'root/gradients/root/rnn/while/addressing_head_1/mul_3_grad/Mul/StackPushV2' type=StackPushV2>, <tf.Operation 'save/Assign_25' type=Assign>, <tf.Operation 'save/Assign_26' type=Assign>, <tf.Operation 'save/Assign_27' type=Assign>, <tf.Operation 'save/Assign_28' type=Assign>, <tf.Operation 'save/Assign_29' type=Assign>, <tf.Operation 'save/Assign_30' type=Assign>, <tf.Operation 'save_16/SaveV2' type=SaveV2>, <tf.Operation 'save_16/control_dependency' type=Identity>, <tf.Operation 'root/gradients/root/rnn/while/addressing_head_0/truediv_grad/RealDiv/StackPushV2' type=StackPushV2>, <tf.Operation 'save_1/Assign_21' type=Assign>, <tf.Operation 'save_30/Assign_9' type=Assign>, <tf.Operation 'save_5/Assign_10' type=Assign>, <tf.Operation 'save_1/Assign_22' type=Assign>, <tf.Operation 'save_30/Assign_10' type=Assign>, <tf.Operation 'save_5/Assign_11' type=Assign>, <tf.Operation 'save_1/Assign_23' type=Assign>, <tf.Operation 'save_30/Assign_11' type=Assign>, <tf.Operation 'save_5/Assign_12' type=Assign>, <tf.Operation 'save_1/Assign_24' type=Assign>, <tf.Operation 'save_30/Assign_12' type=Assign>, <tf.Operation 'save_5/Assign_13' type=Assign>, <tf.Operation 'save_1/Assign_25' type=Assign>, <tf.Operation 'save_30/Assign_13' type=Assign>, <tf.Operation 'save_5/Assign_14' type=Assign>, <tf.Operation 'root/gradients/root/rnn/while/addressing_head_1/mul_4_grad/Mul_1/StackPushV2' type=StackPushV2>, <tf.Operation 'save_1/Assign_26' type=Assign>, <tf.Operation 'save_30/Assign_14' type=Assign>, <tf.Operation 'save_5/Assign_15' type=Assign>, <tf.Operation 'save_1/Assign_27' type=Assign>, <tf.Operation 'save_30/Assign_15' type=Assign>, <tf.Operation 'save_5/Assign_16' type=Assign>, <tf.Operation 'save_1/Assign_28' type=Assign>, <tf.Operation 'save_30/Assign_16' type=Assign>, <tf.Operation 'save_5/Assign_17' type=Assign>, <tf.Operation 'save_1/Assign_29' type=Assign>, <tf.Operation 'save_30/Assign_17' type=Assign>, <tf.Operation 'save_5/Assign_18' type=Assign>, <tf.Operation 'root/gradients/root/rnn/while/add_2_grad/BroadcastGradientArgs' type=BroadcastGradientArgs>, <tf.Operation 'root/truediv' type=RealDiv>, <tf.Operation 'save_1/Assign_30' type=Assign>, <tf.Operation 'root/gradients/root/rnn/while/addressing_head_0/sub_grad/Reshape' type=Reshape>, <tf.Operation 'save_5/Assign_19' type=Assign>, <tf.Operation 'save_30/Assign_18' type=Assign>, <tf.Operation 'save_1/Assign_31' type=Assign>, <tf.Operation 'save_30/Assign_19' type=Assign>, <tf.Operation 'save_5/Assign_20' type=Assign>, <tf.Operation 'root/gradients/root/rnn/while/o2p/clip_by_value_grad/Reshape_1' type=Reshape>, <tf.Operation 'root/gradients/root/rnn/while/Softplus_1_grad/Sigmoid/StackPushV2' type=StackPushV2>, <tf.Operation 'save_23/Assign_4' type=Assign>, <tf.Operation 'save_23/Assign_5' type=Assign>, <tf.Operation 'save_23/Assign_6' type=Assign>, <tf.Operation 'save_23/Assign_7' type=Assign>, <tf.Operation 'save_23/Assign_8' type=Assign>, <tf.Operation 'save_23/Assign_9' type=Assign>, <tf.Operation 'save_23/Assign_10' type=Assign>, <tf.Operation 'save_23/Assign_11' type=Assign>, <tf.Operation 'save_23/Assign_12' type=Assign>, <tf.Operation 'save_23/Assign_13' type=Assign>, <tf.Operation 'save_23/Assign_14' type=Assign>, <tf.Operation 'save_12/Assign_15' type=Assign>, <tf.Operation 'save_12/Assign_16' type=Assign>, <tf.Operation 'save_12/Assign_17' type=Assign>, <tf.Operation 'save_12/Assign_18' type=Assign>, <tf.Operation 'root/gradients/root/rnn/while/addressing_head_1/mul_3_grad/Mul_1/StackPushV2' type=StackPushV2>, <tf.Operation 'save_12/Assign_19' type=Assign>, <tf.Operation 'save_12/Assign_20' type=Assign>, <tf.Operation 'save_12/Assign_21' type=Assign>, <tf.Operation 'save_12/Assign_22' type=Assign>, <tf.Operation 'save_12/Assign_23' type=Assign>, <tf.Operation 'save_9/SaveV2' type=SaveV2>, <tf.Operation 'save_12/Assign_24' type=Assign>, <tf.Operation 'save_9/control_dependency' type=Identity>, <tf.Operation 'save_12/Assign_25' type=Assign>, <tf.Operation 'save_30/Assign_21' type=Assign>, <tf.Operation 'save/restore_all' type=NoOp>, <tf.Operation 'save_30/Assign_22' type=Assign>, <tf.Operation 'save/Assign_31' type=Assign>, <tf.Operation 'save_16/Assign' type=Assign>, <tf.Operation 'save_27/SaveV2' type=SaveV2>, <tf.Operation 'save_30/Assign_23' type=Assign>, <tf.Operation 'root/root/rnn/init/fully_connected/weights/Adam/read' type=Identity>, <tf.Operation 'root/root/rnn/init/fully_connected/weights/Adam/Assign' type=Assign>, <tf.Operation 'save_16/Assign_1' type=Assign>, <tf.Operation 'save_30/Assign_24' type=Assign>, <tf.Operation 'save_16/Assign_2' type=Assign>, <tf.Operation 'save_27/control_dependency' type=Identity>, <tf.Operation 'save_30/Assign_25' type=Assign>, <tf.Operation 'save_16/Assign_3' type=Assign>, <tf.Operation 'save_30/Assign_26' type=Assign>, <tf.Operation 'save_16/Assign_4' type=Assign>, <tf.Operation 'save_30/Assign_27' type=Assign>, <tf.Operation 'save_16/Assign_5' type=Assign>, <tf.Operation 'save_30/Assign_28' type=Assign>, <tf.Operation 'root/root/rnn/init/fully_connected/weights/Adam_1/read' type=Identity>, <tf.Operation 'root/root/rnn/init/fully_connected/weights/Adam_1/Assign' type=Assign>, <tf.Operation 'save_16/Assign_6' type=Assign>, <tf.Operation 'save_30/Assign_29' type=Assign>, <tf.Operation 'save_16/Assign_7' type=Assign>, <tf.Operation 'save_16/Assign_10' type=Assign>, <tf.Operation 'save_30/Assign_30' type=Assign>, <tf.Operation 'save_16/Assign_8' type=Assign>, <tf.Operation 'save_16/restore_all' type=NoOp>, <tf.Operation 'save_30/Assign_31' type=Assign>, <tf.Operation 'save_16/Assign_9' type=Assign>, <tf.Operation 'save_16/Assign_22' type=Assign>, <tf.Operation 'root/gradients/root/rnn/while/addressing_head_1/truediv_2_grad/RealDiv/StackPushV2' type=StackPushV2>, <tf.Operation 'root/gradients/root/rnn/while/o2p/clip_by_value/Minimum_grad/LessEqual/StackPushV2' type=StackPushV2>, <tf.Operation 'save_5/Assign_22' type=Assign>, <tf.Operation 'save_5/Assign_23' type=Assign>, <tf.Operation 'root/gradients/root/rnn/while/add_2_grad/Reshape' type=Reshape>, <tf.Operation 'save_5/Assign_24' type=Assign>, <tf.Operation 'save_5/Assign_25' type=Assign>, <tf.Operation 'save_5/Assign_26' type=Assign>, <tf.Operation 'save_5/Assign_27' type=Assign>, <tf.Operation 'save_5/Assign_28' type=Assign>, <tf.Operation 'save_5/Assign_29' type=Assign>, <tf.Operation 'save_5/Assign_30' type=Assign>, <tf.Operation 'save_5/Assign_31' type=Assign>, <tf.Operation 'root/gradients/root/rnn/while/addressing_head_0/truediv_grad/Neg/StackPushV2' type=StackPushV2>, <tf.Operation 'save_9/Assign_29' type=Assign>, <tf.Operation 'save_12/Assign_27' type=Assign>, <tf.Operation 'save_12/Assign_28' type=Assign>, <tf.Operation 'save_12/Assign_29' type=Assign>, <tf.Operation 'save_12/Assign_30' type=Assign>, <tf.Operation 'root/gradients/root/rnn/while/mul_1_grad/Mul/StackPushV2' type=StackPushV2>, <tf.Operation 'save_12/Assign_31' type=Assign>, <tf.Operation 'save_9/restore_all' type=NoOp>, <tf.Operation 'save_9/Assign' type=Assign>, <tf.Operation 'save_9/Assign_1' type=Assign>, <tf.Operation 'save_9/Assign_2' type=Assign>, <tf.Operation 'save_9/Assign_5' type=Assign>, <tf.Operation 'save_9/Assign_3' type=Assign>, <tf.Operation 'root/gradients/root/rnn/while/mul_1_grad/Mul_1/StackPushV2' type=StackPushV2>, <tf.Operation 'save_9/Assign_4' type=Assign>, <tf.Operation 'save_9/Assign_17' type=Assign>, <tf.Operation 'save_23/Assign_16' type=Assign>, <tf.Operation 'save_23/Assign_17' type=Assign>, <tf.Operation 'save_23/Assign_18' type=Assign>, <tf.Operation 'save_23/Assign_19' type=Assign>, <tf.Operation 'save_23/Assign_20' type=Assign>, <tf.Operation 'save_23/Assign_21' type=Assign>, <tf.Operation 'save_23/Assign_22' type=Assign>, <tf.Operation 'save_23/Assign_23' type=Assign>, <tf.Operation 'save_23/Assign_24' type=Assign>, <tf.Operation 'save_23/Assign_25' type=Assign>, <tf.Operation 'save_23/Assign_26' type=Assign>, <tf.Operation 'root/root/rnn/init/fully_connected_1/weights/Adam/read' type=Identity>, <tf.Operation 'root/root/rnn/init/fully_connected_1/weights/Adam/Assign' type=Assign>, <tf.Operation 'root/gradients/root/rnn/while/addressing_head_1/truediv_2_grad/Neg/StackPushV2' type=StackPushV2>, <tf.Operation 'root/gradients/root/rnn/while/o2p/clip_by_value/Minimum_grad/Reshape_1' type=Reshape>, <tf.Operation 'root/root/rnn/init/fully_connected_1/weights/Adam_1/read' type=Identity>, <tf.Operation 'root/root/rnn/init/fully_connected_1/weights/Adam_1/Assign' type=Assign>, <tf.Operation 'save_20/SaveV2' type=SaveV2>, <tf.Operation 'save_20/control_dependency' type=Identity>, <tf.Operation 'root/root/rnn/init/fully_connected_2/weights/Adam/read' type=Identity>, <tf.Operation 'root/root/rnn/init/fully_connected_2/weights/Adam/Assign' type=Assign>, <tf.Operation 'save_16/Assign_11' type=Assign>, <tf.Operation 'save_16/Assign_12' type=Assign>, <tf.Operation 'save_16/Assign_13' type=Assign>, <tf.Operation 'save_16/Assign_14' type=Assign>, <tf.Operation 'save_16/Assign_15' type=Assign>, <tf.Operation 'save_16/Assign_16' type=Assign>, <tf.Operation 'save_16/Assign_17' type=Assign>, <tf.Operation 'save_16/Assign_18' type=Assign>, <tf.Operation 'save_16/Assign_19' type=Assign>, <tf.Operation 'save_16/Assign_20' type=Assign>, <tf.Operation 'save_16/Assign_21' type=Assign>, <tf.Operation 'save_2/SaveV2' type=SaveV2>, <tf.Operation 'save_2/control_dependency' type=Identity>, <tf.Operation 'save_27/restore_all' type=NoOp>, <tf.Operation 'save_9/Assign_6' type=Assign>, <tf.Operation 'save_27/Assign' type=Assign>, <tf.Operation 'save_9/Assign_7' type=Assign>, <tf.Operation 'save_27/Assign_1' type=Assign>, <tf.Operation 'save_9/Assign_8' type=Assign>, <tf.Operation 'save_27/Assign_2' type=Assign>, <tf.Operation 'save_9/Assign_9' type=Assign>, <tf.Operation 'save_27/Assign_3' type=Assign>, <tf.Operation 'save_9/Assign_10' type=Assign>, <tf.Operation 'save_27/Assign_4' type=Assign>, <tf.Operation 'save_9/Assign_11' type=Assign>, <tf.Operation 'save_27/Assign_5' type=Assign>, <tf.Operation 'save_9/Assign_12' type=Assign>, <tf.Operation 'save_27/Assign_6' type=Assign>, <tf.Operation 'save_9/Assign_13' type=Assign>, <tf.Operation 'save_27/Assign_7' type=Assign>, <tf.Operation 'save_9/Assign_14' type=Assign>, <tf.Operation 'save_27/Assign_8' type=Assign>, <tf.Operation 'save_27/Assign_11' type=Assign>, <tf.Operation 'save_9/Assign_15' type=Assign>, <tf.Operation 'save_27/Assign_9' type=Assign>, <tf.Operation 'save_9/Assign_16' type=Assign>, <tf.Operation 'save_27/Assign_10' type=Assign>, <tf.Operation 'save_27/Assign_23' type=Assign>, <tf.Operation 'save_23/Assign_28' type=Assign>, <tf.Operation 'save_23/Assign_29' type=Assign>, <tf.Operation 'save_23/Assign_30' type=Assign>, <tf.Operation 'save_23/Assign_31' type=Assign>, <tf.Operation 'root/gradients/root/rnn/while/MatMul_1_grad/MatMul/StackPushV2' type=StackPushV2>, <tf.Operation 'root/gradients/root/rnn/while/addressing_head_1/concat_grad/Slice_1' type=Slice>, <tf.Operation 'save_20/Assign_30' type=Assign>, <tf.Operation 'save_20/Assign' type=Assign>, <tf.Operation 'save_20/Assign_1' type=Assign>, <tf.Operation 'save_20/Assign_2' type=Assign>, <tf.Operation 'save_20/Assign_3' type=Assign>, <tf.Operation 'save_20/Assign_6' type=Assign>, <tf.Operation 'save_20/Assign_4' type=Assign>, <tf.Operation 'save_20/restore_all' type=NoOp>, <tf.Operation 'save_20/Assign_5' type=Assign>, <tf.Operation 'save_20/Assign_18' type=Assign>, <tf.Operation 'root/root/rnn/init/fully_connected_2/weights/Adam_1/read' type=Identity>, <tf.Operation 'root/root/rnn/init/fully_connected_2/weights/Adam_1/Assign' type=Assign>, <tf.Operation 'root/rnn/o2p/fully_connected/weights/Assign' type=Assign>, <tf.Operation 'root/rnn/o2p/fully_connected/biases/Assign' type=Assign>, <tf.Operation 'root/root/rnn/init/fully_connected_3/weights/Adam/read' type=Identity>, <tf.Operation 'root/root/rnn/init/fully_connected_3/weights/Adam/Assign' type=Assign>, <tf.Operation 'save_16/Assign_23' type=Assign>, <tf.Operation 'save_16/Assign_24' type=Assign>, <tf.Operation 'root/gradients/root/rnn/while/MatMul_1_grad/MatMul_1/StackPushV2' type=StackPushV2>, <tf.Operation 'save_16/Assign_25' type=Assign>, <tf.Operation 'save_16/Assign_26' type=Assign>, <tf.Operation 'root/gradients/root/rnn/while/Sigmoid_2_grad/SigmoidGrad/StackPushV2' type=StackPushV2>, <tf.Operation 'save_16/Assign_27' type=Assign>, <tf.Operation 'save_16/Assign_28' type=Assign>, <tf.Operation 'save_16/Assign_29' type=Assign>, <tf.Operation 'root/gradients/root/rnn/while/addressing_head_0/concat_grad/Slice_1' type=Slice>, <tf.Operation 'save_16/Assign_30' type=Assign>, <tf.Operation 'save_16/Assign_31' type=Assign>, <tf.Operation 'save_27/Assign_12' type=Assign>, <tf.Operation 'save_27/Assign_13' type=Assign>, <tf.Operation 'save_27/Assign_14' type=Assign>, <tf.Operation 'save_27/Assign_15' type=Assign>, <tf.Operation 'save_27/Assign_16' type=Assign>, <tf.Operation 'root/gradients/root/rnn/while/addressing_head_1/Sum_1_grad/DynamicStitch' type=DynamicStitch>, <tf.Operation 'save_27/Assign_17' type=Assign>, <tf.Operation 'save_27/Assign_18' type=Assign>, <tf.Operation 'save_27/Assign_19' type=Assign>, <tf.Operation 'save_27/Assign_20' type=Assign>, <tf.Operation 'save_27/Assign_21' type=Assign>, <tf.Operation 'save_27/Assign_22' type=Assign>, <tf.Operation 'root/gradients/root/rnn/while/addressing_head_1/Sum_1_grad/floordiv' type=FloorDiv>, <tf.Operation 'save_9/Assign_18' type=Assign>, <tf.Operation 'save_9/Assign_19' type=Assign>, <tf.Operation 'save_9/Assign_20' type=Assign>, <tf.Operation 'root/gradients/root/rnn/while/o2p/fully_connected/MatMul_grad/MatMul_1/StackPushV2' type=StackPushV2>, <tf.Operation 'save_9/Assign_21' type=Assign>, <tf.Operation 'save_9/Assign_22' type=Assign>, <tf.Operation 'save_2/Assign' type=Assign>, <tf.Operation 'save_9/Assign_23' type=Assign>, <tf.Operation 'save_2/Assign_1' type=Assign>, <tf.Operation 'save_9/Assign_24' type=Assign>, <tf.Operation 'save_2/Assign_2' type=Assign>, <tf.Operation 'save_9/Assign_25' type=Assign>, <tf.Operation 'save_2/Assign_3' type=Assign>, <tf.Operation 'save_9/Assign_26' type=Assign>, <tf.Operation 'save_2/Assign_4' type=Assign>, <tf.Operation 'save_9/Assign_27' type=Assign>, <tf.Operation 'save_2/Assign_5' type=Assign>, <tf.Operation 'save_9/Assign_28' type=Assign>, <tf.Operation 'save_2/Assign_6' type=Assign>, <tf.Operation 'save_2/Assign_7' type=Assign>, <tf.Operation 'save_13/SaveV2' type=SaveV2>, <tf.Operation 'root/gradients/b_count_3' type=Exit>, <tf.Operation 'save_13/control_dependency' type=Identity>, <tf.Operation 'save_13/Assign_25' type=Assign>, <tf.Operation 'root/gradients/root/rnn/while/Softplus_2_grad/Sigmoid/StackPushV2' type=StackPushV2>, <tf.Operation 'save_13/restore_all' type=NoOp>, <tf.Operation 'save_13/Assign_1' type=Assign>, <tf.Operation 'save_13/Assign' type=Assign>, <tf.Operation 'save_13/Assign_13' type=Assign>, <tf.Operation 'save_6/SaveV2' type=SaveV2>, <tf.Operation 'save_6/control_dependency' type=Identity>, <tf.Operation 'save_20/Assign_7' type=Assign>, <tf.Operation 'save_20/Assign_8' type=Assign>, <tf.Operation 'save_20/Assign_9' type=Assign>, <tf.Operation 'save_20/Assign_10' type=Assign>, <tf.Operation 'save_20/Assign_11' type=Assign>, <tf.Operation 'save_20/Assign_12' type=Assign>, <tf.Operation 'save_20/Assign_13' type=Assign>, <tf.Operation 'save_20/Assign_14' type=Assign>, <tf.Operation 'save_20/Assign_15' type=Assign>, <tf.Operation 'save_20/Assign_16' type=Assign>, <tf.Operation 'save_20/Assign_17' type=Assign>, <tf.Operation 'root/rnn/while/Const_1' type=Const>, <tf.Operation 'root/init' type=NoOp>, <tf.Operation 'root/root/rnn/init/fully_connected_3/weights/Adam_1/read' type=Identity>, <tf.Operation 'root/gradients/root/rnn/while/Sum_grad/DynamicStitch' type=DynamicStitch>, <tf.Operation 'root/root/rnn/init/fully_connected_3/weights/Adam_1/Assign' type=Assign>, <tf.Operation 'root/rnn/zeros' type=Fill>, <tf.Operation 'root/rnn/while/Const' type=Const>, <tf.Operation 'save_24/SaveV2' type=SaveV2>, <tf.Operation 'save_27/Assign_24' type=Assign>, <tf.Operation 'save_27/Assign_25' type=Assign>, <tf.Operation 'save_27/Assign_26' type=Assign>, <tf.Operation 'save_27/Assign_27' type=Assign>, <tf.Operation 'save_27/Assign_28' type=Assign>, <tf.Operation 'save_27/Assign_29' type=Assign>, <tf.Operation 'save_27/Assign_30' type=Assign>, <tf.Operation 'save_27/Assign_31' type=Assign>, <tf.Operation 'save_2/Assign_8' type=Assign>, <tf.Operation 'save_9/Assign_30' type=Assign>, <tf.Operation 'save_2/Assign_9' type=Assign>, <tf.Operation 'save_9/Assign_31' type=Assign>, <tf.Operation 'save_2/Assign_10' type=Assign>, <tf.Operation 'save_2/Assign_11' type=Assign>, <tf.Operation 'save_2/Assign_12' type=Assign>, <tf.Operation 'save_2/Assign_13' type=Assign>, <tf.Operation 'save_2/Assign_14' type=Assign>, <tf.Operation 'save_2/Assign_15' type=Assign>, <tf.Operation 'save_2/Assign_16' type=Assign>, <tf.Operation 'save_2/Assign_17' type=Assign>, <tf.Operation 'save_2/Assign_18' type=Assign>, <tf.Operation 'save_2/Assign_19' type=Assign>, <tf.Operation 'root/root/rnn/controller/multi_rnn_cell/cell_0/basic_lstm_cell/kernel/Adam/read' type=Identity>, <tf.Operation 'root/root/rnn/controller/multi_rnn_cell/cell_0/basic_lstm_cell/kernel/Adam/Assign' type=Assign>, <tf.Operation 'save_6/Assign' type=Assign>, <tf.Operation 'save_6/Assign_1' type=Assign>, <tf.Operation 'save_6/Assign_2' type=Assign>, <tf.Operation 'save_6/Assign_3' type=Assign>, <tf.Operation 'save_6/Assign_4' type=Assign>, <tf.Operation 'save_6/Assign_5' type=Assign>, <tf.Operation 'save_6/Assign_8' type=Assign>, <tf.Operation 'root/root/rnn/controller/multi_rnn_cell/cell_0/basic_lstm_cell/kernel/Adam_1/read' type=Identity>, <tf.Operation 'root/root/rnn/controller/multi_rnn_cell/cell_0/basic_lstm_cell/kernel/Adam_1/Assign' type=Assign>, <tf.Operation 'save_6/Assign_6' type=Assign>, <tf.Operation 'save_6/restore_all' type=NoOp>, <tf.Operation 'root/gradients/root/rnn/while/controller/controller/multi_rnn_cell/cell_0/basic_lstm_cell/Mul_2_grad/Mul/StackPushV2' type=StackPushV2>, <tf.Operation 'save_6/Assign_7' type=Assign>, <tf.Operation 'save_6/Assign_20' type=Assign>, <tf.Operation 'save_13/Assign_2' type=Assign>, <tf.Operation 'save_24/control_dependency' type=Identity>, <tf.Operation 'save_13/Assign_3' type=Assign>, <tf.Operation 'save_13/Assign_4' type=Assign>, <tf.Operation 'save_13/Assign_5' type=Assign>, <tf.Operation 'save_13/Assign_6' type=Assign>, <tf.Operation 'save_13/Assign_7' type=Assign>, <tf.Operation 'save_13/Assign_8' type=Assign>, <tf.Operation 'save_13/Assign_9' type=Assign>, <tf.Operation 'save_13/Assign_10' type=Assign>, <tf.Operation 'save_13/Assign_11' type=Assign>, <tf.Operation 'save_24/Assign_26' type=Assign>, <tf.Operation 'save_24/Assign_2' type=Assign>, <tf.Operation 'save_24/Assign' type=Assign>, <tf.Operation 'root/rnn/init/fully_connected_1/weights/Assign' type=Assign>, <tf.Operation 'save_13/Assign_12' type=Assign>, <tf.Operation 'save_24/restore_all' type=NoOp>, <tf.Operation 'save_24/Assign_1' type=Assign>, <tf.Operation 'save_24/Assign_14' type=Assign>, <tf.Operation 'root/gradients/root/truediv_grad/Reshape_1' type=Reshape>, <tf.Operation 'root/gradients/root/rnn/while/Sum_grad/floordiv' type=FloorDiv>, <tf.Operation 'save_20/Assign_19' type=Assign>, <tf.Operation 'save_20/Assign_20' type=Assign>, <tf.Operation 'save_20/Assign_21' type=Assign>, <tf.Operation 'save_20/Assign_22' type=Assign>, <tf.Operation 'save_17/SaveV2' type=SaveV2>, <tf.Operation 'save_20/Assign_23' type=Assign>, <tf.Operation 'save_20/Assign_24' type=Assign>, <tf.Operation 'root/gradients/root/rnn/while/Sigmoid_1_grad/SigmoidGrad/StackPushV2' type=StackPushV2>, <tf.Operation 'save_17/control_dependency' type=Identity>, <tf.Operation 'save_20/Assign_25' type=Assign>, <tf.Operation 'save_20/Assign_26' type=Assign>, <tf.Operation 'save_20/Assign_27' type=Assign>, <tf.Operation 'root/gradients/root/rnn/while/addressing_head_1/truediv_grad/RealDiv/StackPushV2' type=StackPushV2>, <tf.Operation 'save_20/Assign_28' type=Assign>, <tf.Operation 'save_20/Assign_29' type=Assign>, <tf.Operation 'root/gradients/root/rnn/while/addressing_head_1/Sum_grad/DynamicStitch' type=DynamicStitch>, <tf.Operation 'root/gradients/root/rnn/while/o2o/clip_by_value/Minimum_grad/LessEqual/StackPushV2' type=StackPushV2>, <tf.Operation 'root/gradients/root/rnn/while/addressing_head_1/Sum_grad/floordiv' type=FloorDiv>, <tf.Operation 'save_2/Assign_20' type=Assign>, <tf.Operation 'save_13/Assign_14' type=Assign>, <tf.Operation 'save_2/Assign_21' type=Assign>, <tf.Operation 'save_13/Assign_15' type=Assign>, <tf.Operation 'save_2/Assign_22' type=Assign>, <tf.Operation 'save_13/Assign_16' type=Assign>, <tf.Operation 'save_2/Assign_23' type=Assign>, <tf.Operation 'save_13/Assign_17' type=Assign>, <tf.Operation 'save_2/Assign_24' type=Assign>, <tf.Operation 'save_13/Assign_18' type=Assign>, <tf.Operation 'save_2/Assign_25' type=Assign>, <tf.Operation 'save_13/Assign_19' type=Assign>, <tf.Operation 'root/gradients/root/rnn/while/controller/controller/multi_rnn_cell/cell_0/basic_lstm_cell/Mul_2_grad/Mul_1/StackPushV2' type=StackPushV2>, <tf.Operation 'save_2/Assign_26' type=Assign>, <tf.Operation 'save_13/Assign_20' type=Assign>, <tf.Operation 'save_2/Assign_27' type=Assign>, <tf.Operation 'save_13/Assign_21' type=Assign>, <tf.Operation 'save_2/Assign_28' type=Assign>, <tf.Operation 'save_13/Assign_22' type=Assign>, <tf.Operation 'save_2/Assign_29' type=Assign>, <tf.Operation 'save_13/Assign_23' type=Assign>, <tf.Operation 'save_2/Assign_30' type=Assign>, <tf.Operation 'save_13/Assign_24' type=Assign>, <tf.Operation 'save_2/restore_all' type=NoOp>, <tf.Operation 'save_2/Assign_31' type=Assign>, <tf.Operation 'root/root/rnn/controller/multi_rnn_cell/cell_0/basic_lstm_cell/bias/Adam/read' type=Identity>, <tf.Operation 'root/root/rnn/controller/multi_rnn_cell/cell_0/basic_lstm_cell/bias/Adam/Assign' type=Assign>, <tf.Operation 'root/gradients/root/rnn/while/addressing_head_0/mul_4_grad/Mul/StackPushV2' type=StackPushV2>, <tf.Operation 'root/root/rnn/controller/multi_rnn_cell/cell_0/basic_lstm_cell/bias/Adam_1/read' type=Identity>, <tf.Operation 'root/root/rnn/controller/multi_rnn_cell/cell_0/basic_lstm_cell/bias/Adam_1/Assign' type=Assign>, <tf.Operation 'save_24/Assign_3' type=Assign>, <tf.Operation 'save_24/Assign_4' type=Assign>, <tf.Operation 'save_24/Assign_5' type=Assign>, <tf.Operation 'save_24/Assign_6' type=Assign>, <tf.Operation 'save_24/Assign_7' type=Assign>, <tf.Operation 'save_24/Assign_8' type=Assign>, <tf.Operation 'save_24/Assign_9' type=Assign>, <tf.Operation 'root/gradients/root/rnn/while/addressing_head_1/truediv_grad/Neg/StackPushV2' type=StackPushV2>, <tf.Operation 'save_24/Assign_10' type=Assign>, <tf.Operation 'save_24/Assign_11' type=Assign>, <tf.Operation 'save_10/SaveV2' type=SaveV2>, <tf.Operation 'save_24/Assign_12' type=Assign>, <tf.Operation 'save_24/Assign_13' type=Assign>, <tf.Operation 'save_10/control_dependency' type=Identity>, <tf.Operation 'save_20/Assign_31' type=Assign>, <tf.Operation 'save_6/Assign_9' type=Assign>, <tf.Operation 'save_6/Assign_10' type=Assign>, <tf.Operation 'save_6/Assign_11' type=Assign>, <tf.Operation 'save_6/Assign_12' type=Assign>, <tf.Operation 'save_6/Assign_13' type=Assign>, <tf.Operation 'save_6/Assign_14' type=Assign>, <tf.Operation 'root/gradients/root/rnn/while/addressing_head_1/Sum_4_grad/DynamicStitch' type=DynamicStitch>, <tf.Operation 'save_6/Assign_15' type=Assign>, <tf.Operation 'save_6/Assign_16' type=Assign>, <tf.Operation 'save_6/Assign_17' type=Assign>, <tf.Operation 'save_6/Assign_18' type=Assign>, <tf.Operation 'save_6/Assign_19' type=Assign>, <tf.Operation 'root/gradients/root/rnn/while/addressing_head_1/Sum_4_grad/floordiv' type=FloorDiv>, <tf.Operation 'save_17/restore_all' type=NoOp>, <tf.Operation 'save_17/Assign' type=Assign>, <tf.Operation 'root/root/rnn/o2p/fully_connected/weights/Adam/read' type=Identity>, <tf.Operation 'root/root/rnn/o2p/fully_connected/weights/Adam/Assign' type=Assign>, <tf.Operation 'save_17/Assign_1' type=Assign>, <tf.Operation 'save_17/Assign_2' type=Assign>, <tf.Operation 'save_17/Assign_3' type=Assign>, <tf.Operation 'save_17/Assign_4' type=Assign>, <tf.Operation 'save_17/Assign_5' type=Assign>, <tf.Operation 'save_17/Assign_6' type=Assign>, <tf.Operation 'save_17/Assign_9' type=Assign>, <tf.Operation 'save_17/Assign_7' type=Assign>, <tf.Operation 'root/root/rnn/o2p/fully_connected/weights/Adam_1/read' type=Identity>, <tf.Operation 'save_17/Assign_8' type=Assign>, <tf.Operation 'root/root/rnn/o2p/fully_connected/weights/Adam_1/Assign' type=Assign>, <tf.Operation 'save_17/Assign_21' type=Assign>]
time: 2h 54min 47s (started: 2021-02-17 13:34:09 +00:00)
