+ mkdir models
mkdir: cannot create directory ‘models’: File exists
+ python run_tasks.py --experiment_name experiment --verbose no --num_train_steps 1000000 --steps_per_eval 10000 --use_local_impl no --curriculum none --num_bits_per_vector 3 --num_memory_locations 256 --max_seq_len 8 --task average_sum --num_experts 2
WARNING:tensorflow:From run_tasks.py:208: The name tf.variable_scope is deprecated. Please use tf.compat.v1.variable_scope instead.

WARNING:tensorflow:From run_tasks.py:208: The name tf.variable_scope is deprecated. Please use tf.compat.v1.variable_scope instead.

WARNING:tensorflow:From run_tasks.py:209: The name tf.placeholder is deprecated. Please use tf.compat.v1.placeholder instead.

WARNING:tensorflow:From run_tasks.py:209: The name tf.placeholder is deprecated. Please use tf.compat.v1.placeholder instead.

WARNING:tensorflow:
The TensorFlow contrib module will not be included in TensorFlow 2.0.
For more information, please see:
  * https://github.com/tensorflow/community/blob/master/rfcs/20180907-contrib-sunset.md
  * https://github.com/tensorflow/addons
  * https://github.com/tensorflow/io (for I/O related ops)
If you depend on functionality not listed there, please file an issue.

WARNING:tensorflow:
The TensorFlow contrib module will not be included in TensorFlow 2.0.
For more information, please see:
  * https://github.com/tensorflow/community/blob/master/rfcs/20180907-contrib-sunset.md
  * https://github.com/tensorflow/addons
  * https://github.com/tensorflow/io (for I/O related ops)
If you depend on functionality not listed there, please file an issue.

WARNING:tensorflow:From run_tasks.py:125: BasicLSTMCell.__init__ (from tensorflow.python.ops.rnn_cell_impl) is deprecated and will be removed in a future version.
Instructions for updating:
This class is equivalent as tf.keras.layers.LSTMCell, and will be replaced by that in Tensorflow 2.0.
WARNING:tensorflow:From run_tasks.py:125: BasicLSTMCell.__init__ (from tensorflow.python.ops.rnn_cell_impl) is deprecated and will be removed in a future version.
Instructions for updating:
This class is equivalent as tf.keras.layers.LSTMCell, and will be replaced by that in Tensorflow 2.0.
WARNING:tensorflow:From run_tasks.py:128: MultiRNNCell.__init__ (from tensorflow.python.ops.rnn_cell_impl) is deprecated and will be removed in a future version.
Instructions for updating:
This class is equivalent as tf.keras.layers.StackedRNNCells, and will be replaced by that in Tensorflow 2.0.
WARNING:tensorflow:From run_tasks.py:128: MultiRNNCell.__init__ (from tensorflow.python.ops.rnn_cell_impl) is deprecated and will be removed in a future version.
Instructions for updating:
This class is equivalent as tf.keras.layers.StackedRNNCells, and will be replaced by that in Tensorflow 2.0.
WARNING:tensorflow:From run_tasks.py:140: dynamic_rnn (from tensorflow.python.ops.rnn) is deprecated and will be removed in a future version.
Instructions for updating:
Please use `keras.layers.RNN(cell)`, which is equivalent to this API
WARNING:tensorflow:From run_tasks.py:140: dynamic_rnn (from tensorflow.python.ops.rnn) is deprecated and will be removed in a future version.
Instructions for updating:
Please use `keras.layers.RNN(cell)`, which is equivalent to this API
WARNING:tensorflow:From /root/NeuralTuringMachine/venv/lib/python3.7/site-packages/tensorflow_core/contrib/rnn/python/ops/rnn_cell.py:3524: calling TruncatedNormal.__init__ (from tensorflow.python.ops.init_ops) with dtype is deprecated and will be removed in a future version.
Instructions for updating:
Call initializer instance with the dtype argument instead of passing it to the constructor
WARNING:tensorflow:From /root/NeuralTuringMachine/venv/lib/python3.7/site-packages/tensorflow_core/contrib/rnn/python/ops/rnn_cell.py:3524: calling TruncatedNormal.__init__ (from tensorflow.python.ops.init_ops) with dtype is deprecated and will be removed in a future version.
Instructions for updating:
Call initializer instance with the dtype argument instead of passing it to the constructor
WARNING:tensorflow:From /root/NeuralTuringMachine/venv/lib/python3.7/site-packages/tensorflow_core/contrib/rnn/python/ops/rnn_cell.py:3529: Layer.add_variable (from tensorflow.python.keras.engine.base_layer) is deprecated and will be removed in a future version.
Instructions for updating:
Please use `layer.add_weight` method instead.
WARNING:tensorflow:From /root/NeuralTuringMachine/venv/lib/python3.7/site-packages/tensorflow_core/contrib/rnn/python/ops/rnn_cell.py:3529: Layer.add_variable (from tensorflow.python.keras.engine.base_layer) is deprecated and will be removed in a future version.
Instructions for updating:
Please use `layer.add_weight` method instead.
WARNING:tensorflow:From /root/NeuralTuringMachine/venv/lib/python3.7/site-packages/tensorflow_core/contrib/rnn/python/ops/rnn_cell.py:3534: calling Constant.__init__ (from tensorflow.python.ops.init_ops) with dtype is deprecated and will be removed in a future version.
Instructions for updating:
Call initializer instance with the dtype argument instead of passing it to the constructor
WARNING:tensorflow:From /root/NeuralTuringMachine/venv/lib/python3.7/site-packages/tensorflow_core/contrib/rnn/python/ops/rnn_cell.py:3534: calling Constant.__init__ (from tensorflow.python.ops.init_ops) with dtype is deprecated and will be removed in a future version.
Instructions for updating:
Call initializer instance with the dtype argument instead of passing it to the constructor
WARNING:tensorflow:From /root/NeuralTuringMachine/venv/lib/python3.7/site-packages/tensorflow_core/python/ops/rnn_cell_impl.py:739: calling Zeros.__init__ (from tensorflow.python.ops.init_ops) with dtype is deprecated and will be removed in a future version.
Instructions for updating:
Call initializer instance with the dtype argument instead of passing it to the constructor
WARNING:tensorflow:From /root/NeuralTuringMachine/venv/lib/python3.7/site-packages/tensorflow_core/python/ops/rnn_cell_impl.py:739: calling Zeros.__init__ (from tensorflow.python.ops.init_ops) with dtype is deprecated and will be removed in a future version.
Instructions for updating:
Call initializer instance with the dtype argument instead of passing it to the constructor
WARNING:tensorflow:From /root/NeuralTuringMachine/venv/lib/python3.7/site-packages/tensorflow_core/python/util/dispatch.py:180: calling expand_dims (from tensorflow.python.ops.array_ops) with dim is deprecated and will be removed in a future version.
Instructions for updating:
Use the `axis` argument instead
WARNING:tensorflow:From /root/NeuralTuringMachine/venv/lib/python3.7/site-packages/tensorflow_core/python/util/dispatch.py:180: calling expand_dims (from tensorflow.python.ops.array_ops) with dim is deprecated and will be removed in a future version.
Instructions for updating:
Use the `axis` argument instead
WARNING:tensorflow:From /root/NeuralTuringMachine/venv/lib/python3.7/site-packages/tensorflow_core/python/ops/nn_impl.py:183: where (from tensorflow.python.ops.array_ops) is deprecated and will be removed in a future version.
Instructions for updating:
Use tf.where in 2.0, which has the same broadcast rule as np.where
WARNING:tensorflow:From /root/NeuralTuringMachine/venv/lib/python3.7/site-packages/tensorflow_core/python/ops/nn_impl.py:183: where (from tensorflow.python.ops.array_ops) is deprecated and will be removed in a future version.
Instructions for updating:
Use tf.where in 2.0, which has the same broadcast rule as np.where
WARNING:tensorflow:From run_tasks.py:181: The name tf.train.AdamOptimizer is deprecated. Please use tf.compat.v1.train.AdamOptimizer instead.

WARNING:tensorflow:From run_tasks.py:181: The name tf.train.AdamOptimizer is deprecated. Please use tf.compat.v1.train.AdamOptimizer instead.

WARNING:tensorflow:From run_tasks.py:183: The name tf.trainable_variables is deprecated. Please use tf.compat.v1.trainable_variables instead.

WARNING:tensorflow:From run_tasks.py:183: The name tf.trainable_variables is deprecated. Please use tf.compat.v1.trainable_variables instead.

WARNING:tensorflow:From run_tasks.py:213: The name tf.global_variables_initializer is deprecated. Please use tf.compat.v1.global_variables_initializer instead.

WARNING:tensorflow:From run_tasks.py:213: The name tf.global_variables_initializer is deprecated. Please use tf.compat.v1.global_variables_initializer instead.

WARNING:tensorflow:From run_tasks.py:215: The name tf.train.Saver is deprecated. Please use tf.compat.v1.train.Saver instead.

WARNING:tensorflow:From run_tasks.py:215: The name tf.train.Saver is deprecated. Please use tf.compat.v1.train.Saver instead.

WARNING:tensorflow:From run_tasks.py:216: The name tf.Session is deprecated. Please use tf.compat.v1.Session instead.

WARNING:tensorflow:From run_tasks.py:216: The name tf.Session is deprecated. Please use tf.compat.v1.Session instead.

2021-04-20 14:07:01.631458: W tensorflow/stream_executor/platform/default/dso_loader.cc:55] Could not load dynamic library 'libcuda.so.1'; dlerror: libcuda.so.1: cannot open shared object file: No such file or directory
2021-04-20 14:07:01.631519: E tensorflow/stream_executor/cuda/cuda_driver.cc:318] failed call to cuInit: UNKNOWN ERROR (303)
2021-04-20 14:07:01.631560: I tensorflow/stream_executor/cuda/cuda_diagnostics.cc:156] kernel driver does not appear to be running on this host (vmi563424.contaboserver.net): /proc/driver/nvidia/version does not exist
2021-04-20 14:07:01.631954: I tensorflow/core/platform/cpu_feature_guard.cc:142] Your CPU supports instructions that this TensorFlow binary was not compiled to use: AVX2 FMA
2021-04-20 14:07:01.643654: I tensorflow/core/platform/profile_utils/cpu_utils.cc:94] CPU Frequency: 2794745000 Hz
2021-04-20 14:07:01.644377: I tensorflow/compiler/xla/service/service.cc:168] XLA service 0x55c347fa8430 initialized for platform Host (this does not guarantee that XLA will be used). Devices:
2021-04-20 14:07:01.644401: I tensorflow/compiler/xla/service/service.cc:176]   StreamExecutor device (0): Host, Default Version
WARNING:tensorflow:From run_tasks.py:225: The name tf.get_default_graph is deprecated. Please use tf.compat.v1.get_default_graph instead.

WARNING:tensorflow:From run_tasks.py:225: The name tf.get_default_graph is deprecated. Please use tf.compat.v1.get_default_graph instead.

INFO:utils:Saved the trained model at step 10000.
INFO:utils:CompletedProcess(args=['/root/NeuralTuringMachine/venv/bin/python', '/root/NeuralTuringMachine/freeze.py', '--checkpoint_dir', 'models/10000'], returncode=0, stdout=b'Tensorflow reading models/10000/my_model.ckpt before freezing\n', stderr=b"WARNING:tensorflow:From /root/NeuralTuringMachine/freeze.py:29: The name tf.Session is deprecated. Please use tf.compat.v1.Session instead.\n\n2021-04-20 17:51:41.007410: W tensorflow/stream_executor/platform/default/dso_loader.cc:55] Could not load dynamic library 'libcuda.so.1'; dlerror: libcuda.so.1: cannot open shared object file: No such file or directory\n2021-04-20 17:51:41.007498: E tensorflow/stream_executor/cuda/cuda_driver.cc:318] failed call to cuInit: UNKNOWN ERROR (303)\n2021-04-20 17:51:41.007553: I tensorflow/stream_executor/cuda/cuda_diagnostics.cc:156] kernel driver does not appear to be running on this host (vmi563424.contaboserver.net): /proc/driver/nvidia/version does not exist\n2021-04-20 17:51:41.007862: I tensorflow/core/platform/cpu_feature_guard.cc:142] Your CPU supports instructions that this TensorFlow binary was not compiled to use: AVX2 FMA\n2021-04-20 17:51:41.026554: I tensorflow/core/platform/profile_utils/cpu_utils.cc:94] CPU Frequency: 2794745000 Hz\n2021-04-20 17:51:41.035610: I tensorflow/compiler/xla/service/service.cc:168] XLA service 0x564d0b825830 initialized for platform Host (this does not guarantee that XLA will be used). Devices:\n2021-04-20 17:51:41.035806: I tensorflow/compiler/xla/service/service.cc:176]   StreamExecutor device (0): Host, Default Version\nWARNING:tensorflow:From /root/NeuralTuringMachine/freeze.py:31: The name tf.train.import_meta_graph is deprecated. Please use tf.compat.v1.train.import_meta_graph instead.\n\nWARNING:tensorflow:From /root/NeuralTuringMachine/freeze.py:42: convert_variables_to_constants (from tensorflow.python.framework.graph_util_impl) is deprecated and will be removed in a future version.\nInstructions for updating:\nUse `tf.compat.v1.graph_util.convert_variables_to_constants`\nWARNING:tensorflow:From /root/NeuralTuringMachine/venv/lib/python3.7/site-packages/tensorflow_core/python/framework/graph_util_impl.py:277: extract_sub_graph (from tensorflow.python.framework.graph_util_impl) is deprecated and will be removed in a future version.\nInstructions for updating:\nUse `tf.compat.v1.graph_util.extract_sub_graph`\n")
INFO:utils:Froze the model at step 10000.
INFO:utils:----EVAL----
INFO:utils:target task error/loss: 4.284375,5.5712730407714846
INFO:utils:multi task error/loss: None,None
INFO:utils:curriculum point error/loss (None): None,None
INFO:utils:EVAL_PARSABLE: 10000,4.284375,5.5712730407714846,None,None,None,None,None
INFO:utils:Saved the trained model at step 20000.
INFO:utils:CompletedProcess(args=['/root/NeuralTuringMachine/venv/bin/python', '/root/NeuralTuringMachine/freeze.py', '--checkpoint_dir', 'models/20000'], returncode=0, stdout=b'Tensorflow reading models/20000/my_model.ckpt before freezing\n', stderr=b"WARNING:tensorflow:From /root/NeuralTuringMachine/freeze.py:29: The name tf.Session is deprecated. Please use tf.compat.v1.Session instead.\n\n2021-04-20 21:34:34.164526: W tensorflow/stream_executor/platform/default/dso_loader.cc:55] Could not load dynamic library 'libcuda.so.1'; dlerror: libcuda.so.1: cannot open shared object file: No such file or directory\n2021-04-20 21:34:34.165069: E tensorflow/stream_executor/cuda/cuda_driver.cc:318] failed call to cuInit: UNKNOWN ERROR (303)\n2021-04-20 21:34:34.165654: I tensorflow/stream_executor/cuda/cuda_diagnostics.cc:156] kernel driver does not appear to be running on this host (vmi563424.contaboserver.net): /proc/driver/nvidia/version does not exist\n2021-04-20 21:34:34.168774: I tensorflow/core/platform/cpu_feature_guard.cc:142] Your CPU supports instructions that this TensorFlow binary was not compiled to use: AVX2 FMA\n2021-04-20 21:34:34.211798: I tensorflow/core/platform/profile_utils/cpu_utils.cc:94] CPU Frequency: 2794745000 Hz\n2021-04-20 21:34:34.220259: I tensorflow/compiler/xla/service/service.cc:168] XLA service 0x55bb8ce69fd0 initialized for platform Host (this does not guarantee that XLA will be used). Devices:\n2021-04-20 21:34:34.220640: I tensorflow/compiler/xla/service/service.cc:176]   StreamExecutor device (0): Host, Default Version\nWARNING:tensorflow:From /root/NeuralTuringMachine/freeze.py:31: The name tf.train.import_meta_graph is deprecated. Please use tf.compat.v1.train.import_meta_graph instead.\n\nWARNING:tensorflow:From /root/NeuralTuringMachine/freeze.py:42: convert_variables_to_constants (from tensorflow.python.framework.graph_util_impl) is deprecated and will be removed in a future version.\nInstructions for updating:\nUse `tf.compat.v1.graph_util.convert_variables_to_constants`\nWARNING:tensorflow:From /root/NeuralTuringMachine/venv/lib/python3.7/site-packages/tensorflow_core/python/framework/graph_util_impl.py:277: extract_sub_graph (from tensorflow.python.framework.graph_util_impl) is deprecated and will be removed in a future version.\nInstructions for updating:\nUse `tf.compat.v1.graph_util.extract_sub_graph`\n")
INFO:utils:Froze the model at step 20000.
INFO:utils:----EVAL----
INFO:utils:target task error/loss: 2.234375,3.517807054519653
INFO:utils:multi task error/loss: None,None
INFO:utils:curriculum point error/loss (None): None,None
INFO:utils:EVAL_PARSABLE: 20000,2.234375,3.517807054519653,None,None,None,None,None
INFO:utils:Saved the trained model at step 30000.
INFO:utils:CompletedProcess(args=['/root/NeuralTuringMachine/venv/bin/python', '/root/NeuralTuringMachine/freeze.py', '--checkpoint_dir', 'models/30000'], returncode=0, stdout=b'Tensorflow reading models/30000/my_model.ckpt before freezing\n', stderr=b"WARNING:tensorflow:From /root/NeuralTuringMachine/freeze.py:29: The name tf.Session is deprecated. Please use tf.compat.v1.Session instead.\n\n2021-04-21 01:19:48.131881: W tensorflow/stream_executor/platform/default/dso_loader.cc:55] Could not load dynamic library 'libcuda.so.1'; dlerror: libcuda.so.1: cannot open shared object file: No such file or directory\n2021-04-21 01:19:48.131996: E tensorflow/stream_executor/cuda/cuda_driver.cc:318] failed call to cuInit: UNKNOWN ERROR (303)\n2021-04-21 01:19:48.132113: I tensorflow/stream_executor/cuda/cuda_diagnostics.cc:156] kernel driver does not appear to be running on this host (vmi563424.contaboserver.net): /proc/driver/nvidia/version does not exist\n2021-04-21 01:19:48.132704: I tensorflow/core/platform/cpu_feature_guard.cc:142] Your CPU supports instructions that this TensorFlow binary was not compiled to use: AVX2 FMA\n2021-04-21 01:19:48.151498: I tensorflow/core/platform/profile_utils/cpu_utils.cc:94] CPU Frequency: 2794745000 Hz\n2021-04-21 01:19:48.159093: I tensorflow/compiler/xla/service/service.cc:168] XLA service 0x55c7110bade0 initialized for platform Host (this does not guarantee that XLA will be used). Devices:\n2021-04-21 01:19:48.159184: I tensorflow/compiler/xla/service/service.cc:176]   StreamExecutor device (0): Host, Default Version\nWARNING:tensorflow:From /root/NeuralTuringMachine/freeze.py:31: The name tf.train.import_meta_graph is deprecated. Please use tf.compat.v1.train.import_meta_graph instead.\n\nWARNING:tensorflow:From /root/NeuralTuringMachine/freeze.py:42: convert_variables_to_constants (from tensorflow.python.framework.graph_util_impl) is deprecated and will be removed in a future version.\nInstructions for updating:\nUse `tf.compat.v1.graph_util.convert_variables_to_constants`\nWARNING:tensorflow:From /root/NeuralTuringMachine/venv/lib/python3.7/site-packages/tensorflow_core/python/framework/graph_util_impl.py:277: extract_sub_graph (from tensorflow.python.framework.graph_util_impl) is deprecated and will be removed in a future version.\nInstructions for updating:\nUse `tf.compat.v1.graph_util.extract_sub_graph`\n")
INFO:utils:Froze the model at step 30000.
INFO:utils:----EVAL----
INFO:utils:target task error/loss: 1.2375,2.1044350266456604
INFO:utils:multi task error/loss: None,None
INFO:utils:curriculum point error/loss (None): None,None
INFO:utils:EVAL_PARSABLE: 30000,1.2375,2.1044350266456604,None,None,None,None,None
INFO:utils:Saved the trained model at step 40000.
INFO:utils:CompletedProcess(args=['/root/NeuralTuringMachine/venv/bin/python', '/root/NeuralTuringMachine/freeze.py', '--checkpoint_dir', 'models/40000'], returncode=0, stdout=b'Tensorflow reading models/40000/my_model.ckpt before freezing\n', stderr=b"WARNING:tensorflow:From /root/NeuralTuringMachine/freeze.py:29: The name tf.Session is deprecated. Please use tf.compat.v1.Session instead.\n\n2021-04-21 04:47:23.876264: W tensorflow/stream_executor/platform/default/dso_loader.cc:55] Could not load dynamic library 'libcuda.so.1'; dlerror: libcuda.so.1: cannot open shared object file: No such file or directory\n2021-04-21 04:47:23.876944: E tensorflow/stream_executor/cuda/cuda_driver.cc:318] failed call to cuInit: UNKNOWN ERROR (303)\n2021-04-21 04:47:23.877340: I tensorflow/stream_executor/cuda/cuda_diagnostics.cc:156] kernel driver does not appear to be running on this host (vmi563424.contaboserver.net): /proc/driver/nvidia/version does not exist\n2021-04-21 04:47:23.880302: I tensorflow/core/platform/cpu_feature_guard.cc:142] Your CPU supports instructions that this TensorFlow binary was not compiled to use: AVX2 FMA\n2021-04-21 04:47:23.915873: I tensorflow/core/platform/profile_utils/cpu_utils.cc:94] CPU Frequency: 2794745000 Hz\n2021-04-21 04:47:23.919959: I tensorflow/compiler/xla/service/service.cc:168] XLA service 0x557a4245d3f0 initialized for platform Host (this does not guarantee that XLA will be used). Devices:\n2021-04-21 04:47:23.920057: I tensorflow/compiler/xla/service/service.cc:176]   StreamExecutor device (0): Host, Default Version\nWARNING:tensorflow:From /root/NeuralTuringMachine/freeze.py:31: The name tf.train.import_meta_graph is deprecated. Please use tf.compat.v1.train.import_meta_graph instead.\n\nWARNING:tensorflow:From /root/NeuralTuringMachine/freeze.py:42: convert_variables_to_constants (from tensorflow.python.framework.graph_util_impl) is deprecated and will be removed in a future version.\nInstructions for updating:\nUse `tf.compat.v1.graph_util.convert_variables_to_constants`\nWARNING:tensorflow:From /root/NeuralTuringMachine/venv/lib/python3.7/site-packages/tensorflow_core/python/framework/graph_util_impl.py:277: extract_sub_graph (from tensorflow.python.framework.graph_util_impl) is deprecated and will be removed in a future version.\nInstructions for updating:\nUse `tf.compat.v1.graph_util.extract_sub_graph`\n")
INFO:utils:Froze the model at step 40000.
INFO:utils:----EVAL----
INFO:utils:target task error/loss: 0.559375,0.9895997405052185
INFO:utils:multi task error/loss: None,None
INFO:utils:curriculum point error/loss (None): None,None
INFO:utils:EVAL_PARSABLE: 40000,0.559375,0.9895997405052185,None,None,None,None,None
INFO:utils:Saved the trained model at step 50000.
INFO:utils:CompletedProcess(args=['/root/NeuralTuringMachine/venv/bin/python', '/root/NeuralTuringMachine/freeze.py', '--checkpoint_dir', 'models/50000'], returncode=0, stdout=b'Tensorflow reading models/50000/my_model.ckpt before freezing\n', stderr=b"WARNING:tensorflow:From /root/NeuralTuringMachine/freeze.py:29: The name tf.Session is deprecated. Please use tf.compat.v1.Session instead.\n\n2021-04-21 08:14:05.657728: W tensorflow/stream_executor/platform/default/dso_loader.cc:55] Could not load dynamic library 'libcuda.so.1'; dlerror: libcuda.so.1: cannot open shared object file: No such file or directory\n2021-04-21 08:14:05.658476: E tensorflow/stream_executor/cuda/cuda_driver.cc:318] failed call to cuInit: UNKNOWN ERROR (303)\n2021-04-21 08:14:05.658878: I tensorflow/stream_executor/cuda/cuda_diagnostics.cc:156] kernel driver does not appear to be running on this host (vmi563424.contaboserver.net): /proc/driver/nvidia/version does not exist\n2021-04-21 08:14:05.661365: I tensorflow/core/platform/cpu_feature_guard.cc:142] Your CPU supports instructions that this TensorFlow binary was not compiled to use: AVX2 FMA\n2021-04-21 08:14:05.712118: I tensorflow/core/platform/profile_utils/cpu_utils.cc:94] CPU Frequency: 2794745000 Hz\n2021-04-21 08:14:05.723164: I tensorflow/compiler/xla/service/service.cc:168] XLA service 0x55d8e3ee7f10 initialized for platform Host (this does not guarantee that XLA will be used). Devices:\n2021-04-21 08:14:05.723377: I tensorflow/compiler/xla/service/service.cc:176]   StreamExecutor device (0): Host, Default Version\nWARNING:tensorflow:From /root/NeuralTuringMachine/freeze.py:31: The name tf.train.import_meta_graph is deprecated. Please use tf.compat.v1.train.import_meta_graph instead.\n\nWARNING:tensorflow:From /root/NeuralTuringMachine/freeze.py:42: convert_variables_to_constants (from tensorflow.python.framework.graph_util_impl) is deprecated and will be removed in a future version.\nInstructions for updating:\nUse `tf.compat.v1.graph_util.convert_variables_to_constants`\nWARNING:tensorflow:From /root/NeuralTuringMachine/venv/lib/python3.7/site-packages/tensorflow_core/python/framework/graph_util_impl.py:277: extract_sub_graph (from tensorflow.python.framework.graph_util_impl) is deprecated and will be removed in a future version.\nInstructions for updating:\nUse `tf.compat.v1.graph_util.extract_sub_graph`\n")
INFO:utils:Froze the model at step 50000.
INFO:utils:----EVAL----
INFO:utils:target task error/loss: 0.059375,0.13168345838785173
INFO:utils:multi task error/loss: None,None
INFO:utils:curriculum point error/loss (None): None,None
INFO:utils:EVAL_PARSABLE: 50000,0.059375,0.13168345838785173,None,None,None,None,None
INFO:utils:Saved the trained model at step 60000.
INFO:utils:CompletedProcess(args=['/root/NeuralTuringMachine/venv/bin/python', '/root/NeuralTuringMachine/freeze.py', '--checkpoint_dir', 'models/60000'], returncode=0, stdout=b'Tensorflow reading models/60000/my_model.ckpt before freezing\n', stderr=b"WARNING:tensorflow:From /root/NeuralTuringMachine/freeze.py:29: The name tf.Session is deprecated. Please use tf.compat.v1.Session instead.\n\n2021-04-21 11:26:22.496438: W tensorflow/stream_executor/platform/default/dso_loader.cc:55] Could not load dynamic library 'libcuda.so.1'; dlerror: libcuda.so.1: cannot open shared object file: No such file or directory\n2021-04-21 11:26:22.496583: E tensorflow/stream_executor/cuda/cuda_driver.cc:318] failed call to cuInit: UNKNOWN ERROR (303)\n2021-04-21 11:26:22.496651: I tensorflow/stream_executor/cuda/cuda_diagnostics.cc:156] kernel driver does not appear to be running on this host (vmi563424.contaboserver.net): /proc/driver/nvidia/version does not exist\n2021-04-21 11:26:22.497123: I tensorflow/core/platform/cpu_feature_guard.cc:142] Your CPU supports instructions that this TensorFlow binary was not compiled to use: AVX2 FMA\n2021-04-21 11:26:22.516787: I tensorflow/core/platform/profile_utils/cpu_utils.cc:94] CPU Frequency: 2794745000 Hz\n2021-04-21 11:26:22.519778: I tensorflow/compiler/xla/service/service.cc:168] XLA service 0x5629896d3ed0 initialized for platform Host (this does not guarantee that XLA will be used). Devices:\n2021-04-21 11:26:22.519850: I tensorflow/compiler/xla/service/service.cc:176]   StreamExecutor device (0): Host, Default Version\nWARNING:tensorflow:From /root/NeuralTuringMachine/freeze.py:31: The name tf.train.import_meta_graph is deprecated. Please use tf.compat.v1.train.import_meta_graph instead.\n\nWARNING:tensorflow:From /root/NeuralTuringMachine/freeze.py:42: convert_variables_to_constants (from tensorflow.python.framework.graph_util_impl) is deprecated and will be removed in a future version.\nInstructions for updating:\nUse `tf.compat.v1.graph_util.convert_variables_to_constants`\nWARNING:tensorflow:From /root/NeuralTuringMachine/venv/lib/python3.7/site-packages/tensorflow_core/python/framework/graph_util_impl.py:277: extract_sub_graph (from tensorflow.python.framework.graph_util_impl) is deprecated and will be removed in a future version.\nInstructions for updating:\nUse `tf.compat.v1.graph_util.extract_sub_graph`\n")
INFO:utils:Froze the model at step 60000.
INFO:utils:----EVAL----
INFO:utils:target task error/loss: 0.065625,0.21293422430753708
INFO:utils:multi task error/loss: None,None
INFO:utils:curriculum point error/loss (None): None,None
INFO:utils:EVAL_PARSABLE: 60000,0.065625,0.21293422430753708,None,None,None,None,None
INFO:utils:Saved the trained model at step 70000.
INFO:utils:CompletedProcess(args=['/root/NeuralTuringMachine/venv/bin/python', '/root/NeuralTuringMachine/freeze.py', '--checkpoint_dir', 'models/70000'], returncode=0, stdout=b'Tensorflow reading models/70000/my_model.ckpt before freezing\n', stderr=b"WARNING:tensorflow:From /root/NeuralTuringMachine/freeze.py:29: The name tf.Session is deprecated. Please use tf.compat.v1.Session instead.\n\n2021-04-21 14:52:25.928849: W tensorflow/stream_executor/platform/default/dso_loader.cc:55] Could not load dynamic library 'libcuda.so.1'; dlerror: libcuda.so.1: cannot open shared object file: No such file or directory\n2021-04-21 14:52:25.929042: E tensorflow/stream_executor/cuda/cuda_driver.cc:318] failed call to cuInit: UNKNOWN ERROR (303)\n2021-04-21 14:52:25.929277: I tensorflow/stream_executor/cuda/cuda_diagnostics.cc:156] kernel driver does not appear to be running on this host (vmi563424.contaboserver.net): /proc/driver/nvidia/version does not exist\n2021-04-21 14:52:25.929842: I tensorflow/core/platform/cpu_feature_guard.cc:142] Your CPU supports instructions that this TensorFlow binary was not compiled to use: AVX2 FMA\n2021-04-21 14:52:25.943661: I tensorflow/core/platform/profile_utils/cpu_utils.cc:94] CPU Frequency: 2794745000 Hz\n2021-04-21 14:52:25.947305: I tensorflow/compiler/xla/service/service.cc:168] XLA service 0x56146ebe7800 initialized for platform Host (this does not guarantee that XLA will be used). Devices:\n2021-04-21 14:52:25.947397: I tensorflow/compiler/xla/service/service.cc:176]   StreamExecutor device (0): Host, Default Version\nWARNING:tensorflow:From /root/NeuralTuringMachine/freeze.py:31: The name tf.train.import_meta_graph is deprecated. Please use tf.compat.v1.train.import_meta_graph instead.\n\nWARNING:tensorflow:From /root/NeuralTuringMachine/freeze.py:42: convert_variables_to_constants (from tensorflow.python.framework.graph_util_impl) is deprecated and will be removed in a future version.\nInstructions for updating:\nUse `tf.compat.v1.graph_util.convert_variables_to_constants`\nWARNING:tensorflow:From /root/NeuralTuringMachine/venv/lib/python3.7/site-packages/tensorflow_core/python/framework/graph_util_impl.py:277: extract_sub_graph (from tensorflow.python.framework.graph_util_impl) is deprecated and will be removed in a future version.\nInstructions for updating:\nUse `tf.compat.v1.graph_util.extract_sub_graph`\n")
INFO:utils:Froze the model at step 70000.
INFO:utils:----EVAL----
INFO:utils:target task error/loss: 0.0,0.001746519427979365
INFO:utils:multi task error/loss: None,None
INFO:utils:curriculum point error/loss (None): None,None
INFO:utils:EVAL_PARSABLE: 70000,0.0,0.001746519427979365,None,None,None,None,None
INFO:utils:Saved the trained model at step 80000.
INFO:utils:CompletedProcess(args=['/root/NeuralTuringMachine/venv/bin/python', '/root/NeuralTuringMachine/freeze.py', '--checkpoint_dir', 'models/80000'], returncode=0, stdout=b'Tensorflow reading models/80000/my_model.ckpt before freezing\n', stderr=b"WARNING:tensorflow:From /root/NeuralTuringMachine/freeze.py:29: The name tf.Session is deprecated. Please use tf.compat.v1.Session instead.\n\n2021-04-21 20:11:04.550999: W tensorflow/stream_executor/platform/default/dso_loader.cc:55] Could not load dynamic library 'libcuda.so.1'; dlerror: libcuda.so.1: cannot open shared object file: No such file or directory\n2021-04-21 20:11:04.551515: E tensorflow/stream_executor/cuda/cuda_driver.cc:318] failed call to cuInit: UNKNOWN ERROR (303)\n2021-04-21 20:11:04.551914: I tensorflow/stream_executor/cuda/cuda_diagnostics.cc:156] kernel driver does not appear to be running on this host (vmi563424.contaboserver.net): /proc/driver/nvidia/version does not exist\n2021-04-21 20:11:04.554231: I tensorflow/core/platform/cpu_feature_guard.cc:142] Your CPU supports instructions that this TensorFlow binary was not compiled to use: AVX2 FMA\n2021-04-21 20:11:04.603004: I tensorflow/core/platform/profile_utils/cpu_utils.cc:94] CPU Frequency: 2794745000 Hz\n2021-04-21 20:11:04.619761: I tensorflow/compiler/xla/service/service.cc:168] XLA service 0x5621f719ec20 initialized for platform Host (this does not guarantee that XLA will be used). Devices:\n2021-04-21 20:11:04.619971: I tensorflow/compiler/xla/service/service.cc:176]   StreamExecutor device (0): Host, Default Version\nWARNING:tensorflow:From /root/NeuralTuringMachine/freeze.py:31: The name tf.train.import_meta_graph is deprecated. Please use tf.compat.v1.train.import_meta_graph instead.\n\nWARNING:tensorflow:From /root/NeuralTuringMachine/freeze.py:42: convert_variables_to_constants (from tensorflow.python.framework.graph_util_impl) is deprecated and will be removed in a future version.\nInstructions for updating:\nUse `tf.compat.v1.graph_util.convert_variables_to_constants`\nWARNING:tensorflow:From /root/NeuralTuringMachine/venv/lib/python3.7/site-packages/tensorflow_core/python/framework/graph_util_impl.py:277: extract_sub_graph (from tensorflow.python.framework.graph_util_impl) is deprecated and will be removed in a future version.\nInstructions for updating:\nUse `tf.compat.v1.graph_util.extract_sub_graph`\n")
INFO:utils:Froze the model at step 80000.
INFO:utils:----EVAL----
INFO:utils:target task error/loss: 0.0,0.0010873058694414795
INFO:utils:multi task error/loss: None,None
INFO:utils:curriculum point error/loss (None): None,None
INFO:utils:EVAL_PARSABLE: 80000,0.0,0.0010873058694414795,None,None,None,None,None
INFO:utils:Saved the trained model at step 90000.
INFO:utils:CompletedProcess(args=['/root/NeuralTuringMachine/venv/bin/python', '/root/NeuralTuringMachine/freeze.py', '--checkpoint_dir', 'models/90000'], returncode=0, stdout=b'Tensorflow reading models/90000/my_model.ckpt before freezing\n', stderr=b"WARNING:tensorflow:From /root/NeuralTuringMachine/freeze.py:29: The name tf.Session is deprecated. Please use tf.compat.v1.Session instead.\n\n2021-04-21 23:58:27.549519: W tensorflow/stream_executor/platform/default/dso_loader.cc:55] Could not load dynamic library 'libcuda.so.1'; dlerror: libcuda.so.1: cannot open shared object file: No such file or directory\n2021-04-21 23:58:27.549643: E tensorflow/stream_executor/cuda/cuda_driver.cc:318] failed call to cuInit: UNKNOWN ERROR (303)\n2021-04-21 23:58:27.549869: I tensorflow/stream_executor/cuda/cuda_diagnostics.cc:156] kernel driver does not appear to be running on this host (vmi563424.contaboserver.net): /proc/driver/nvidia/version does not exist\n2021-04-21 23:58:27.550420: I tensorflow/core/platform/cpu_feature_guard.cc:142] Your CPU supports instructions that this TensorFlow binary was not compiled to use: AVX2 FMA\n2021-04-21 23:58:27.572230: I tensorflow/core/platform/profile_utils/cpu_utils.cc:94] CPU Frequency: 2794745000 Hz\n2021-04-21 23:58:27.583222: I tensorflow/compiler/xla/service/service.cc:168] XLA service 0x55a4c96d10c0 initialized for platform Host (this does not guarantee that XLA will be used). Devices:\n2021-04-21 23:58:27.583422: I tensorflow/compiler/xla/service/service.cc:176]   StreamExecutor device (0): Host, Default Version\nWARNING:tensorflow:From /root/NeuralTuringMachine/freeze.py:31: The name tf.train.import_meta_graph is deprecated. Please use tf.compat.v1.train.import_meta_graph instead.\n\nWARNING:tensorflow:From /root/NeuralTuringMachine/freeze.py:42: convert_variables_to_constants (from tensorflow.python.framework.graph_util_impl) is deprecated and will be removed in a future version.\nInstructions for updating:\nUse `tf.compat.v1.graph_util.convert_variables_to_constants`\nWARNING:tensorflow:From /root/NeuralTuringMachine/venv/lib/python3.7/site-packages/tensorflow_core/python/framework/graph_util_impl.py:277: extract_sub_graph (from tensorflow.python.framework.graph_util_impl) is deprecated and will be removed in a future version.\nInstructions for updating:\nUse `tf.compat.v1.graph_util.extract_sub_graph`\n")
INFO:utils:Froze the model at step 90000.
INFO:utils:----EVAL----
INFO:utils:target task error/loss: 0.003125,0.015783477551303805
INFO:utils:multi task error/loss: None,None
INFO:utils:curriculum point error/loss (None): None,None
INFO:utils:EVAL_PARSABLE: 90000,0.003125,0.015783477551303805,None,None,None,None,None
INFO:utils:Saved the trained model at step 100000.
INFO:utils:CompletedProcess(args=['/root/NeuralTuringMachine/venv/bin/python', '/root/NeuralTuringMachine/freeze.py', '--checkpoint_dir', 'models/100000'], returncode=0, stdout=b'Tensorflow reading models/100000/my_model.ckpt before freezing\n', stderr=b"WARNING:tensorflow:From /root/NeuralTuringMachine/freeze.py:29: The name tf.Session is deprecated. Please use tf.compat.v1.Session instead.\n\n2021-04-22 03:15:47.012372: W tensorflow/stream_executor/platform/default/dso_loader.cc:55] Could not load dynamic library 'libcuda.so.1'; dlerror: libcuda.so.1: cannot open shared object file: No such file or directory\n2021-04-22 03:15:47.012481: E tensorflow/stream_executor/cuda/cuda_driver.cc:318] failed call to cuInit: UNKNOWN ERROR (303)\n2021-04-22 03:15:47.012690: I tensorflow/stream_executor/cuda/cuda_diagnostics.cc:156] kernel driver does not appear to be running on this host (vmi563424.contaboserver.net): /proc/driver/nvidia/version does not exist\n2021-04-22 03:15:47.013103: I tensorflow/core/platform/cpu_feature_guard.cc:142] Your CPU supports instructions that this TensorFlow binary was not compiled to use: AVX2 FMA\n2021-04-22 03:15:47.023186: I tensorflow/core/platform/profile_utils/cpu_utils.cc:94] CPU Frequency: 2794745000 Hz\n2021-04-22 03:15:47.024834: I tensorflow/compiler/xla/service/service.cc:168] XLA service 0x561aff33e460 initialized for platform Host (this does not guarantee that XLA will be used). Devices:\n2021-04-22 03:15:47.024895: I tensorflow/compiler/xla/service/service.cc:176]   StreamExecutor device (0): Host, Default Version\nWARNING:tensorflow:From /root/NeuralTuringMachine/freeze.py:31: The name tf.train.import_meta_graph is deprecated. Please use tf.compat.v1.train.import_meta_graph instead.\n\nWARNING:tensorflow:From /root/NeuralTuringMachine/freeze.py:42: convert_variables_to_constants (from tensorflow.python.framework.graph_util_impl) is deprecated and will be removed in a future version.\nInstructions for updating:\nUse `tf.compat.v1.graph_util.convert_variables_to_constants`\nWARNING:tensorflow:From /root/NeuralTuringMachine/venv/lib/python3.7/site-packages/tensorflow_core/python/framework/graph_util_impl.py:277: extract_sub_graph (from tensorflow.python.framework.graph_util_impl) is deprecated and will be removed in a future version.\nInstructions for updating:\nUse `tf.compat.v1.graph_util.extract_sub_graph`\n")
INFO:utils:Froze the model at step 100000.
INFO:utils:----EVAL----
INFO:utils:target task error/loss: 0.0,0.0006072220130590722
INFO:utils:multi task error/loss: None,None
INFO:utils:curriculum point error/loss (None): None,None
INFO:utils:EVAL_PARSABLE: 100000,0.0,0.0006072220130590722,None,None,None,None,None
WARNING:tensorflow:From /root/NeuralTuringMachine/venv/lib/python3.7/site-packages/tensorflow_core/python/training/saver.py:963: remove_checkpoint (from tensorflow.python.training.checkpoint_management) is deprecated and will be removed in a future version.
Instructions for updating:
Use standard file APIs to delete files with this prefix.
WARNING:tensorflow:From /root/NeuralTuringMachine/venv/lib/python3.7/site-packages/tensorflow_core/python/training/saver.py:963: remove_checkpoint (from tensorflow.python.training.checkpoint_management) is deprecated and will be removed in a future version.
Instructions for updating:
Use standard file APIs to delete files with this prefix.
INFO:utils:Saved the trained model at step 110000.
INFO:utils:CompletedProcess(args=['/root/NeuralTuringMachine/venv/bin/python', '/root/NeuralTuringMachine/freeze.py', '--checkpoint_dir', 'models/110000'], returncode=0, stdout=b'Tensorflow reading models/110000/my_model.ckpt before freezing\n', stderr=b"WARNING:tensorflow:From /root/NeuralTuringMachine/freeze.py:29: The name tf.Session is deprecated. Please use tf.compat.v1.Session instead.\n\n2021-04-22 06:08:42.269928: W tensorflow/stream_executor/platform/default/dso_loader.cc:55] Could not load dynamic library 'libcuda.so.1'; dlerror: libcuda.so.1: cannot open shared object file: No such file or directory\n2021-04-22 06:08:42.270018: E tensorflow/stream_executor/cuda/cuda_driver.cc:318] failed call to cuInit: UNKNOWN ERROR (303)\n2021-04-22 06:08:42.270105: I tensorflow/stream_executor/cuda/cuda_diagnostics.cc:156] kernel driver does not appear to be running on this host (vmi563424.contaboserver.net): /proc/driver/nvidia/version does not exist\n2021-04-22 06:08:42.270633: I tensorflow/core/platform/cpu_feature_guard.cc:142] Your CPU supports instructions that this TensorFlow binary was not compiled to use: AVX2 FMA\n2021-04-22 06:08:42.285822: I tensorflow/core/platform/profile_utils/cpu_utils.cc:94] CPU Frequency: 2794745000 Hz\n2021-04-22 06:08:42.288201: I tensorflow/compiler/xla/service/service.cc:168] XLA service 0x55a92f19b460 initialized for platform Host (this does not guarantee that XLA will be used). Devices:\n2021-04-22 06:08:42.288265: I tensorflow/compiler/xla/service/service.cc:176]   StreamExecutor device (0): Host, Default Version\nWARNING:tensorflow:From /root/NeuralTuringMachine/freeze.py:31: The name tf.train.import_meta_graph is deprecated. Please use tf.compat.v1.train.import_meta_graph instead.\n\nWARNING:tensorflow:From /root/NeuralTuringMachine/freeze.py:42: convert_variables_to_constants (from tensorflow.python.framework.graph_util_impl) is deprecated and will be removed in a future version.\nInstructions for updating:\nUse `tf.compat.v1.graph_util.convert_variables_to_constants`\nWARNING:tensorflow:From /root/NeuralTuringMachine/venv/lib/python3.7/site-packages/tensorflow_core/python/framework/graph_util_impl.py:277: extract_sub_graph (from tensorflow.python.framework.graph_util_impl) is deprecated and will be removed in a future version.\nInstructions for updating:\nUse `tf.compat.v1.graph_util.extract_sub_graph`\n")
INFO:utils:Froze the model at step 110000.
INFO:utils:----EVAL----
INFO:utils:target task error/loss: 0.0,0.0006552457401994616
INFO:utils:multi task error/loss: None,None
INFO:utils:curriculum point error/loss (None): None,None
INFO:utils:EVAL_PARSABLE: 110000,0.0,0.0006552457401994616,None,None,None,None,None
