+ mkdir models
+ python run_tasks.py --experiment_name experiment --verbose no --num_train_steps 1000000 --steps_per_eval 10000 --use_local_impl yes --curriculum none --num_bits_per_vector 3 --num_memory_locations 512 --max_seq_len 8 --task average_sum --num_experts 3
WARNING:tensorflow:
The TensorFlow contrib module will not be included in TensorFlow 2.0.
For more information, please see:
  * https://github.com/tensorflow/community/blob/master/rfcs/20180907-contrib-sunset.md
  * https://github.com/tensorflow/addons
  * https://github.com/tensorflow/io (for I/O related ops)
If you depend on functionality not listed there, please file an issue.

WARNING:tensorflow:
The TensorFlow contrib module will not be included in TensorFlow 2.0.
For more information, please see:
  * https://github.com/tensorflow/community/blob/master/rfcs/20180907-contrib-sunset.md
  * https://github.com/tensorflow/addons
  * https://github.com/tensorflow/io (for I/O related ops)
If you depend on functionality not listed there, please file an issue.

WARNING:tensorflow:From run_tasks.py:208: The name tf.variable_scope is deprecated. Please use tf.compat.v1.variable_scope instead.

WARNING:tensorflow:From run_tasks.py:208: The name tf.variable_scope is deprecated. Please use tf.compat.v1.variable_scope instead.

WARNING:tensorflow:From run_tasks.py:209: The name tf.placeholder is deprecated. Please use tf.compat.v1.placeholder instead.

WARNING:tensorflow:From run_tasks.py:209: The name tf.placeholder is deprecated. Please use tf.compat.v1.placeholder instead.

WARNING:tensorflow:From /root/NeuralTuringMachine/ntm.py:31: BasicLSTMCell.__init__ (from tensorflow.python.ops.rnn_cell_impl) is deprecated and will be removed in a future version.
Instructions for updating:
This class is equivalent as tf.keras.layers.LSTMCell, and will be replaced by that in Tensorflow 2.0.
WARNING:tensorflow:From /root/NeuralTuringMachine/ntm.py:31: BasicLSTMCell.__init__ (from tensorflow.python.ops.rnn_cell_impl) is deprecated and will be removed in a future version.
Instructions for updating:
This class is equivalent as tf.keras.layers.LSTMCell, and will be replaced by that in Tensorflow 2.0.
WARNING:tensorflow:From /root/NeuralTuringMachine/ntm.py:33: MultiRNNCell.__init__ (from tensorflow.python.ops.rnn_cell_impl) is deprecated and will be removed in a future version.
Instructions for updating:
This class is equivalent as tf.keras.layers.StackedRNNCells, and will be replaced by that in Tensorflow 2.0.
WARNING:tensorflow:From /root/NeuralTuringMachine/ntm.py:33: MultiRNNCell.__init__ (from tensorflow.python.ops.rnn_cell_impl) is deprecated and will be removed in a future version.
Instructions for updating:
This class is equivalent as tf.keras.layers.StackedRNNCells, and will be replaced by that in Tensorflow 2.0.
WARNING:tensorflow:From /root/NeuralTuringMachine/utils.py:29: calling TruncatedNormal.__init__ (from tensorflow.python.ops.init_ops) with dtype is deprecated and will be removed in a future version.
Instructions for updating:
Call initializer instance with the dtype argument instead of passing it to the constructor
WARNING:tensorflow:From /root/NeuralTuringMachine/utils.py:29: calling TruncatedNormal.__init__ (from tensorflow.python.ops.init_ops) with dtype is deprecated and will be removed in a future version.
Instructions for updating:
Call initializer instance with the dtype argument instead of passing it to the constructor
WARNING:tensorflow:From run_tasks.py:140: dynamic_rnn (from tensorflow.python.ops.rnn) is deprecated and will be removed in a future version.
Instructions for updating:
Please use `keras.layers.RNN(cell)`, which is equivalent to this API
WARNING:tensorflow:From run_tasks.py:140: dynamic_rnn (from tensorflow.python.ops.rnn) is deprecated and will be removed in a future version.
Instructions for updating:
Please use `keras.layers.RNN(cell)`, which is equivalent to this API
WARNING:tensorflow:From /root/NeuralTuringMachine/venv/lib/python3.7/site-packages/tensorflow_core/contrib/layers/python/layers/layers.py:1866: Layer.apply (from tensorflow.python.keras.engine.base_layer) is deprecated and will be removed in a future version.
Instructions for updating:
Please use `layer.__call__` method instead.
WARNING:tensorflow:From /root/NeuralTuringMachine/venv/lib/python3.7/site-packages/tensorflow_core/contrib/layers/python/layers/layers.py:1866: Layer.apply (from tensorflow.python.keras.engine.base_layer) is deprecated and will be removed in a future version.
Instructions for updating:
Please use `layer.__call__` method instead.
WARNING:tensorflow:From /root/NeuralTuringMachine/venv/lib/python3.7/site-packages/tensorflow_core/python/ops/rnn_cell_impl.py:735: Layer.add_variable (from tensorflow.python.keras.engine.base_layer) is deprecated and will be removed in a future version.
Instructions for updating:
Please use `layer.add_weight` method instead.
WARNING:tensorflow:From /root/NeuralTuringMachine/venv/lib/python3.7/site-packages/tensorflow_core/python/ops/rnn_cell_impl.py:735: Layer.add_variable (from tensorflow.python.keras.engine.base_layer) is deprecated and will be removed in a future version.
Instructions for updating:
Please use `layer.add_weight` method instead.
WARNING:tensorflow:From /root/NeuralTuringMachine/venv/lib/python3.7/site-packages/tensorflow_core/python/ops/rnn_cell_impl.py:739: calling Zeros.__init__ (from tensorflow.python.ops.init_ops) with dtype is deprecated and will be removed in a future version.
Instructions for updating:
Call initializer instance with the dtype argument instead of passing it to the constructor
WARNING:tensorflow:From /root/NeuralTuringMachine/venv/lib/python3.7/site-packages/tensorflow_core/python/ops/rnn_cell_impl.py:739: calling Zeros.__init__ (from tensorflow.python.ops.init_ops) with dtype is deprecated and will be removed in a future version.
Instructions for updating:
Call initializer instance with the dtype argument instead of passing it to the constructor
WARNING:tensorflow:From /root/NeuralTuringMachine/ntm.py:117: calling reduce_sum_v1 (from tensorflow.python.ops.math_ops) with keep_dims is deprecated and will be removed in a future version.
Instructions for updating:
keep_dims is deprecated, use keepdims instead
WARNING:tensorflow:From /root/NeuralTuringMachine/ntm.py:117: calling reduce_sum_v1 (from tensorflow.python.ops.math_ops) with keep_dims is deprecated and will be removed in a future version.
Instructions for updating:
keep_dims is deprecated, use keepdims instead
WARNING:tensorflow:From /root/NeuralTuringMachine/venv/lib/python3.7/site-packages/tensorflow_core/python/util/dispatch.py:180: calling expand_dims (from tensorflow.python.ops.array_ops) with dim is deprecated and will be removed in a future version.
Instructions for updating:
Use the `axis` argument instead
WARNING:tensorflow:From /root/NeuralTuringMachine/venv/lib/python3.7/site-packages/tensorflow_core/python/util/dispatch.py:180: calling expand_dims (from tensorflow.python.ops.array_ops) with dim is deprecated and will be removed in a future version.
Instructions for updating:
Use the `axis` argument instead
WARNING:tensorflow:From /root/NeuralTuringMachine/venv/lib/python3.7/site-packages/tensorflow_core/python/ops/nn_impl.py:183: where (from tensorflow.python.ops.array_ops) is deprecated and will be removed in a future version.
Instructions for updating:
Use tf.where in 2.0, which has the same broadcast rule as np.where
WARNING:tensorflow:From /root/NeuralTuringMachine/venv/lib/python3.7/site-packages/tensorflow_core/python/ops/nn_impl.py:183: where (from tensorflow.python.ops.array_ops) is deprecated and will be removed in a future version.
Instructions for updating:
Use tf.where in 2.0, which has the same broadcast rule as np.where
WARNING:tensorflow:From run_tasks.py:181: The name tf.train.AdamOptimizer is deprecated. Please use tf.compat.v1.train.AdamOptimizer instead.

WARNING:tensorflow:From run_tasks.py:181: The name tf.train.AdamOptimizer is deprecated. Please use tf.compat.v1.train.AdamOptimizer instead.

WARNING:tensorflow:From run_tasks.py:183: The name tf.trainable_variables is deprecated. Please use tf.compat.v1.trainable_variables instead.

WARNING:tensorflow:From run_tasks.py:183: The name tf.trainable_variables is deprecated. Please use tf.compat.v1.trainable_variables instead.

WARNING:tensorflow:From run_tasks.py:213: The name tf.global_variables_initializer is deprecated. Please use tf.compat.v1.global_variables_initializer instead.

WARNING:tensorflow:From run_tasks.py:213: The name tf.global_variables_initializer is deprecated. Please use tf.compat.v1.global_variables_initializer instead.

WARNING:tensorflow:From run_tasks.py:215: The name tf.train.Saver is deprecated. Please use tf.compat.v1.train.Saver instead.

WARNING:tensorflow:From run_tasks.py:215: The name tf.train.Saver is deprecated. Please use tf.compat.v1.train.Saver instead.

WARNING:tensorflow:From run_tasks.py:216: The name tf.Session is deprecated. Please use tf.compat.v1.Session instead.

WARNING:tensorflow:From run_tasks.py:216: The name tf.Session is deprecated. Please use tf.compat.v1.Session instead.

2021-04-05 04:22:55.308483: W tensorflow/stream_executor/platform/default/dso_loader.cc:55] Could not load dynamic library 'libcuda.so.1'; dlerror: libcuda.so.1: cannot open shared object file: No such file or directory
2021-04-05 04:22:55.308517: E tensorflow/stream_executor/cuda/cuda_driver.cc:318] failed call to cuInit: UNKNOWN ERROR (303)
2021-04-05 04:22:55.308553: I tensorflow/stream_executor/cuda/cuda_diagnostics.cc:156] kernel driver does not appear to be running on this host (ubuntu-c-16-lon1-01): /proc/driver/nvidia/version does not exist
2021-04-05 04:22:55.308859: I tensorflow/core/platform/cpu_feature_guard.cc:142] Your CPU supports instructions that this TensorFlow binary was not compiled to use: AVX2 FMA
2021-04-05 04:22:55.316286: I tensorflow/core/platform/profile_utils/cpu_utils.cc:94] CPU Frequency: 2599995000 Hz
2021-04-05 04:22:55.317195: I tensorflow/compiler/xla/service/service.cc:168] XLA service 0x55b0bc374be0 initialized for platform Host (this does not guarantee that XLA will be used). Devices:
2021-04-05 04:22:55.317250: I tensorflow/compiler/xla/service/service.cc:176]   StreamExecutor device (0): Host, Default Version
WARNING:tensorflow:From run_tasks.py:225: The name tf.get_default_graph is deprecated. Please use tf.compat.v1.get_default_graph instead.

WARNING:tensorflow:From run_tasks.py:225: The name tf.get_default_graph is deprecated. Please use tf.compat.v1.get_default_graph instead.

INFO:utils:Saved the trained model at step 10000.
INFO:utils:CompletedProcess(args=['/root/NeuralTuringMachine/venv/bin/python', '/root/NeuralTuringMachine/freeze.py', '--checkpoint_dir', 'models/10000'], returncode=0, stdout=b'Tensorflow reading models/10000/my_model.ckpt before freezing\n', stderr=b"WARNING:tensorflow:From /root/NeuralTuringMachine/freeze.py:29: The name tf.Session is deprecated. Please use tf.compat.v1.Session instead.\n\n2021-04-05 12:47:19.121223: W tensorflow/stream_executor/platform/default/dso_loader.cc:55] Could not load dynamic library 'libcuda.so.1'; dlerror: libcuda.so.1: cannot open shared object file: No such file or directory\n2021-04-05 12:47:19.121251: E tensorflow/stream_executor/cuda/cuda_driver.cc:318] failed call to cuInit: UNKNOWN ERROR (303)\n2021-04-05 12:47:19.121287: I tensorflow/stream_executor/cuda/cuda_diagnostics.cc:156] kernel driver does not appear to be running on this host (ubuntu-c-16-lon1-01): /proc/driver/nvidia/version does not exist\n2021-04-05 12:47:19.121527: I tensorflow/core/platform/cpu_feature_guard.cc:142] Your CPU supports instructions that this TensorFlow binary was not compiled to use: AVX2 FMA\n2021-04-05 12:47:19.127604: I tensorflow/core/platform/profile_utils/cpu_utils.cc:94] CPU Frequency: 2599995000 Hz\n2021-04-05 12:47:19.128553: I tensorflow/compiler/xla/service/service.cc:168] XLA service 0x55ed789b7940 initialized for platform Host (this does not guarantee that XLA will be used). Devices:\n2021-04-05 12:47:19.128576: I tensorflow/compiler/xla/service/service.cc:176]   StreamExecutor device (0): Host, Default Version\nWARNING:tensorflow:From /root/NeuralTuringMachine/freeze.py:31: The name tf.train.import_meta_graph is deprecated. Please use tf.compat.v1.train.import_meta_graph instead.\n\nWARNING:tensorflow:From /root/NeuralTuringMachine/freeze.py:42: convert_variables_to_constants (from tensorflow.python.framework.graph_util_impl) is deprecated and will be removed in a future version.\nInstructions for updating:\nUse `tf.compat.v1.graph_util.convert_variables_to_constants`\nWARNING:tensorflow:From /root/NeuralTuringMachine/venv/lib/python3.7/site-packages/tensorflow_core/python/framework/graph_util_impl.py:277: extract_sub_graph (from tensorflow.python.framework.graph_util_impl) is deprecated and will be removed in a future version.\nInstructions for updating:\nUse `tf.compat.v1.graph_util.extract_sub_graph`\n")
INFO:utils:Froze the model at step 10000.
INFO:utils:----EVAL----
INFO:utils:target task error/loss: 4.140625,5.637419271469116
INFO:utils:multi task error/loss: None,None
INFO:utils:curriculum point error/loss (None): None,None
INFO:utils:EVAL_PARSABLE: 10000,4.140625,5.637419271469116,None,None,None,None,None
INFO:utils:Saved the trained model at step 20000.
INFO:utils:CompletedProcess(args=['/root/NeuralTuringMachine/venv/bin/python', '/root/NeuralTuringMachine/freeze.py', '--checkpoint_dir', 'models/20000'], returncode=0, stdout=b'Tensorflow reading models/20000/my_model.ckpt before freezing\n', stderr=b"WARNING:tensorflow:From /root/NeuralTuringMachine/freeze.py:29: The name tf.Session is deprecated. Please use tf.compat.v1.Session instead.\n\n2021-04-05 21:17:11.095800: W tensorflow/stream_executor/platform/default/dso_loader.cc:55] Could not load dynamic library 'libcuda.so.1'; dlerror: libcuda.so.1: cannot open shared object file: No such file or directory\n2021-04-05 21:17:11.095832: E tensorflow/stream_executor/cuda/cuda_driver.cc:318] failed call to cuInit: UNKNOWN ERROR (303)\n2021-04-05 21:17:11.095852: I tensorflow/stream_executor/cuda/cuda_diagnostics.cc:156] kernel driver does not appear to be running on this host (ubuntu-c-16-lon1-01): /proc/driver/nvidia/version does not exist\n2021-04-05 21:17:11.096102: I tensorflow/core/platform/cpu_feature_guard.cc:142] Your CPU supports instructions that this TensorFlow binary was not compiled to use: AVX2 FMA\n2021-04-05 21:17:11.102730: I tensorflow/core/platform/profile_utils/cpu_utils.cc:94] CPU Frequency: 2599995000 Hz\n2021-04-05 21:17:11.103696: I tensorflow/compiler/xla/service/service.cc:168] XLA service 0x55ebffc363c0 initialized for platform Host (this does not guarantee that XLA will be used). Devices:\n2021-04-05 21:17:11.103720: I tensorflow/compiler/xla/service/service.cc:176]   StreamExecutor device (0): Host, Default Version\nWARNING:tensorflow:From /root/NeuralTuringMachine/freeze.py:31: The name tf.train.import_meta_graph is deprecated. Please use tf.compat.v1.train.import_meta_graph instead.\n\nWARNING:tensorflow:From /root/NeuralTuringMachine/freeze.py:42: convert_variables_to_constants (from tensorflow.python.framework.graph_util_impl) is deprecated and will be removed in a future version.\nInstructions for updating:\nUse `tf.compat.v1.graph_util.convert_variables_to_constants`\nWARNING:tensorflow:From /root/NeuralTuringMachine/venv/lib/python3.7/site-packages/tensorflow_core/python/framework/graph_util_impl.py:277: extract_sub_graph (from tensorflow.python.framework.graph_util_impl) is deprecated and will be removed in a future version.\nInstructions for updating:\nUse `tf.compat.v1.graph_util.extract_sub_graph`\n")
INFO:utils:Froze the model at step 20000.
INFO:utils:----EVAL----
INFO:utils:target task error/loss: 2.86875,4.29113187789917
INFO:utils:multi task error/loss: None,None
INFO:utils:curriculum point error/loss (None): None,None
INFO:utils:EVAL_PARSABLE: 20000,2.86875,4.29113187789917,None,None,None,None,None
INFO:utils:Saved the trained model at step 30000.
INFO:utils:CompletedProcess(args=['/root/NeuralTuringMachine/venv/bin/python', '/root/NeuralTuringMachine/freeze.py', '--checkpoint_dir', 'models/30000'], returncode=0, stdout=b'Tensorflow reading models/30000/my_model.ckpt before freezing\n', stderr=b"WARNING:tensorflow:From /root/NeuralTuringMachine/freeze.py:29: The name tf.Session is deprecated. Please use tf.compat.v1.Session instead.\n\n2021-04-06 05:47:28.392882: W tensorflow/stream_executor/platform/default/dso_loader.cc:55] Could not load dynamic library 'libcuda.so.1'; dlerror: libcuda.so.1: cannot open shared object file: No such file or directory\n2021-04-06 05:47:28.392934: E tensorflow/stream_executor/cuda/cuda_driver.cc:318] failed call to cuInit: UNKNOWN ERROR (303)\n2021-04-06 05:47:28.392965: I tensorflow/stream_executor/cuda/cuda_diagnostics.cc:156] kernel driver does not appear to be running on this host (ubuntu-c-16-lon1-01): /proc/driver/nvidia/version does not exist\n2021-04-06 05:47:28.393206: I tensorflow/core/platform/cpu_feature_guard.cc:142] Your CPU supports instructions that this TensorFlow binary was not compiled to use: AVX2 FMA\n2021-04-06 05:47:28.399803: I tensorflow/core/platform/profile_utils/cpu_utils.cc:94] CPU Frequency: 2599995000 Hz\n2021-04-06 05:47:28.400765: I tensorflow/compiler/xla/service/service.cc:168] XLA service 0x5560dfe40b30 initialized for platform Host (this does not guarantee that XLA will be used). Devices:\n2021-04-06 05:47:28.400790: I tensorflow/compiler/xla/service/service.cc:176]   StreamExecutor device (0): Host, Default Version\nWARNING:tensorflow:From /root/NeuralTuringMachine/freeze.py:31: The name tf.train.import_meta_graph is deprecated. Please use tf.compat.v1.train.import_meta_graph instead.\n\nWARNING:tensorflow:From /root/NeuralTuringMachine/freeze.py:42: convert_variables_to_constants (from tensorflow.python.framework.graph_util_impl) is deprecated and will be removed in a future version.\nInstructions for updating:\nUse `tf.compat.v1.graph_util.convert_variables_to_constants`\nWARNING:tensorflow:From /root/NeuralTuringMachine/venv/lib/python3.7/site-packages/tensorflow_core/python/framework/graph_util_impl.py:277: extract_sub_graph (from tensorflow.python.framework.graph_util_impl) is deprecated and will be removed in a future version.\nInstructions for updating:\nUse `tf.compat.v1.graph_util.extract_sub_graph`\n")
INFO:utils:Froze the model at step 30000.
INFO:utils:----EVAL----
INFO:utils:target task error/loss: 2.534375,3.6623454332351684
INFO:utils:multi task error/loss: None,None
INFO:utils:curriculum point error/loss (None): None,None
INFO:utils:EVAL_PARSABLE: 30000,2.534375,3.6623454332351684,None,None,None,None,None
INFO:utils:Saved the trained model at step 40000.
INFO:utils:CompletedProcess(args=['/root/NeuralTuringMachine/venv/bin/python', '/root/NeuralTuringMachine/freeze.py', '--checkpoint_dir', 'models/40000'], returncode=0, stdout=b'Tensorflow reading models/40000/my_model.ckpt before freezing\n', stderr=b"WARNING:tensorflow:From /root/NeuralTuringMachine/freeze.py:29: The name tf.Session is deprecated. Please use tf.compat.v1.Session instead.\n\n2021-04-06 14:19:08.147439: W tensorflow/stream_executor/platform/default/dso_loader.cc:55] Could not load dynamic library 'libcuda.so.1'; dlerror: libcuda.so.1: cannot open shared object file: No such file or directory\n2021-04-06 14:19:08.147469: E tensorflow/stream_executor/cuda/cuda_driver.cc:318] failed call to cuInit: UNKNOWN ERROR (303)\n2021-04-06 14:19:08.147506: I tensorflow/stream_executor/cuda/cuda_diagnostics.cc:156] kernel driver does not appear to be running on this host (ubuntu-c-16-lon1-01): /proc/driver/nvidia/version does not exist\n2021-04-06 14:19:08.147747: I tensorflow/core/platform/cpu_feature_guard.cc:142] Your CPU supports instructions that this TensorFlow binary was not compiled to use: AVX2 FMA\n2021-04-06 14:19:08.154188: I tensorflow/core/platform/profile_utils/cpu_utils.cc:94] CPU Frequency: 2599995000 Hz\n2021-04-06 14:19:08.155276: I tensorflow/compiler/xla/service/service.cc:168] XLA service 0x559c42029470 initialized for platform Host (this does not guarantee that XLA will be used). Devices:\n2021-04-06 14:19:08.155302: I tensorflow/compiler/xla/service/service.cc:176]   StreamExecutor device (0): Host, Default Version\nWARNING:tensorflow:From /root/NeuralTuringMachine/freeze.py:31: The name tf.train.import_meta_graph is deprecated. Please use tf.compat.v1.train.import_meta_graph instead.\n\nWARNING:tensorflow:From /root/NeuralTuringMachine/freeze.py:42: convert_variables_to_constants (from tensorflow.python.framework.graph_util_impl) is deprecated and will be removed in a future version.\nInstructions for updating:\nUse `tf.compat.v1.graph_util.convert_variables_to_constants`\nWARNING:tensorflow:From /root/NeuralTuringMachine/venv/lib/python3.7/site-packages/tensorflow_core/python/framework/graph_util_impl.py:277: extract_sub_graph (from tensorflow.python.framework.graph_util_impl) is deprecated and will be removed in a future version.\nInstructions for updating:\nUse `tf.compat.v1.graph_util.extract_sub_graph`\n")
INFO:utils:Froze the model at step 40000.
INFO:utils:----EVAL----
INFO:utils:target task error/loss: 2.48125,3.5879087686538695
INFO:utils:multi task error/loss: None,None
INFO:utils:curriculum point error/loss (None): None,None
INFO:utils:EVAL_PARSABLE: 40000,2.48125,3.5879087686538695,None,None,None,None,None
INFO:utils:Saved the trained model at step 50000.
INFO:utils:CompletedProcess(args=['/root/NeuralTuringMachine/venv/bin/python', '/root/NeuralTuringMachine/freeze.py', '--checkpoint_dir', 'models/50000'], returncode=0, stdout=b'Tensorflow reading models/50000/my_model.ckpt before freezing\n', stderr=b"WARNING:tensorflow:From /root/NeuralTuringMachine/freeze.py:29: The name tf.Session is deprecated. Please use tf.compat.v1.Session instead.\n\n2021-04-06 22:50:46.848241: W tensorflow/stream_executor/platform/default/dso_loader.cc:55] Could not load dynamic library 'libcuda.so.1'; dlerror: libcuda.so.1: cannot open shared object file: No such file or directory\n2021-04-06 22:50:46.848304: E tensorflow/stream_executor/cuda/cuda_driver.cc:318] failed call to cuInit: UNKNOWN ERROR (303)\n2021-04-06 22:50:46.848344: I tensorflow/stream_executor/cuda/cuda_diagnostics.cc:156] kernel driver does not appear to be running on this host (ubuntu-c-16-lon1-01): /proc/driver/nvidia/version does not exist\n2021-04-06 22:50:46.848634: I tensorflow/core/platform/cpu_feature_guard.cc:142] Your CPU supports instructions that this TensorFlow binary was not compiled to use: AVX2 FMA\n2021-04-06 22:50:46.854951: I tensorflow/core/platform/profile_utils/cpu_utils.cc:94] CPU Frequency: 2599995000 Hz\n2021-04-06 22:50:46.855803: I tensorflow/compiler/xla/service/service.cc:168] XLA service 0x557a871941d0 initialized for platform Host (this does not guarantee that XLA will be used). Devices:\n2021-04-06 22:50:46.855823: I tensorflow/compiler/xla/service/service.cc:176]   StreamExecutor device (0): Host, Default Version\nWARNING:tensorflow:From /root/NeuralTuringMachine/freeze.py:31: The name tf.train.import_meta_graph is deprecated. Please use tf.compat.v1.train.import_meta_graph instead.\n\nWARNING:tensorflow:From /root/NeuralTuringMachine/freeze.py:42: convert_variables_to_constants (from tensorflow.python.framework.graph_util_impl) is deprecated and will be removed in a future version.\nInstructions for updating:\nUse `tf.compat.v1.graph_util.convert_variables_to_constants`\nWARNING:tensorflow:From /root/NeuralTuringMachine/venv/lib/python3.7/site-packages/tensorflow_core/python/framework/graph_util_impl.py:277: extract_sub_graph (from tensorflow.python.framework.graph_util_impl) is deprecated and will be removed in a future version.\nInstructions for updating:\nUse `tf.compat.v1.graph_util.extract_sub_graph`\n")
INFO:utils:Froze the model at step 50000.
INFO:utils:----EVAL----
INFO:utils:target task error/loss: 2.578125,3.65722119808197
INFO:utils:multi task error/loss: None,None
INFO:utils:curriculum point error/loss (None): None,None
INFO:utils:EVAL_PARSABLE: 50000,2.578125,3.65722119808197,None,None,None,None,None
INFO:utils:Saved the trained model at step 60000.
INFO:utils:CompletedProcess(args=['/root/NeuralTuringMachine/venv/bin/python', '/root/NeuralTuringMachine/freeze.py', '--checkpoint_dir', 'models/60000'], returncode=0, stdout=b'Tensorflow reading models/60000/my_model.ckpt before freezing\n', stderr=b"WARNING:tensorflow:From /root/NeuralTuringMachine/freeze.py:29: The name tf.Session is deprecated. Please use tf.compat.v1.Session instead.\n\n2021-04-07 07:23:09.140866: W tensorflow/stream_executor/platform/default/dso_loader.cc:55] Could not load dynamic library 'libcuda.so.1'; dlerror: libcuda.so.1: cannot open shared object file: No such file or directory\n2021-04-07 07:23:09.140929: E tensorflow/stream_executor/cuda/cuda_driver.cc:318] failed call to cuInit: UNKNOWN ERROR (303)\n2021-04-07 07:23:09.140948: I tensorflow/stream_executor/cuda/cuda_diagnostics.cc:156] kernel driver does not appear to be running on this host (ubuntu-c-16-lon1-01): /proc/driver/nvidia/version does not exist\n2021-04-07 07:23:09.141193: I tensorflow/core/platform/cpu_feature_guard.cc:142] Your CPU supports instructions that this TensorFlow binary was not compiled to use: AVX2 FMA\n2021-04-07 07:23:09.147473: I tensorflow/core/platform/profile_utils/cpu_utils.cc:94] CPU Frequency: 2599995000 Hz\n2021-04-07 07:23:09.148585: I tensorflow/compiler/xla/service/service.cc:168] XLA service 0x560f88d17240 initialized for platform Host (this does not guarantee that XLA will be used). Devices:\n2021-04-07 07:23:09.148611: I tensorflow/compiler/xla/service/service.cc:176]   StreamExecutor device (0): Host, Default Version\nWARNING:tensorflow:From /root/NeuralTuringMachine/freeze.py:31: The name tf.train.import_meta_graph is deprecated. Please use tf.compat.v1.train.import_meta_graph instead.\n\nWARNING:tensorflow:From /root/NeuralTuringMachine/freeze.py:42: convert_variables_to_constants (from tensorflow.python.framework.graph_util_impl) is deprecated and will be removed in a future version.\nInstructions for updating:\nUse `tf.compat.v1.graph_util.convert_variables_to_constants`\nWARNING:tensorflow:From /root/NeuralTuringMachine/venv/lib/python3.7/site-packages/tensorflow_core/python/framework/graph_util_impl.py:277: extract_sub_graph (from tensorflow.python.framework.graph_util_impl) is deprecated and will be removed in a future version.\nInstructions for updating:\nUse `tf.compat.v1.graph_util.extract_sub_graph`\n")
INFO:utils:Froze the model at step 60000.
INFO:utils:----EVAL----
INFO:utils:target task error/loss: 2.446875,3.7442814826965334
INFO:utils:multi task error/loss: None,None
INFO:utils:curriculum point error/loss (None): None,None
INFO:utils:EVAL_PARSABLE: 60000,2.446875,3.7442814826965334,None,None,None,None,None
INFO:utils:Saved the trained model at step 70000.
INFO:utils:CompletedProcess(args=['/root/NeuralTuringMachine/venv/bin/python', '/root/NeuralTuringMachine/freeze.py', '--checkpoint_dir', 'models/70000'], returncode=0, stdout=b'Tensorflow reading models/70000/my_model.ckpt before freezing\n', stderr=b"WARNING:tensorflow:From /root/NeuralTuringMachine/freeze.py:29: The name tf.Session is deprecated. Please use tf.compat.v1.Session instead.\n\n2021-04-07 15:55:45.897464: W tensorflow/stream_executor/platform/default/dso_loader.cc:55] Could not load dynamic library 'libcuda.so.1'; dlerror: libcuda.so.1: cannot open shared object file: No such file or directory\n2021-04-07 15:55:45.897498: E tensorflow/stream_executor/cuda/cuda_driver.cc:318] failed call to cuInit: UNKNOWN ERROR (303)\n2021-04-07 15:55:45.897525: I tensorflow/stream_executor/cuda/cuda_diagnostics.cc:156] kernel driver does not appear to be running on this host (ubuntu-c-16-lon1-01): /proc/driver/nvidia/version does not exist\n2021-04-07 15:55:45.897787: I tensorflow/core/platform/cpu_feature_guard.cc:142] Your CPU supports instructions that this TensorFlow binary was not compiled to use: AVX2 FMA\n2021-04-07 15:55:45.904141: I tensorflow/core/platform/profile_utils/cpu_utils.cc:94] CPU Frequency: 2599995000 Hz\n2021-04-07 15:55:45.905096: I tensorflow/compiler/xla/service/service.cc:168] XLA service 0x563ec20916a0 initialized for platform Host (this does not guarantee that XLA will be used). Devices:\n2021-04-07 15:55:45.905125: I tensorflow/compiler/xla/service/service.cc:176]   StreamExecutor device (0): Host, Default Version\nWARNING:tensorflow:From /root/NeuralTuringMachine/freeze.py:31: The name tf.train.import_meta_graph is deprecated. Please use tf.compat.v1.train.import_meta_graph instead.\n\nWARNING:tensorflow:From /root/NeuralTuringMachine/freeze.py:42: convert_variables_to_constants (from tensorflow.python.framework.graph_util_impl) is deprecated and will be removed in a future version.\nInstructions for updating:\nUse `tf.compat.v1.graph_util.convert_variables_to_constants`\nWARNING:tensorflow:From /root/NeuralTuringMachine/venv/lib/python3.7/site-packages/tensorflow_core/python/framework/graph_util_impl.py:277: extract_sub_graph (from tensorflow.python.framework.graph_util_impl) is deprecated and will be removed in a future version.\nInstructions for updating:\nUse `tf.compat.v1.graph_util.extract_sub_graph`\n")
INFO:utils:Froze the model at step 70000.
INFO:utils:----EVAL----
INFO:utils:target task error/loss: 1.965625,2.9743985652923586
INFO:utils:multi task error/loss: None,None
INFO:utils:curriculum point error/loss (None): None,None
INFO:utils:EVAL_PARSABLE: 70000,1.965625,2.9743985652923586,None,None,None,None,None
INFO:utils:Saved the trained model at step 80000.
INFO:utils:CompletedProcess(args=['/root/NeuralTuringMachine/venv/bin/python', '/root/NeuralTuringMachine/freeze.py', '--checkpoint_dir', 'models/80000'], returncode=0, stdout=b'Tensorflow reading models/80000/my_model.ckpt before freezing\n', stderr=b"WARNING:tensorflow:From /root/NeuralTuringMachine/freeze.py:29: The name tf.Session is deprecated. Please use tf.compat.v1.Session instead.\n\n2021-04-08 00:28:41.019820: W tensorflow/stream_executor/platform/default/dso_loader.cc:55] Could not load dynamic library 'libcuda.so.1'; dlerror: libcuda.so.1: cannot open shared object file: No such file or directory\n2021-04-08 00:28:41.019876: E tensorflow/stream_executor/cuda/cuda_driver.cc:318] failed call to cuInit: UNKNOWN ERROR (303)\n2021-04-08 00:28:41.019896: I tensorflow/stream_executor/cuda/cuda_diagnostics.cc:156] kernel driver does not appear to be running on this host (ubuntu-c-16-lon1-01): /proc/driver/nvidia/version does not exist\n2021-04-08 00:28:41.020142: I tensorflow/core/platform/cpu_feature_guard.cc:142] Your CPU supports instructions that this TensorFlow binary was not compiled to use: AVX2 FMA\n2021-04-08 00:28:41.026656: I tensorflow/core/platform/profile_utils/cpu_utils.cc:94] CPU Frequency: 2599995000 Hz\n2021-04-08 00:28:41.027621: I tensorflow/compiler/xla/service/service.cc:168] XLA service 0x5637f6be7630 initialized for platform Host (this does not guarantee that XLA will be used). Devices:\n2021-04-08 00:28:41.027654: I tensorflow/compiler/xla/service/service.cc:176]   StreamExecutor device (0): Host, Default Version\nWARNING:tensorflow:From /root/NeuralTuringMachine/freeze.py:31: The name tf.train.import_meta_graph is deprecated. Please use tf.compat.v1.train.import_meta_graph instead.\n\nWARNING:tensorflow:From /root/NeuralTuringMachine/freeze.py:42: convert_variables_to_constants (from tensorflow.python.framework.graph_util_impl) is deprecated and will be removed in a future version.\nInstructions for updating:\nUse `tf.compat.v1.graph_util.convert_variables_to_constants`\nWARNING:tensorflow:From /root/NeuralTuringMachine/venv/lib/python3.7/site-packages/tensorflow_core/python/framework/graph_util_impl.py:277: extract_sub_graph (from tensorflow.python.framework.graph_util_impl) is deprecated and will be removed in a future version.\nInstructions for updating:\nUse `tf.compat.v1.graph_util.extract_sub_graph`\n")
INFO:utils:Froze the model at step 80000.
INFO:utils:----EVAL----
INFO:utils:target task error/loss: 1.9625,3.0704956531524656
INFO:utils:multi task error/loss: None,None
INFO:utils:curriculum point error/loss (None): None,None
INFO:utils:EVAL_PARSABLE: 80000,1.9625,3.0704956531524656,None,None,None,None,None
INFO:utils:Saved the trained model at step 90000.
INFO:utils:CompletedProcess(args=['/root/NeuralTuringMachine/venv/bin/python', '/root/NeuralTuringMachine/freeze.py', '--checkpoint_dir', 'models/90000'], returncode=0, stdout=b'Tensorflow reading models/90000/my_model.ckpt before freezing\n', stderr=b"WARNING:tensorflow:From /root/NeuralTuringMachine/freeze.py:29: The name tf.Session is deprecated. Please use tf.compat.v1.Session instead.\n\n2021-04-08 09:00:13.170641: W tensorflow/stream_executor/platform/default/dso_loader.cc:55] Could not load dynamic library 'libcuda.so.1'; dlerror: libcuda.so.1: cannot open shared object file: No such file or directory\n2021-04-08 09:00:13.170694: E tensorflow/stream_executor/cuda/cuda_driver.cc:318] failed call to cuInit: UNKNOWN ERROR (303)\n2021-04-08 09:00:13.170716: I tensorflow/stream_executor/cuda/cuda_diagnostics.cc:156] kernel driver does not appear to be running on this host (ubuntu-c-16-lon1-01): /proc/driver/nvidia/version does not exist\n2021-04-08 09:00:13.170987: I tensorflow/core/platform/cpu_feature_guard.cc:142] Your CPU supports instructions that this TensorFlow binary was not compiled to use: AVX2 FMA\n2021-04-08 09:00:13.177702: I tensorflow/core/platform/profile_utils/cpu_utils.cc:94] CPU Frequency: 2599995000 Hz\n2021-04-08 09:00:13.178669: I tensorflow/compiler/xla/service/service.cc:168] XLA service 0x565047672a40 initialized for platform Host (this does not guarantee that XLA will be used). Devices:\n2021-04-08 09:00:13.178693: I tensorflow/compiler/xla/service/service.cc:176]   StreamExecutor device (0): Host, Default Version\nWARNING:tensorflow:From /root/NeuralTuringMachine/freeze.py:31: The name tf.train.import_meta_graph is deprecated. Please use tf.compat.v1.train.import_meta_graph instead.\n\nWARNING:tensorflow:From /root/NeuralTuringMachine/freeze.py:42: convert_variables_to_constants (from tensorflow.python.framework.graph_util_impl) is deprecated and will be removed in a future version.\nInstructions for updating:\nUse `tf.compat.v1.graph_util.convert_variables_to_constants`\nWARNING:tensorflow:From /root/NeuralTuringMachine/venv/lib/python3.7/site-packages/tensorflow_core/python/framework/graph_util_impl.py:277: extract_sub_graph (from tensorflow.python.framework.graph_util_impl) is deprecated and will be removed in a future version.\nInstructions for updating:\nUse `tf.compat.v1.graph_util.extract_sub_graph`\n")
INFO:utils:Froze the model at step 90000.
INFO:utils:----EVAL----
INFO:utils:target task error/loss: 1.846875,2.775447130203247
INFO:utils:multi task error/loss: None,None
INFO:utils:curriculum point error/loss (None): None,None
INFO:utils:EVAL_PARSABLE: 90000,1.846875,2.775447130203247,None,None,None,None,None
INFO:utils:Saved the trained model at step 100000.
INFO:utils:CompletedProcess(args=['/root/NeuralTuringMachine/venv/bin/python', '/root/NeuralTuringMachine/freeze.py', '--checkpoint_dir', 'models/100000'], returncode=0, stdout=b'Tensorflow reading models/100000/my_model.ckpt before freezing\n', stderr=b"WARNING:tensorflow:From /root/NeuralTuringMachine/freeze.py:29: The name tf.Session is deprecated. Please use tf.compat.v1.Session instead.\n\n2021-04-08 17:32:07.668846: W tensorflow/stream_executor/platform/default/dso_loader.cc:55] Could not load dynamic library 'libcuda.so.1'; dlerror: libcuda.so.1: cannot open shared object file: No such file or directory\n2021-04-08 17:32:07.668877: E tensorflow/stream_executor/cuda/cuda_driver.cc:318] failed call to cuInit: UNKNOWN ERROR (303)\n2021-04-08 17:32:07.668912: I tensorflow/stream_executor/cuda/cuda_diagnostics.cc:156] kernel driver does not appear to be running on this host (ubuntu-c-16-lon1-01): /proc/driver/nvidia/version does not exist\n2021-04-08 17:32:07.669156: I tensorflow/core/platform/cpu_feature_guard.cc:142] Your CPU supports instructions that this TensorFlow binary was not compiled to use: AVX2 FMA\n2021-04-08 17:32:07.675562: I tensorflow/core/platform/profile_utils/cpu_utils.cc:94] CPU Frequency: 2599995000 Hz\n2021-04-08 17:32:07.676532: I tensorflow/compiler/xla/service/service.cc:168] XLA service 0x558f04ae3de0 initialized for platform Host (this does not guarantee that XLA will be used). Devices:\n2021-04-08 17:32:07.676555: I tensorflow/compiler/xla/service/service.cc:176]   StreamExecutor device (0): Host, Default Version\nWARNING:tensorflow:From /root/NeuralTuringMachine/freeze.py:31: The name tf.train.import_meta_graph is deprecated. Please use tf.compat.v1.train.import_meta_graph instead.\n\nWARNING:tensorflow:From /root/NeuralTuringMachine/freeze.py:42: convert_variables_to_constants (from tensorflow.python.framework.graph_util_impl) is deprecated and will be removed in a future version.\nInstructions for updating:\nUse `tf.compat.v1.graph_util.convert_variables_to_constants`\nWARNING:tensorflow:From /root/NeuralTuringMachine/venv/lib/python3.7/site-packages/tensorflow_core/python/framework/graph_util_impl.py:277: extract_sub_graph (from tensorflow.python.framework.graph_util_impl) is deprecated and will be removed in a future version.\nInstructions for updating:\nUse `tf.compat.v1.graph_util.extract_sub_graph`\n")
INFO:utils:Froze the model at step 100000.
INFO:utils:----EVAL----
INFO:utils:target task error/loss: 1.678125,2.6793428897857665
INFO:utils:multi task error/loss: None,None
INFO:utils:curriculum point error/loss (None): None,None
INFO:utils:EVAL_PARSABLE: 100000,1.678125,2.6793428897857665,None,None,None,None,None
WARNING:tensorflow:From /root/NeuralTuringMachine/venv/lib/python3.7/site-packages/tensorflow_core/python/training/saver.py:963: remove_checkpoint (from tensorflow.python.training.checkpoint_management) is deprecated and will be removed in a future version.
Instructions for updating:
Use standard file APIs to delete files with this prefix.
WARNING:tensorflow:From /root/NeuralTuringMachine/venv/lib/python3.7/site-packages/tensorflow_core/python/training/saver.py:963: remove_checkpoint (from tensorflow.python.training.checkpoint_management) is deprecated and will be removed in a future version.
Instructions for updating:
Use standard file APIs to delete files with this prefix.
INFO:utils:Saved the trained model at step 110000.
INFO:utils:CompletedProcess(args=['/root/NeuralTuringMachine/venv/bin/python', '/root/NeuralTuringMachine/freeze.py', '--checkpoint_dir', 'models/110000'], returncode=0, stdout=b'Tensorflow reading models/110000/my_model.ckpt before freezing\n', stderr=b"WARNING:tensorflow:From /root/NeuralTuringMachine/freeze.py:29: The name tf.Session is deprecated. Please use tf.compat.v1.Session instead.\n\n2021-04-09 02:03:04.407049: W tensorflow/stream_executor/platform/default/dso_loader.cc:55] Could not load dynamic library 'libcuda.so.1'; dlerror: libcuda.so.1: cannot open shared object file: No such file or directory\n2021-04-09 02:03:04.407096: E tensorflow/stream_executor/cuda/cuda_driver.cc:318] failed call to cuInit: UNKNOWN ERROR (303)\n2021-04-09 02:03:04.407133: I tensorflow/stream_executor/cuda/cuda_diagnostics.cc:156] kernel driver does not appear to be running on this host (ubuntu-c-16-lon1-01): /proc/driver/nvidia/version does not exist\n2021-04-09 02:03:04.407392: I tensorflow/core/platform/cpu_feature_guard.cc:142] Your CPU supports instructions that this TensorFlow binary was not compiled to use: AVX2 FMA\n2021-04-09 02:03:04.413750: I tensorflow/core/platform/profile_utils/cpu_utils.cc:94] CPU Frequency: 2599995000 Hz\n2021-04-09 02:03:04.414743: I tensorflow/compiler/xla/service/service.cc:168] XLA service 0x55e62b1f4800 initialized for platform Host (this does not guarantee that XLA will be used). Devices:\n2021-04-09 02:03:04.414767: I tensorflow/compiler/xla/service/service.cc:176]   StreamExecutor device (0): Host, Default Version\nWARNING:tensorflow:From /root/NeuralTuringMachine/freeze.py:31: The name tf.train.import_meta_graph is deprecated. Please use tf.compat.v1.train.import_meta_graph instead.\n\nWARNING:tensorflow:From /root/NeuralTuringMachine/freeze.py:42: convert_variables_to_constants (from tensorflow.python.framework.graph_util_impl) is deprecated and will be removed in a future version.\nInstructions for updating:\nUse `tf.compat.v1.graph_util.convert_variables_to_constants`\nWARNING:tensorflow:From /root/NeuralTuringMachine/venv/lib/python3.7/site-packages/tensorflow_core/python/framework/graph_util_impl.py:277: extract_sub_graph (from tensorflow.python.framework.graph_util_impl) is deprecated and will be removed in a future version.\nInstructions for updating:\nUse `tf.compat.v1.graph_util.extract_sub_graph`\n")
INFO:utils:Froze the model at step 110000.
INFO:utils:----EVAL----
INFO:utils:target task error/loss: 1.46875,2.328882908821106
INFO:utils:multi task error/loss: None,None
INFO:utils:curriculum point error/loss (None): None,None
INFO:utils:EVAL_PARSABLE: 110000,1.46875,2.328882908821106,None,None,None,None,None
INFO:utils:Saved the trained model at step 120000.
INFO:utils:CompletedProcess(args=['/root/NeuralTuringMachine/venv/bin/python', '/root/NeuralTuringMachine/freeze.py', '--checkpoint_dir', 'models/120000'], returncode=0, stdout=b'Tensorflow reading models/120000/my_model.ckpt before freezing\n', stderr=b"WARNING:tensorflow:From /root/NeuralTuringMachine/freeze.py:29: The name tf.Session is deprecated. Please use tf.compat.v1.Session instead.\n\n2021-04-09 10:34:24.445044: W tensorflow/stream_executor/platform/default/dso_loader.cc:55] Could not load dynamic library 'libcuda.so.1'; dlerror: libcuda.so.1: cannot open shared object file: No such file or directory\n2021-04-09 10:34:24.445075: E tensorflow/stream_executor/cuda/cuda_driver.cc:318] failed call to cuInit: UNKNOWN ERROR (303)\n2021-04-09 10:34:24.445096: I tensorflow/stream_executor/cuda/cuda_diagnostics.cc:156] kernel driver does not appear to be running on this host (ubuntu-c-16-lon1-01): /proc/driver/nvidia/version does not exist\n2021-04-09 10:34:24.445358: I tensorflow/core/platform/cpu_feature_guard.cc:142] Your CPU supports instructions that this TensorFlow binary was not compiled to use: AVX2 FMA\n2021-04-09 10:34:24.451999: I tensorflow/core/platform/profile_utils/cpu_utils.cc:94] CPU Frequency: 2599995000 Hz\n2021-04-09 10:34:24.452884: I tensorflow/compiler/xla/service/service.cc:168] XLA service 0x55bbc623ddc0 initialized for platform Host (this does not guarantee that XLA will be used). Devices:\n2021-04-09 10:34:24.452907: I tensorflow/compiler/xla/service/service.cc:176]   StreamExecutor device (0): Host, Default Version\nWARNING:tensorflow:From /root/NeuralTuringMachine/freeze.py:31: The name tf.train.import_meta_graph is deprecated. Please use tf.compat.v1.train.import_meta_graph instead.\n\nWARNING:tensorflow:From /root/NeuralTuringMachine/freeze.py:42: convert_variables_to_constants (from tensorflow.python.framework.graph_util_impl) is deprecated and will be removed in a future version.\nInstructions for updating:\nUse `tf.compat.v1.graph_util.convert_variables_to_constants`\nWARNING:tensorflow:From /root/NeuralTuringMachine/venv/lib/python3.7/site-packages/tensorflow_core/python/framework/graph_util_impl.py:277: extract_sub_graph (from tensorflow.python.framework.graph_util_impl) is deprecated and will be removed in a future version.\nInstructions for updating:\nUse `tf.compat.v1.graph_util.extract_sub_graph`\n")
INFO:utils:Froze the model at step 120000.
INFO:utils:----EVAL----
INFO:utils:target task error/loss: 1.521875,2.3620909690856933
INFO:utils:multi task error/loss: None,None
INFO:utils:curriculum point error/loss (None): None,None
INFO:utils:EVAL_PARSABLE: 120000,1.521875,2.3620909690856933,None,None,None,None,None
INFO:utils:Saved the trained model at step 130000.
INFO:utils:CompletedProcess(args=['/root/NeuralTuringMachine/venv/bin/python', '/root/NeuralTuringMachine/freeze.py', '--checkpoint_dir', 'models/130000'], returncode=0, stdout=b'Tensorflow reading models/130000/my_model.ckpt before freezing\n', stderr=b"WARNING:tensorflow:From /root/NeuralTuringMachine/freeze.py:29: The name tf.Session is deprecated. Please use tf.compat.v1.Session instead.\n\n2021-04-09 19:05:41.723298: W tensorflow/stream_executor/platform/default/dso_loader.cc:55] Could not load dynamic library 'libcuda.so.1'; dlerror: libcuda.so.1: cannot open shared object file: No such file or directory\n2021-04-09 19:05:41.723328: E tensorflow/stream_executor/cuda/cuda_driver.cc:318] failed call to cuInit: UNKNOWN ERROR (303)\n2021-04-09 19:05:41.723363: I tensorflow/stream_executor/cuda/cuda_diagnostics.cc:156] kernel driver does not appear to be running on this host (ubuntu-c-16-lon1-01): /proc/driver/nvidia/version does not exist\n2021-04-09 19:05:41.723593: I tensorflow/core/platform/cpu_feature_guard.cc:142] Your CPU supports instructions that this TensorFlow binary was not compiled to use: AVX2 FMA\n2021-04-09 19:05:41.729798: I tensorflow/core/platform/profile_utils/cpu_utils.cc:94] CPU Frequency: 2599995000 Hz\n2021-04-09 19:05:41.730907: I tensorflow/compiler/xla/service/service.cc:168] XLA service 0x5569b49e8240 initialized for platform Host (this does not guarantee that XLA will be used). Devices:\n2021-04-09 19:05:41.730948: I tensorflow/compiler/xla/service/service.cc:176]   StreamExecutor device (0): Host, Default Version\nWARNING:tensorflow:From /root/NeuralTuringMachine/freeze.py:31: The name tf.train.import_meta_graph is deprecated. Please use tf.compat.v1.train.import_meta_graph instead.\n\nWARNING:tensorflow:From /root/NeuralTuringMachine/freeze.py:42: convert_variables_to_constants (from tensorflow.python.framework.graph_util_impl) is deprecated and will be removed in a future version.\nInstructions for updating:\nUse `tf.compat.v1.graph_util.convert_variables_to_constants`\nWARNING:tensorflow:From /root/NeuralTuringMachine/venv/lib/python3.7/site-packages/tensorflow_core/python/framework/graph_util_impl.py:277: extract_sub_graph (from tensorflow.python.framework.graph_util_impl) is deprecated and will be removed in a future version.\nInstructions for updating:\nUse `tf.compat.v1.graph_util.extract_sub_graph`\n")
INFO:utils:Froze the model at step 130000.
INFO:utils:----EVAL----
INFO:utils:target task error/loss: 1.459375,2.3042893171310426
INFO:utils:multi task error/loss: None,None
INFO:utils:curriculum point error/loss (None): None,None
INFO:utils:EVAL_PARSABLE: 130000,1.459375,2.3042893171310426,None,None,None,None,None
INFO:utils:Saved the trained model at step 140000.
INFO:utils:CompletedProcess(args=['/root/NeuralTuringMachine/venv/bin/python', '/root/NeuralTuringMachine/freeze.py', '--checkpoint_dir', 'models/140000'], returncode=0, stdout=b'Tensorflow reading models/140000/my_model.ckpt before freezing\n', stderr=b"WARNING:tensorflow:From /root/NeuralTuringMachine/freeze.py:29: The name tf.Session is deprecated. Please use tf.compat.v1.Session instead.\n\n2021-04-10 03:36:27.349128: W tensorflow/stream_executor/platform/default/dso_loader.cc:55] Could not load dynamic library 'libcuda.so.1'; dlerror: libcuda.so.1: cannot open shared object file: No such file or directory\n2021-04-10 03:36:27.349162: E tensorflow/stream_executor/cuda/cuda_driver.cc:318] failed call to cuInit: UNKNOWN ERROR (303)\n2021-04-10 03:36:27.349182: I tensorflow/stream_executor/cuda/cuda_diagnostics.cc:156] kernel driver does not appear to be running on this host (ubuntu-c-16-lon1-01): /proc/driver/nvidia/version does not exist\n2021-04-10 03:36:27.349428: I tensorflow/core/platform/cpu_feature_guard.cc:142] Your CPU supports instructions that this TensorFlow binary was not compiled to use: AVX2 FMA\n2021-04-10 03:36:27.356064: I tensorflow/core/platform/profile_utils/cpu_utils.cc:94] CPU Frequency: 2599995000 Hz\n2021-04-10 03:36:27.357022: I tensorflow/compiler/xla/service/service.cc:168] XLA service 0x564595650610 initialized for platform Host (this does not guarantee that XLA will be used). Devices:\n2021-04-10 03:36:27.357048: I tensorflow/compiler/xla/service/service.cc:176]   StreamExecutor device (0): Host, Default Version\nWARNING:tensorflow:From /root/NeuralTuringMachine/freeze.py:31: The name tf.train.import_meta_graph is deprecated. Please use tf.compat.v1.train.import_meta_graph instead.\n\nWARNING:tensorflow:From /root/NeuralTuringMachine/freeze.py:42: convert_variables_to_constants (from tensorflow.python.framework.graph_util_impl) is deprecated and will be removed in a future version.\nInstructions for updating:\nUse `tf.compat.v1.graph_util.convert_variables_to_constants`\nWARNING:tensorflow:From /root/NeuralTuringMachine/venv/lib/python3.7/site-packages/tensorflow_core/python/framework/graph_util_impl.py:277: extract_sub_graph (from tensorflow.python.framework.graph_util_impl) is deprecated and will be removed in a future version.\nInstructions for updating:\nUse `tf.compat.v1.graph_util.extract_sub_graph`\n")
INFO:utils:Froze the model at step 140000.
INFO:utils:----EVAL----
INFO:utils:target task error/loss: 1.33125,2.2190040349960327
INFO:utils:multi task error/loss: None,None
INFO:utils:curriculum point error/loss (None): None,None
INFO:utils:EVAL_PARSABLE: 140000,1.33125,2.2190040349960327,None,None,None,None,None
INFO:utils:Saved the trained model at step 150000.
INFO:utils:CompletedProcess(args=['/root/NeuralTuringMachine/venv/bin/python', '/root/NeuralTuringMachine/freeze.py', '--checkpoint_dir', 'models/150000'], returncode=0, stdout=b'Tensorflow reading models/150000/my_model.ckpt before freezing\n', stderr=b"WARNING:tensorflow:From /root/NeuralTuringMachine/freeze.py:29: The name tf.Session is deprecated. Please use tf.compat.v1.Session instead.\n\n2021-04-10 12:07:30.581653: W tensorflow/stream_executor/platform/default/dso_loader.cc:55] Could not load dynamic library 'libcuda.so.1'; dlerror: libcuda.so.1: cannot open shared object file: No such file or directory\n2021-04-10 12:07:30.581686: E tensorflow/stream_executor/cuda/cuda_driver.cc:318] failed call to cuInit: UNKNOWN ERROR (303)\n2021-04-10 12:07:30.581718: I tensorflow/stream_executor/cuda/cuda_diagnostics.cc:156] kernel driver does not appear to be running on this host (ubuntu-c-16-lon1-01): /proc/driver/nvidia/version does not exist\n2021-04-10 12:07:30.582009: I tensorflow/core/platform/cpu_feature_guard.cc:142] Your CPU supports instructions that this TensorFlow binary was not compiled to use: AVX2 FMA\n2021-04-10 12:07:30.588620: I tensorflow/core/platform/profile_utils/cpu_utils.cc:94] CPU Frequency: 2599995000 Hz\n2021-04-10 12:07:30.589515: I tensorflow/compiler/xla/service/service.cc:168] XLA service 0x5649acda7ad0 initialized for platform Host (this does not guarantee that XLA will be used). Devices:\n2021-04-10 12:07:30.589541: I tensorflow/compiler/xla/service/service.cc:176]   StreamExecutor device (0): Host, Default Version\nWARNING:tensorflow:From /root/NeuralTuringMachine/freeze.py:31: The name tf.train.import_meta_graph is deprecated. Please use tf.compat.v1.train.import_meta_graph instead.\n\nWARNING:tensorflow:From /root/NeuralTuringMachine/freeze.py:42: convert_variables_to_constants (from tensorflow.python.framework.graph_util_impl) is deprecated and will be removed in a future version.\nInstructions for updating:\nUse `tf.compat.v1.graph_util.convert_variables_to_constants`\nWARNING:tensorflow:From /root/NeuralTuringMachine/venv/lib/python3.7/site-packages/tensorflow_core/python/framework/graph_util_impl.py:277: extract_sub_graph (from tensorflow.python.framework.graph_util_impl) is deprecated and will be removed in a future version.\nInstructions for updating:\nUse `tf.compat.v1.graph_util.extract_sub_graph`\n")
INFO:utils:Froze the model at step 150000.
INFO:utils:----EVAL----
INFO:utils:target task error/loss: 1.7375,2.7843220710754393
INFO:utils:multi task error/loss: None,None
INFO:utils:curriculum point error/loss (None): None,None
INFO:utils:EVAL_PARSABLE: 150000,1.7375,2.7843220710754393,None,None,None,None,None
INFO:utils:Saved the trained model at step 160000.
INFO:utils:CompletedProcess(args=['/root/NeuralTuringMachine/venv/bin/python', '/root/NeuralTuringMachine/freeze.py', '--checkpoint_dir', 'models/160000'], returncode=0, stdout=b'Tensorflow reading models/160000/my_model.ckpt before freezing\n', stderr=b"WARNING:tensorflow:From /root/NeuralTuringMachine/freeze.py:29: The name tf.Session is deprecated. Please use tf.compat.v1.Session instead.\n\n2021-04-10 20:38:34.141603: W tensorflow/stream_executor/platform/default/dso_loader.cc:55] Could not load dynamic library 'libcuda.so.1'; dlerror: libcuda.so.1: cannot open shared object file: No such file or directory\n2021-04-10 20:38:34.141633: E tensorflow/stream_executor/cuda/cuda_driver.cc:318] failed call to cuInit: UNKNOWN ERROR (303)\n2021-04-10 20:38:34.141652: I tensorflow/stream_executor/cuda/cuda_diagnostics.cc:156] kernel driver does not appear to be running on this host (ubuntu-c-16-lon1-01): /proc/driver/nvidia/version does not exist\n2021-04-10 20:38:34.141884: I tensorflow/core/platform/cpu_feature_guard.cc:142] Your CPU supports instructions that this TensorFlow binary was not compiled to use: AVX2 FMA\n2021-04-10 20:38:34.148108: I tensorflow/core/platform/profile_utils/cpu_utils.cc:94] CPU Frequency: 2599995000 Hz\n2021-04-10 20:38:34.149096: I tensorflow/compiler/xla/service/service.cc:168] XLA service 0x55f18bf6e8c0 initialized for platform Host (this does not guarantee that XLA will be used). Devices:\n2021-04-10 20:38:34.149127: I tensorflow/compiler/xla/service/service.cc:176]   StreamExecutor device (0): Host, Default Version\nWARNING:tensorflow:From /root/NeuralTuringMachine/freeze.py:31: The name tf.train.import_meta_graph is deprecated. Please use tf.compat.v1.train.import_meta_graph instead.\n\nWARNING:tensorflow:From /root/NeuralTuringMachine/freeze.py:42: convert_variables_to_constants (from tensorflow.python.framework.graph_util_impl) is deprecated and will be removed in a future version.\nInstructions for updating:\nUse `tf.compat.v1.graph_util.convert_variables_to_constants`\nWARNING:tensorflow:From /root/NeuralTuringMachine/venv/lib/python3.7/site-packages/tensorflow_core/python/framework/graph_util_impl.py:277: extract_sub_graph (from tensorflow.python.framework.graph_util_impl) is deprecated and will be removed in a future version.\nInstructions for updating:\nUse `tf.compat.v1.graph_util.extract_sub_graph`\n")
INFO:utils:Froze the model at step 160000.
INFO:utils:----EVAL----
INFO:utils:target task error/loss: 1.40625,2.148847258090973
INFO:utils:multi task error/loss: None,None
INFO:utils:curriculum point error/loss (None): None,None
INFO:utils:EVAL_PARSABLE: 160000,1.40625,2.148847258090973,None,None,None,None,None
INFO:utils:Saved the trained model at step 170000.
INFO:utils:CompletedProcess(args=['/root/NeuralTuringMachine/venv/bin/python', '/root/NeuralTuringMachine/freeze.py', '--checkpoint_dir', 'models/170000'], returncode=0, stdout=b'Tensorflow reading models/170000/my_model.ckpt before freezing\n', stderr=b"WARNING:tensorflow:From /root/NeuralTuringMachine/freeze.py:29: The name tf.Session is deprecated. Please use tf.compat.v1.Session instead.\n\n2021-04-11 05:08:57.125676: W tensorflow/stream_executor/platform/default/dso_loader.cc:55] Could not load dynamic library 'libcuda.so.1'; dlerror: libcuda.so.1: cannot open shared object file: No such file or directory\n2021-04-11 05:08:57.125707: E tensorflow/stream_executor/cuda/cuda_driver.cc:318] failed call to cuInit: UNKNOWN ERROR (303)\n2021-04-11 05:08:57.125743: I tensorflow/stream_executor/cuda/cuda_diagnostics.cc:156] kernel driver does not appear to be running on this host (ubuntu-c-16-lon1-01): /proc/driver/nvidia/version does not exist\n2021-04-11 05:08:57.125982: I tensorflow/core/platform/cpu_feature_guard.cc:142] Your CPU supports instructions that this TensorFlow binary was not compiled to use: AVX2 FMA\n2021-04-11 05:08:57.132449: I tensorflow/core/platform/profile_utils/cpu_utils.cc:94] CPU Frequency: 2599995000 Hz\n2021-04-11 05:08:57.133487: I tensorflow/compiler/xla/service/service.cc:168] XLA service 0x561801ea65b0 initialized for platform Host (this does not guarantee that XLA will be used). Devices:\n2021-04-11 05:08:57.133511: I tensorflow/compiler/xla/service/service.cc:176]   StreamExecutor device (0): Host, Default Version\nWARNING:tensorflow:From /root/NeuralTuringMachine/freeze.py:31: The name tf.train.import_meta_graph is deprecated. Please use tf.compat.v1.train.import_meta_graph instead.\n\nWARNING:tensorflow:From /root/NeuralTuringMachine/freeze.py:42: convert_variables_to_constants (from tensorflow.python.framework.graph_util_impl) is deprecated and will be removed in a future version.\nInstructions for updating:\nUse `tf.compat.v1.graph_util.convert_variables_to_constants`\nWARNING:tensorflow:From /root/NeuralTuringMachine/venv/lib/python3.7/site-packages/tensorflow_core/python/framework/graph_util_impl.py:277: extract_sub_graph (from tensorflow.python.framework.graph_util_impl) is deprecated and will be removed in a future version.\nInstructions for updating:\nUse `tf.compat.v1.graph_util.extract_sub_graph`\n")
INFO:utils:Froze the model at step 170000.
INFO:utils:----EVAL----
INFO:utils:target task error/loss: 1.375,2.1241454005241396
INFO:utils:multi task error/loss: None,None
INFO:utils:curriculum point error/loss (None): None,None
INFO:utils:EVAL_PARSABLE: 170000,1.375,2.1241454005241396,None,None,None,None,None
