+ mkdir models
mkdir: cannot create directory ‘models’: File exists
+ python run_tasks.py --experiment_name experiment --verbose no --num_train_steps 1000000 --steps_per_eval 10000 --use_local_impl no --curriculum none --num_bits_per_vector 3 --num_memory_locations 256 --max_seq_len 6 --task average_sum --num_experts 2
WARNING:tensorflow:From run_tasks.py:208: The name tf.variable_scope is deprecated. Please use tf.compat.v1.variable_scope instead.

WARNING:tensorflow:From run_tasks.py:208: The name tf.variable_scope is deprecated. Please use tf.compat.v1.variable_scope instead.

WARNING:tensorflow:From run_tasks.py:209: The name tf.placeholder is deprecated. Please use tf.compat.v1.placeholder instead.

WARNING:tensorflow:From run_tasks.py:209: The name tf.placeholder is deprecated. Please use tf.compat.v1.placeholder instead.

WARNING:tensorflow:
The TensorFlow contrib module will not be included in TensorFlow 2.0.
For more information, please see:
  * https://github.com/tensorflow/community/blob/master/rfcs/20180907-contrib-sunset.md
  * https://github.com/tensorflow/addons
  * https://github.com/tensorflow/io (for I/O related ops)
If you depend on functionality not listed there, please file an issue.

WARNING:tensorflow:
The TensorFlow contrib module will not be included in TensorFlow 2.0.
For more information, please see:
  * https://github.com/tensorflow/community/blob/master/rfcs/20180907-contrib-sunset.md
  * https://github.com/tensorflow/addons
  * https://github.com/tensorflow/io (for I/O related ops)
If you depend on functionality not listed there, please file an issue.

WARNING:tensorflow:From run_tasks.py:125: BasicLSTMCell.__init__ (from tensorflow.python.ops.rnn_cell_impl) is deprecated and will be removed in a future version.
Instructions for updating:
This class is equivalent as tf.keras.layers.LSTMCell, and will be replaced by that in Tensorflow 2.0.
WARNING:tensorflow:From run_tasks.py:125: BasicLSTMCell.__init__ (from tensorflow.python.ops.rnn_cell_impl) is deprecated and will be removed in a future version.
Instructions for updating:
This class is equivalent as tf.keras.layers.LSTMCell, and will be replaced by that in Tensorflow 2.0.
WARNING:tensorflow:From run_tasks.py:128: MultiRNNCell.__init__ (from tensorflow.python.ops.rnn_cell_impl) is deprecated and will be removed in a future version.
Instructions for updating:
This class is equivalent as tf.keras.layers.StackedRNNCells, and will be replaced by that in Tensorflow 2.0.
WARNING:tensorflow:From run_tasks.py:128: MultiRNNCell.__init__ (from tensorflow.python.ops.rnn_cell_impl) is deprecated and will be removed in a future version.
Instructions for updating:
This class is equivalent as tf.keras.layers.StackedRNNCells, and will be replaced by that in Tensorflow 2.0.
WARNING:tensorflow:From run_tasks.py:140: dynamic_rnn (from tensorflow.python.ops.rnn) is deprecated and will be removed in a future version.
Instructions for updating:
Please use `keras.layers.RNN(cell)`, which is equivalent to this API
WARNING:tensorflow:From run_tasks.py:140: dynamic_rnn (from tensorflow.python.ops.rnn) is deprecated and will be removed in a future version.
Instructions for updating:
Please use `keras.layers.RNN(cell)`, which is equivalent to this API
WARNING:tensorflow:From /root/NeuralTuringMachine/venv/lib/python3.7/site-packages/tensorflow_core/contrib/rnn/python/ops/rnn_cell.py:3524: calling TruncatedNormal.__init__ (from tensorflow.python.ops.init_ops) with dtype is deprecated and will be removed in a future version.
Instructions for updating:
Call initializer instance with the dtype argument instead of passing it to the constructor
WARNING:tensorflow:From /root/NeuralTuringMachine/venv/lib/python3.7/site-packages/tensorflow_core/contrib/rnn/python/ops/rnn_cell.py:3524: calling TruncatedNormal.__init__ (from tensorflow.python.ops.init_ops) with dtype is deprecated and will be removed in a future version.
Instructions for updating:
Call initializer instance with the dtype argument instead of passing it to the constructor
WARNING:tensorflow:From /root/NeuralTuringMachine/venv/lib/python3.7/site-packages/tensorflow_core/contrib/rnn/python/ops/rnn_cell.py:3529: Layer.add_variable (from tensorflow.python.keras.engine.base_layer) is deprecated and will be removed in a future version.
Instructions for updating:
Please use `layer.add_weight` method instead.
WARNING:tensorflow:From /root/NeuralTuringMachine/venv/lib/python3.7/site-packages/tensorflow_core/contrib/rnn/python/ops/rnn_cell.py:3529: Layer.add_variable (from tensorflow.python.keras.engine.base_layer) is deprecated and will be removed in a future version.
Instructions for updating:
Please use `layer.add_weight` method instead.
WARNING:tensorflow:From /root/NeuralTuringMachine/venv/lib/python3.7/site-packages/tensorflow_core/contrib/rnn/python/ops/rnn_cell.py:3534: calling Constant.__init__ (from tensorflow.python.ops.init_ops) with dtype is deprecated and will be removed in a future version.
Instructions for updating:
Call initializer instance with the dtype argument instead of passing it to the constructor
WARNING:tensorflow:From /root/NeuralTuringMachine/venv/lib/python3.7/site-packages/tensorflow_core/contrib/rnn/python/ops/rnn_cell.py:3534: calling Constant.__init__ (from tensorflow.python.ops.init_ops) with dtype is deprecated and will be removed in a future version.
Instructions for updating:
Call initializer instance with the dtype argument instead of passing it to the constructor
WARNING:tensorflow:From /root/NeuralTuringMachine/venv/lib/python3.7/site-packages/tensorflow_core/python/ops/rnn_cell_impl.py:739: calling Zeros.__init__ (from tensorflow.python.ops.init_ops) with dtype is deprecated and will be removed in a future version.
Instructions for updating:
Call initializer instance with the dtype argument instead of passing it to the constructor
WARNING:tensorflow:From /root/NeuralTuringMachine/venv/lib/python3.7/site-packages/tensorflow_core/python/ops/rnn_cell_impl.py:739: calling Zeros.__init__ (from tensorflow.python.ops.init_ops) with dtype is deprecated and will be removed in a future version.
Instructions for updating:
Call initializer instance with the dtype argument instead of passing it to the constructor
WARNING:tensorflow:From /root/NeuralTuringMachine/venv/lib/python3.7/site-packages/tensorflow_core/python/util/dispatch.py:180: calling expand_dims (from tensorflow.python.ops.array_ops) with dim is deprecated and will be removed in a future version.
Instructions for updating:
Use the `axis` argument instead
WARNING:tensorflow:From /root/NeuralTuringMachine/venv/lib/python3.7/site-packages/tensorflow_core/python/util/dispatch.py:180: calling expand_dims (from tensorflow.python.ops.array_ops) with dim is deprecated and will be removed in a future version.
Instructions for updating:
Use the `axis` argument instead
WARNING:tensorflow:From /root/NeuralTuringMachine/venv/lib/python3.7/site-packages/tensorflow_core/python/ops/nn_impl.py:183: where (from tensorflow.python.ops.array_ops) is deprecated and will be removed in a future version.
Instructions for updating:
Use tf.where in 2.0, which has the same broadcast rule as np.where
WARNING:tensorflow:From /root/NeuralTuringMachine/venv/lib/python3.7/site-packages/tensorflow_core/python/ops/nn_impl.py:183: where (from tensorflow.python.ops.array_ops) is deprecated and will be removed in a future version.
Instructions for updating:
Use tf.where in 2.0, which has the same broadcast rule as np.where
WARNING:tensorflow:From run_tasks.py:181: The name tf.train.AdamOptimizer is deprecated. Please use tf.compat.v1.train.AdamOptimizer instead.

WARNING:tensorflow:From run_tasks.py:181: The name tf.train.AdamOptimizer is deprecated. Please use tf.compat.v1.train.AdamOptimizer instead.

WARNING:tensorflow:From run_tasks.py:183: The name tf.trainable_variables is deprecated. Please use tf.compat.v1.trainable_variables instead.

WARNING:tensorflow:From run_tasks.py:183: The name tf.trainable_variables is deprecated. Please use tf.compat.v1.trainable_variables instead.

WARNING:tensorflow:From run_tasks.py:213: The name tf.global_variables_initializer is deprecated. Please use tf.compat.v1.global_variables_initializer instead.

WARNING:tensorflow:From run_tasks.py:213: The name tf.global_variables_initializer is deprecated. Please use tf.compat.v1.global_variables_initializer instead.

WARNING:tensorflow:From run_tasks.py:215: The name tf.train.Saver is deprecated. Please use tf.compat.v1.train.Saver instead.

WARNING:tensorflow:From run_tasks.py:215: The name tf.train.Saver is deprecated. Please use tf.compat.v1.train.Saver instead.

WARNING:tensorflow:From run_tasks.py:216: The name tf.Session is deprecated. Please use tf.compat.v1.Session instead.

WARNING:tensorflow:From run_tasks.py:216: The name tf.Session is deprecated. Please use tf.compat.v1.Session instead.

2021-04-19 17:15:03.952884: W tensorflow/stream_executor/platform/default/dso_loader.cc:55] Could not load dynamic library 'libcuda.so.1'; dlerror: libcuda.so.1: cannot open shared object file: No such file or directory
2021-04-19 17:15:03.959447: E tensorflow/stream_executor/cuda/cuda_driver.cc:318] failed call to cuInit: UNKNOWN ERROR (303)
2021-04-19 17:15:03.960163: I tensorflow/stream_executor/cuda/cuda_diagnostics.cc:156] kernel driver does not appear to be running on this host (vmi563424.contaboserver.net): /proc/driver/nvidia/version does not exist
2021-04-19 17:15:03.961837: I tensorflow/core/platform/cpu_feature_guard.cc:142] Your CPU supports instructions that this TensorFlow binary was not compiled to use: AVX2 FMA
2021-04-19 17:15:04.096550: I tensorflow/core/platform/profile_utils/cpu_utils.cc:94] CPU Frequency: 2794745000 Hz
2021-04-19 17:15:04.106465: I tensorflow/compiler/xla/service/service.cc:168] XLA service 0x55e295c3f440 initialized for platform Host (this does not guarantee that XLA will be used). Devices:
2021-04-19 17:15:04.106543: I tensorflow/compiler/xla/service/service.cc:176]   StreamExecutor device (0): Host, Default Version
WARNING:tensorflow:From run_tasks.py:225: The name tf.get_default_graph is deprecated. Please use tf.compat.v1.get_default_graph instead.

WARNING:tensorflow:From run_tasks.py:225: The name tf.get_default_graph is deprecated. Please use tf.compat.v1.get_default_graph instead.

INFO:utils:Saved the trained model at step 10000.
INFO:utils:CompletedProcess(args=['/root/NeuralTuringMachine/venv/bin/python', '/root/NeuralTuringMachine/freeze.py', '--checkpoint_dir', 'models/10000'], returncode=0, stdout=b'Tensorflow reading models/10000/my_model.ckpt before freezing\n', stderr=b"WARNING:tensorflow:From /root/NeuralTuringMachine/freeze.py:29: The name tf.Session is deprecated. Please use tf.compat.v1.Session instead.\n\n2021-04-19 19:50:06.559343: W tensorflow/stream_executor/platform/default/dso_loader.cc:55] Could not load dynamic library 'libcuda.so.1'; dlerror: libcuda.so.1: cannot open shared object file: No such file or directory\n2021-04-19 19:50:06.559658: E tensorflow/stream_executor/cuda/cuda_driver.cc:318] failed call to cuInit: UNKNOWN ERROR (303)\n2021-04-19 19:50:06.559751: I tensorflow/stream_executor/cuda/cuda_diagnostics.cc:156] kernel driver does not appear to be running on this host (vmi563424.contaboserver.net): /proc/driver/nvidia/version does not exist\n2021-04-19 19:50:06.560658: I tensorflow/core/platform/cpu_feature_guard.cc:142] Your CPU supports instructions that this TensorFlow binary was not compiled to use: AVX2 FMA\n2021-04-19 19:50:06.581651: I tensorflow/core/platform/profile_utils/cpu_utils.cc:94] CPU Frequency: 2794745000 Hz\n2021-04-19 19:50:06.584048: I tensorflow/compiler/xla/service/service.cc:168] XLA service 0x556513f42700 initialized for platform Host (this does not guarantee that XLA will be used). Devices:\n2021-04-19 19:50:06.584121: I tensorflow/compiler/xla/service/service.cc:176]   StreamExecutor device (0): Host, Default Version\nWARNING:tensorflow:From /root/NeuralTuringMachine/freeze.py:31: The name tf.train.import_meta_graph is deprecated. Please use tf.compat.v1.train.import_meta_graph instead.\n\nWARNING:tensorflow:From /root/NeuralTuringMachine/freeze.py:42: convert_variables_to_constants (from tensorflow.python.framework.graph_util_impl) is deprecated and will be removed in a future version.\nInstructions for updating:\nUse `tf.compat.v1.graph_util.convert_variables_to_constants`\nWARNING:tensorflow:From /root/NeuralTuringMachine/venv/lib/python3.7/site-packages/tensorflow_core/python/framework/graph_util_impl.py:277: extract_sub_graph (from tensorflow.python.framework.graph_util_impl) is deprecated and will be removed in a future version.\nInstructions for updating:\nUse `tf.compat.v1.graph_util.extract_sub_graph`\n")
INFO:utils:Froze the model at step 10000.
INFO:utils:----EVAL----
INFO:utils:target task error/loss: 1.91875,2.7651373147964478
INFO:utils:multi task error/loss: None,None
INFO:utils:curriculum point error/loss (None): None,None
INFO:utils:EVAL_PARSABLE: 10000,1.91875,2.7651373147964478,None,None,None,None,None
INFO:utils:Saved the trained model at step 20000.
INFO:utils:CompletedProcess(args=['/root/NeuralTuringMachine/venv/bin/python', '/root/NeuralTuringMachine/freeze.py', '--checkpoint_dir', 'models/20000'], returncode=0, stdout=b'Tensorflow reading models/20000/my_model.ckpt before freezing\n', stderr=b"WARNING:tensorflow:From /root/NeuralTuringMachine/freeze.py:29: The name tf.Session is deprecated. Please use tf.compat.v1.Session instead.\n\n2021-04-19 22:24:29.190152: W tensorflow/stream_executor/platform/default/dso_loader.cc:55] Could not load dynamic library 'libcuda.so.1'; dlerror: libcuda.so.1: cannot open shared object file: No such file or directory\n2021-04-19 22:24:29.190466: E tensorflow/stream_executor/cuda/cuda_driver.cc:318] failed call to cuInit: UNKNOWN ERROR (303)\n2021-04-19 22:24:29.190707: I tensorflow/stream_executor/cuda/cuda_diagnostics.cc:156] kernel driver does not appear to be running on this host (vmi563424.contaboserver.net): /proc/driver/nvidia/version does not exist\n2021-04-19 22:24:29.192280: I tensorflow/core/platform/cpu_feature_guard.cc:142] Your CPU supports instructions that this TensorFlow binary was not compiled to use: AVX2 FMA\n2021-04-19 22:24:29.211811: I tensorflow/core/platform/profile_utils/cpu_utils.cc:94] CPU Frequency: 2794745000 Hz\n2021-04-19 22:24:29.213500: I tensorflow/compiler/xla/service/service.cc:168] XLA service 0x561e442ac390 initialized for platform Host (this does not guarantee that XLA will be used). Devices:\n2021-04-19 22:24:29.213522: I tensorflow/compiler/xla/service/service.cc:176]   StreamExecutor device (0): Host, Default Version\nWARNING:tensorflow:From /root/NeuralTuringMachine/freeze.py:31: The name tf.train.import_meta_graph is deprecated. Please use tf.compat.v1.train.import_meta_graph instead.\n\nWARNING:tensorflow:From /root/NeuralTuringMachine/freeze.py:42: convert_variables_to_constants (from tensorflow.python.framework.graph_util_impl) is deprecated and will be removed in a future version.\nInstructions for updating:\nUse `tf.compat.v1.graph_util.convert_variables_to_constants`\nWARNING:tensorflow:From /root/NeuralTuringMachine/venv/lib/python3.7/site-packages/tensorflow_core/python/framework/graph_util_impl.py:277: extract_sub_graph (from tensorflow.python.framework.graph_util_impl) is deprecated and will be removed in a future version.\nInstructions for updating:\nUse `tf.compat.v1.graph_util.extract_sub_graph`\n")
INFO:utils:Froze the model at step 20000.
INFO:utils:----EVAL----
INFO:utils:target task error/loss: 0.09375,0.2621689662337303
INFO:utils:multi task error/loss: None,None
INFO:utils:curriculum point error/loss (None): None,None
INFO:utils:EVAL_PARSABLE: 20000,0.09375,0.2621689662337303,None,None,None,None,None
INFO:utils:Saved the trained model at step 30000.
INFO:utils:CompletedProcess(args=['/root/NeuralTuringMachine/venv/bin/python', '/root/NeuralTuringMachine/freeze.py', '--checkpoint_dir', 'models/30000'], returncode=0, stdout=b'Tensorflow reading models/30000/my_model.ckpt before freezing\n', stderr=b"WARNING:tensorflow:From /root/NeuralTuringMachine/freeze.py:29: The name tf.Session is deprecated. Please use tf.compat.v1.Session instead.\n\n2021-04-20 00:54:10.722824: W tensorflow/stream_executor/platform/default/dso_loader.cc:55] Could not load dynamic library 'libcuda.so.1'; dlerror: libcuda.so.1: cannot open shared object file: No such file or directory\n2021-04-20 00:54:10.723028: E tensorflow/stream_executor/cuda/cuda_driver.cc:318] failed call to cuInit: UNKNOWN ERROR (303)\n2021-04-20 00:54:10.723197: I tensorflow/stream_executor/cuda/cuda_diagnostics.cc:156] kernel driver does not appear to be running on this host (vmi563424.contaboserver.net): /proc/driver/nvidia/version does not exist\n2021-04-20 00:54:10.723872: I tensorflow/core/platform/cpu_feature_guard.cc:142] Your CPU supports instructions that this TensorFlow binary was not compiled to use: AVX2 FMA\n2021-04-20 00:54:10.750171: I tensorflow/core/platform/profile_utils/cpu_utils.cc:94] CPU Frequency: 2794745000 Hz\n2021-04-20 00:54:10.755243: I tensorflow/compiler/xla/service/service.cc:168] XLA service 0x563c43552650 initialized for platform Host (this does not guarantee that XLA will be used). Devices:\n2021-04-20 00:54:10.755294: I tensorflow/compiler/xla/service/service.cc:176]   StreamExecutor device (0): Host, Default Version\nWARNING:tensorflow:From /root/NeuralTuringMachine/freeze.py:31: The name tf.train.import_meta_graph is deprecated. Please use tf.compat.v1.train.import_meta_graph instead.\n\nWARNING:tensorflow:From /root/NeuralTuringMachine/freeze.py:42: convert_variables_to_constants (from tensorflow.python.framework.graph_util_impl) is deprecated and will be removed in a future version.\nInstructions for updating:\nUse `tf.compat.v1.graph_util.convert_variables_to_constants`\nWARNING:tensorflow:From /root/NeuralTuringMachine/venv/lib/python3.7/site-packages/tensorflow_core/python/framework/graph_util_impl.py:277: extract_sub_graph (from tensorflow.python.framework.graph_util_impl) is deprecated and will be removed in a future version.\nInstructions for updating:\nUse `tf.compat.v1.graph_util.extract_sub_graph`\n")
INFO:utils:Froze the model at step 30000.
INFO:utils:----EVAL----
INFO:utils:target task error/loss: 0.0,0.0016367931966669858
INFO:utils:multi task error/loss: None,None
INFO:utils:curriculum point error/loss (None): None,None
INFO:utils:EVAL_PARSABLE: 30000,0.0,0.0016367931966669858,None,None,None,None,None
INFO:utils:Saved the trained model at step 40000.
INFO:utils:CompletedProcess(args=['/root/NeuralTuringMachine/venv/bin/python', '/root/NeuralTuringMachine/freeze.py', '--checkpoint_dir', 'models/40000'], returncode=0, stdout=b'Tensorflow reading models/40000/my_model.ckpt before freezing\n', stderr=b"WARNING:tensorflow:From /root/NeuralTuringMachine/freeze.py:29: The name tf.Session is deprecated. Please use tf.compat.v1.Session instead.\n\n2021-04-20 03:17:21.856531: W tensorflow/stream_executor/platform/default/dso_loader.cc:55] Could not load dynamic library 'libcuda.so.1'; dlerror: libcuda.so.1: cannot open shared object file: No such file or directory\n2021-04-20 03:17:21.856938: E tensorflow/stream_executor/cuda/cuda_driver.cc:318] failed call to cuInit: UNKNOWN ERROR (303)\n2021-04-20 03:17:21.857147: I tensorflow/stream_executor/cuda/cuda_diagnostics.cc:156] kernel driver does not appear to be running on this host (vmi563424.contaboserver.net): /proc/driver/nvidia/version does not exist\n2021-04-20 03:17:21.859520: I tensorflow/core/platform/cpu_feature_guard.cc:142] Your CPU supports instructions that this TensorFlow binary was not compiled to use: AVX2 FMA\n2021-04-20 03:17:21.911944: I tensorflow/core/platform/profile_utils/cpu_utils.cc:94] CPU Frequency: 2794745000 Hz\n2021-04-20 03:17:21.916718: I tensorflow/compiler/xla/service/service.cc:168] XLA service 0x55db11a68820 initialized for platform Host (this does not guarantee that XLA will be used). Devices:\n2021-04-20 03:17:21.916767: I tensorflow/compiler/xla/service/service.cc:176]   StreamExecutor device (0): Host, Default Version\nWARNING:tensorflow:From /root/NeuralTuringMachine/freeze.py:31: The name tf.train.import_meta_graph is deprecated. Please use tf.compat.v1.train.import_meta_graph instead.\n\nWARNING:tensorflow:From /root/NeuralTuringMachine/freeze.py:42: convert_variables_to_constants (from tensorflow.python.framework.graph_util_impl) is deprecated and will be removed in a future version.\nInstructions for updating:\nUse `tf.compat.v1.graph_util.convert_variables_to_constants`\nWARNING:tensorflow:From /root/NeuralTuringMachine/venv/lib/python3.7/site-packages/tensorflow_core/python/framework/graph_util_impl.py:277: extract_sub_graph (from tensorflow.python.framework.graph_util_impl) is deprecated and will be removed in a future version.\nInstructions for updating:\nUse `tf.compat.v1.graph_util.extract_sub_graph`\n")
INFO:utils:Froze the model at step 40000.
INFO:utils:----EVAL----
INFO:utils:target task error/loss: 0.0,0.001921149913687259
INFO:utils:multi task error/loss: None,None
INFO:utils:curriculum point error/loss (None): None,None
INFO:utils:EVAL_PARSABLE: 40000,0.0,0.001921149913687259,None,None,None,None,None
INFO:utils:Saved the trained model at step 50000.
INFO:utils:CompletedProcess(args=['/root/NeuralTuringMachine/venv/bin/python', '/root/NeuralTuringMachine/freeze.py', '--checkpoint_dir', 'models/50000'], returncode=0, stdout=b'Tensorflow reading models/50000/my_model.ckpt before freezing\n', stderr=b"WARNING:tensorflow:From /root/NeuralTuringMachine/freeze.py:29: The name tf.Session is deprecated. Please use tf.compat.v1.Session instead.\n\n2021-04-20 05:40:44.194849: W tensorflow/stream_executor/platform/default/dso_loader.cc:55] Could not load dynamic library 'libcuda.so.1'; dlerror: libcuda.so.1: cannot open shared object file: No such file or directory\n2021-04-20 05:40:44.195185: E tensorflow/stream_executor/cuda/cuda_driver.cc:318] failed call to cuInit: UNKNOWN ERROR (303)\n2021-04-20 05:40:44.195380: I tensorflow/stream_executor/cuda/cuda_diagnostics.cc:156] kernel driver does not appear to be running on this host (vmi563424.contaboserver.net): /proc/driver/nvidia/version does not exist\n2021-04-20 05:40:44.196255: I tensorflow/core/platform/cpu_feature_guard.cc:142] Your CPU supports instructions that this TensorFlow binary was not compiled to use: AVX2 FMA\n2021-04-20 05:40:44.216500: I tensorflow/core/platform/profile_utils/cpu_utils.cc:94] CPU Frequency: 2794745000 Hz\n2021-04-20 05:40:44.222023: I tensorflow/compiler/xla/service/service.cc:168] XLA service 0x5618d212ce00 initialized for platform Host (this does not guarantee that XLA will be used). Devices:\n2021-04-20 05:40:44.222105: I tensorflow/compiler/xla/service/service.cc:176]   StreamExecutor device (0): Host, Default Version\nWARNING:tensorflow:From /root/NeuralTuringMachine/freeze.py:31: The name tf.train.import_meta_graph is deprecated. Please use tf.compat.v1.train.import_meta_graph instead.\n\nWARNING:tensorflow:From /root/NeuralTuringMachine/freeze.py:42: convert_variables_to_constants (from tensorflow.python.framework.graph_util_impl) is deprecated and will be removed in a future version.\nInstructions for updating:\nUse `tf.compat.v1.graph_util.convert_variables_to_constants`\nWARNING:tensorflow:From /root/NeuralTuringMachine/venv/lib/python3.7/site-packages/tensorflow_core/python/framework/graph_util_impl.py:277: extract_sub_graph (from tensorflow.python.framework.graph_util_impl) is deprecated and will be removed in a future version.\nInstructions for updating:\nUse `tf.compat.v1.graph_util.extract_sub_graph`\n")
INFO:utils:Froze the model at step 50000.
INFO:utils:----EVAL----
INFO:utils:target task error/loss: 0.0,1.0905886756518158e-05
INFO:utils:multi task error/loss: None,None
INFO:utils:curriculum point error/loss (None): None,None
INFO:utils:EVAL_PARSABLE: 50000,0.0,1.0905886756518158e-05,None,None,None,None,None
INFO:utils:Saved the trained model at step 60000.
INFO:utils:CompletedProcess(args=['/root/NeuralTuringMachine/venv/bin/python', '/root/NeuralTuringMachine/freeze.py', '--checkpoint_dir', 'models/60000'], returncode=0, stdout=b'Tensorflow reading models/60000/my_model.ckpt before freezing\n', stderr=b"WARNING:tensorflow:From /root/NeuralTuringMachine/freeze.py:29: The name tf.Session is deprecated. Please use tf.compat.v1.Session instead.\n\n2021-04-20 08:11:06.032239: W tensorflow/stream_executor/platform/default/dso_loader.cc:55] Could not load dynamic library 'libcuda.so.1'; dlerror: libcuda.so.1: cannot open shared object file: No such file or directory\n2021-04-20 08:11:06.032343: E tensorflow/stream_executor/cuda/cuda_driver.cc:318] failed call to cuInit: UNKNOWN ERROR (303)\n2021-04-20 08:11:06.032416: I tensorflow/stream_executor/cuda/cuda_diagnostics.cc:156] kernel driver does not appear to be running on this host (vmi563424.contaboserver.net): /proc/driver/nvidia/version does not exist\n2021-04-20 08:11:06.032849: I tensorflow/core/platform/cpu_feature_guard.cc:142] Your CPU supports instructions that this TensorFlow binary was not compiled to use: AVX2 FMA\n2021-04-20 08:11:06.047511: I tensorflow/core/platform/profile_utils/cpu_utils.cc:94] CPU Frequency: 2794745000 Hz\n2021-04-20 08:11:06.048977: I tensorflow/compiler/xla/service/service.cc:168] XLA service 0x559a365013c0 initialized for platform Host (this does not guarantee that XLA will be used). Devices:\n2021-04-20 08:11:06.049031: I tensorflow/compiler/xla/service/service.cc:176]   StreamExecutor device (0): Host, Default Version\nWARNING:tensorflow:From /root/NeuralTuringMachine/freeze.py:31: The name tf.train.import_meta_graph is deprecated. Please use tf.compat.v1.train.import_meta_graph instead.\n\nWARNING:tensorflow:From /root/NeuralTuringMachine/freeze.py:42: convert_variables_to_constants (from tensorflow.python.framework.graph_util_impl) is deprecated and will be removed in a future version.\nInstructions for updating:\nUse `tf.compat.v1.graph_util.convert_variables_to_constants`\nWARNING:tensorflow:From /root/NeuralTuringMachine/venv/lib/python3.7/site-packages/tensorflow_core/python/framework/graph_util_impl.py:277: extract_sub_graph (from tensorflow.python.framework.graph_util_impl) is deprecated and will be removed in a future version.\nInstructions for updating:\nUse `tf.compat.v1.graph_util.extract_sub_graph`\n")
INFO:utils:Froze the model at step 60000.
INFO:utils:----EVAL----
INFO:utils:target task error/loss: 0.0,1.4763353490820917e-07
INFO:utils:multi task error/loss: None,None
INFO:utils:curriculum point error/loss (None): None,None
INFO:utils:EVAL_PARSABLE: 60000,0.0,1.4763353490820917e-07,None,None,None,None,None
INFO:utils:Saved the trained model at step 70000.
INFO:utils:CompletedProcess(args=['/root/NeuralTuringMachine/venv/bin/python', '/root/NeuralTuringMachine/freeze.py', '--checkpoint_dir', 'models/70000'], returncode=0, stdout=b'Tensorflow reading models/70000/my_model.ckpt before freezing\n', stderr=b"WARNING:tensorflow:From /root/NeuralTuringMachine/freeze.py:29: The name tf.Session is deprecated. Please use tf.compat.v1.Session instead.\n\n2021-04-20 10:58:44.445737: W tensorflow/stream_executor/platform/default/dso_loader.cc:55] Could not load dynamic library 'libcuda.so.1'; dlerror: libcuda.so.1: cannot open shared object file: No such file or directory\n2021-04-20 10:58:44.445957: E tensorflow/stream_executor/cuda/cuda_driver.cc:318] failed call to cuInit: UNKNOWN ERROR (303)\n2021-04-20 10:58:44.446200: I tensorflow/stream_executor/cuda/cuda_diagnostics.cc:156] kernel driver does not appear to be running on this host (vmi563424.contaboserver.net): /proc/driver/nvidia/version does not exist\n2021-04-20 10:58:44.447316: I tensorflow/core/platform/cpu_feature_guard.cc:142] Your CPU supports instructions that this TensorFlow binary was not compiled to use: AVX2 FMA\n2021-04-20 10:58:44.477290: I tensorflow/core/platform/profile_utils/cpu_utils.cc:94] CPU Frequency: 2794745000 Hz\n2021-04-20 10:58:44.479555: I tensorflow/compiler/xla/service/service.cc:168] XLA service 0x56138bf6acc0 initialized for platform Host (this does not guarantee that XLA will be used). Devices:\n2021-04-20 10:58:44.479582: I tensorflow/compiler/xla/service/service.cc:176]   StreamExecutor device (0): Host, Default Version\nWARNING:tensorflow:From /root/NeuralTuringMachine/freeze.py:31: The name tf.train.import_meta_graph is deprecated. Please use tf.compat.v1.train.import_meta_graph instead.\n\nWARNING:tensorflow:From /root/NeuralTuringMachine/freeze.py:42: convert_variables_to_constants (from tensorflow.python.framework.graph_util_impl) is deprecated and will be removed in a future version.\nInstructions for updating:\nUse `tf.compat.v1.graph_util.convert_variables_to_constants`\nWARNING:tensorflow:From /root/NeuralTuringMachine/venv/lib/python3.7/site-packages/tensorflow_core/python/framework/graph_util_impl.py:277: extract_sub_graph (from tensorflow.python.framework.graph_util_impl) is deprecated and will be removed in a future version.\nInstructions for updating:\nUse `tf.compat.v1.graph_util.extract_sub_graph`\n")
INFO:utils:Froze the model at step 70000.
INFO:utils:----EVAL----
INFO:utils:target task error/loss: 0.0,9.047856947290711e-05
INFO:utils:multi task error/loss: None,None
INFO:utils:curriculum point error/loss (None): None,None
INFO:utils:EVAL_PARSABLE: 70000,0.0,9.047856947290711e-05,None,None,None,None,None
