+ mkdir models
mkdir: cannot create directory ‘models’: File exists
+ python run_tasks.py --experiment_name experiment --verbose no --num_train_steps 1000000 --steps_per_eval 10000 --use_local_impl no --curriculum none --num_bits_per_vector 3 --num_memory_locations 128 --max_seq_len 4 --task average_sum --num_experts 2
WARNING:tensorflow:From run_tasks.py:208: The name tf.variable_scope is deprecated. Please use tf.compat.v1.variable_scope instead.

WARNING:tensorflow:From run_tasks.py:208: The name tf.variable_scope is deprecated. Please use tf.compat.v1.variable_scope instead.

WARNING:tensorflow:From run_tasks.py:209: The name tf.placeholder is deprecated. Please use tf.compat.v1.placeholder instead.

WARNING:tensorflow:From run_tasks.py:209: The name tf.placeholder is deprecated. Please use tf.compat.v1.placeholder instead.

WARNING:tensorflow:
The TensorFlow contrib module will not be included in TensorFlow 2.0.
For more information, please see:
  * https://github.com/tensorflow/community/blob/master/rfcs/20180907-contrib-sunset.md
  * https://github.com/tensorflow/addons
  * https://github.com/tensorflow/io (for I/O related ops)
If you depend on functionality not listed there, please file an issue.

WARNING:tensorflow:
The TensorFlow contrib module will not be included in TensorFlow 2.0.
For more information, please see:
  * https://github.com/tensorflow/community/blob/master/rfcs/20180907-contrib-sunset.md
  * https://github.com/tensorflow/addons
  * https://github.com/tensorflow/io (for I/O related ops)
If you depend on functionality not listed there, please file an issue.

WARNING:tensorflow:From run_tasks.py:125: BasicLSTMCell.__init__ (from tensorflow.python.ops.rnn_cell_impl) is deprecated and will be removed in a future version.
Instructions for updating:
This class is equivalent as tf.keras.layers.LSTMCell, and will be replaced by that in Tensorflow 2.0.
WARNING:tensorflow:From run_tasks.py:125: BasicLSTMCell.__init__ (from tensorflow.python.ops.rnn_cell_impl) is deprecated and will be removed in a future version.
Instructions for updating:
This class is equivalent as tf.keras.layers.LSTMCell, and will be replaced by that in Tensorflow 2.0.
WARNING:tensorflow:From run_tasks.py:128: MultiRNNCell.__init__ (from tensorflow.python.ops.rnn_cell_impl) is deprecated and will be removed in a future version.
Instructions for updating:
This class is equivalent as tf.keras.layers.StackedRNNCells, and will be replaced by that in Tensorflow 2.0.
WARNING:tensorflow:From run_tasks.py:128: MultiRNNCell.__init__ (from tensorflow.python.ops.rnn_cell_impl) is deprecated and will be removed in a future version.
Instructions for updating:
This class is equivalent as tf.keras.layers.StackedRNNCells, and will be replaced by that in Tensorflow 2.0.
WARNING:tensorflow:From run_tasks.py:140: dynamic_rnn (from tensorflow.python.ops.rnn) is deprecated and will be removed in a future version.
Instructions for updating:
Please use `keras.layers.RNN(cell)`, which is equivalent to this API
WARNING:tensorflow:From run_tasks.py:140: dynamic_rnn (from tensorflow.python.ops.rnn) is deprecated and will be removed in a future version.
Instructions for updating:
Please use `keras.layers.RNN(cell)`, which is equivalent to this API
WARNING:tensorflow:From /root/NeuralTuringMachine/venv/lib/python3.7/site-packages/tensorflow_core/contrib/rnn/python/ops/rnn_cell.py:3524: calling TruncatedNormal.__init__ (from tensorflow.python.ops.init_ops) with dtype is deprecated and will be removed in a future version.
Instructions for updating:
Call initializer instance with the dtype argument instead of passing it to the constructor
WARNING:tensorflow:From /root/NeuralTuringMachine/venv/lib/python3.7/site-packages/tensorflow_core/contrib/rnn/python/ops/rnn_cell.py:3524: calling TruncatedNormal.__init__ (from tensorflow.python.ops.init_ops) with dtype is deprecated and will be removed in a future version.
Instructions for updating:
Call initializer instance with the dtype argument instead of passing it to the constructor
WARNING:tensorflow:From /root/NeuralTuringMachine/venv/lib/python3.7/site-packages/tensorflow_core/contrib/rnn/python/ops/rnn_cell.py:3529: Layer.add_variable (from tensorflow.python.keras.engine.base_layer) is deprecated and will be removed in a future version.
Instructions for updating:
Please use `layer.add_weight` method instead.
WARNING:tensorflow:From /root/NeuralTuringMachine/venv/lib/python3.7/site-packages/tensorflow_core/contrib/rnn/python/ops/rnn_cell.py:3529: Layer.add_variable (from tensorflow.python.keras.engine.base_layer) is deprecated and will be removed in a future version.
Instructions for updating:
Please use `layer.add_weight` method instead.
WARNING:tensorflow:From /root/NeuralTuringMachine/venv/lib/python3.7/site-packages/tensorflow_core/contrib/rnn/python/ops/rnn_cell.py:3534: calling Constant.__init__ (from tensorflow.python.ops.init_ops) with dtype is deprecated and will be removed in a future version.
Instructions for updating:
Call initializer instance with the dtype argument instead of passing it to the constructor
WARNING:tensorflow:From /root/NeuralTuringMachine/venv/lib/python3.7/site-packages/tensorflow_core/contrib/rnn/python/ops/rnn_cell.py:3534: calling Constant.__init__ (from tensorflow.python.ops.init_ops) with dtype is deprecated and will be removed in a future version.
Instructions for updating:
Call initializer instance with the dtype argument instead of passing it to the constructor
WARNING:tensorflow:From /root/NeuralTuringMachine/venv/lib/python3.7/site-packages/tensorflow_core/python/ops/rnn_cell_impl.py:739: calling Zeros.__init__ (from tensorflow.python.ops.init_ops) with dtype is deprecated and will be removed in a future version.
Instructions for updating:
Call initializer instance with the dtype argument instead of passing it to the constructor
WARNING:tensorflow:From /root/NeuralTuringMachine/venv/lib/python3.7/site-packages/tensorflow_core/python/ops/rnn_cell_impl.py:739: calling Zeros.__init__ (from tensorflow.python.ops.init_ops) with dtype is deprecated and will be removed in a future version.
Instructions for updating:
Call initializer instance with the dtype argument instead of passing it to the constructor
WARNING:tensorflow:From /root/NeuralTuringMachine/venv/lib/python3.7/site-packages/tensorflow_core/python/util/dispatch.py:180: calling expand_dims (from tensorflow.python.ops.array_ops) with dim is deprecated and will be removed in a future version.
Instructions for updating:
Use the `axis` argument instead
WARNING:tensorflow:From /root/NeuralTuringMachine/venv/lib/python3.7/site-packages/tensorflow_core/python/util/dispatch.py:180: calling expand_dims (from tensorflow.python.ops.array_ops) with dim is deprecated and will be removed in a future version.
Instructions for updating:
Use the `axis` argument instead
WARNING:tensorflow:From /root/NeuralTuringMachine/venv/lib/python3.7/site-packages/tensorflow_core/python/ops/nn_impl.py:183: where (from tensorflow.python.ops.array_ops) is deprecated and will be removed in a future version.
Instructions for updating:
Use tf.where in 2.0, which has the same broadcast rule as np.where
WARNING:tensorflow:From /root/NeuralTuringMachine/venv/lib/python3.7/site-packages/tensorflow_core/python/ops/nn_impl.py:183: where (from tensorflow.python.ops.array_ops) is deprecated and will be removed in a future version.
Instructions for updating:
Use tf.where in 2.0, which has the same broadcast rule as np.where
WARNING:tensorflow:From run_tasks.py:181: The name tf.train.AdamOptimizer is deprecated. Please use tf.compat.v1.train.AdamOptimizer instead.

WARNING:tensorflow:From run_tasks.py:181: The name tf.train.AdamOptimizer is deprecated. Please use tf.compat.v1.train.AdamOptimizer instead.

WARNING:tensorflow:From run_tasks.py:183: The name tf.trainable_variables is deprecated. Please use tf.compat.v1.trainable_variables instead.

WARNING:tensorflow:From run_tasks.py:183: The name tf.trainable_variables is deprecated. Please use tf.compat.v1.trainable_variables instead.

WARNING:tensorflow:From run_tasks.py:213: The name tf.global_variables_initializer is deprecated. Please use tf.compat.v1.global_variables_initializer instead.

WARNING:tensorflow:From run_tasks.py:213: The name tf.global_variables_initializer is deprecated. Please use tf.compat.v1.global_variables_initializer instead.

WARNING:tensorflow:From run_tasks.py:215: The name tf.train.Saver is deprecated. Please use tf.compat.v1.train.Saver instead.

WARNING:tensorflow:From run_tasks.py:215: The name tf.train.Saver is deprecated. Please use tf.compat.v1.train.Saver instead.

WARNING:tensorflow:From run_tasks.py:216: The name tf.Session is deprecated. Please use tf.compat.v1.Session instead.

WARNING:tensorflow:From run_tasks.py:216: The name tf.Session is deprecated. Please use tf.compat.v1.Session instead.

2021-04-20 13:15:46.418709: W tensorflow/stream_executor/platform/default/dso_loader.cc:55] Could not load dynamic library 'libcuda.so.1'; dlerror: libcuda.so.1: cannot open shared object file: No such file or directory
2021-04-20 13:15:46.418758: E tensorflow/stream_executor/cuda/cuda_driver.cc:318] failed call to cuInit: UNKNOWN ERROR (303)
2021-04-20 13:15:46.418800: I tensorflow/stream_executor/cuda/cuda_diagnostics.cc:156] kernel driver does not appear to be running on this host (vmi563424.contaboserver.net): /proc/driver/nvidia/version does not exist
2021-04-20 13:15:46.419147: I tensorflow/core/platform/cpu_feature_guard.cc:142] Your CPU supports instructions that this TensorFlow binary was not compiled to use: AVX2 FMA
2021-04-20 13:15:46.440684: I tensorflow/core/platform/profile_utils/cpu_utils.cc:94] CPU Frequency: 2794745000 Hz
2021-04-20 13:15:46.442506: I tensorflow/compiler/xla/service/service.cc:168] XLA service 0x55902df71c00 initialized for platform Host (this does not guarantee that XLA will be used). Devices:
2021-04-20 13:15:46.442573: I tensorflow/compiler/xla/service/service.cc:176]   StreamExecutor device (0): Host, Default Version
WARNING:tensorflow:From run_tasks.py:225: The name tf.get_default_graph is deprecated. Please use tf.compat.v1.get_default_graph instead.

WARNING:tensorflow:From run_tasks.py:225: The name tf.get_default_graph is deprecated. Please use tf.compat.v1.get_default_graph instead.

INFO:utils:Saved the trained model at step 10000.
INFO:utils:CompletedProcess(args=['/root/NeuralTuringMachine/venv/bin/python', '/root/NeuralTuringMachine/freeze.py', '--checkpoint_dir', 'models/10000'], returncode=0, stdout=b'Tensorflow reading models/10000/my_model.ckpt before freezing\n', stderr=b"WARNING:tensorflow:From /root/NeuralTuringMachine/freeze.py:29: The name tf.Session is deprecated. Please use tf.compat.v1.Session instead.\n\n2021-04-20 13:58:09.430419: W tensorflow/stream_executor/platform/default/dso_loader.cc:55] Could not load dynamic library 'libcuda.so.1'; dlerror: libcuda.so.1: cannot open shared object file: No such file or directory\n2021-04-20 13:58:09.430621: E tensorflow/stream_executor/cuda/cuda_driver.cc:318] failed call to cuInit: UNKNOWN ERROR (303)\n2021-04-20 13:58:09.430874: I tensorflow/stream_executor/cuda/cuda_diagnostics.cc:156] kernel driver does not appear to be running on this host (vmi563424.contaboserver.net): /proc/driver/nvidia/version does not exist\n2021-04-20 13:58:09.431441: I tensorflow/core/platform/cpu_feature_guard.cc:142] Your CPU supports instructions that this TensorFlow binary was not compiled to use: AVX2 FMA\n2021-04-20 13:58:09.444169: I tensorflow/core/platform/profile_utils/cpu_utils.cc:94] CPU Frequency: 2794745000 Hz\n2021-04-20 13:58:09.446991: I tensorflow/compiler/xla/service/service.cc:168] XLA service 0x56543a3c35a0 initialized for platform Host (this does not guarantee that XLA will be used). Devices:\n2021-04-20 13:58:09.447066: I tensorflow/compiler/xla/service/service.cc:176]   StreamExecutor device (0): Host, Default Version\nWARNING:tensorflow:From /root/NeuralTuringMachine/freeze.py:31: The name tf.train.import_meta_graph is deprecated. Please use tf.compat.v1.train.import_meta_graph instead.\n\nWARNING:tensorflow:From /root/NeuralTuringMachine/freeze.py:42: convert_variables_to_constants (from tensorflow.python.framework.graph_util_impl) is deprecated and will be removed in a future version.\nInstructions for updating:\nUse `tf.compat.v1.graph_util.convert_variables_to_constants`\nWARNING:tensorflow:From /root/NeuralTuringMachine/venv/lib/python3.7/site-packages/tensorflow_core/python/framework/graph_util_impl.py:277: extract_sub_graph (from tensorflow.python.framework.graph_util_impl) is deprecated and will be removed in a future version.\nInstructions for updating:\nUse `tf.compat.v1.graph_util.extract_sub_graph`\n")
INFO:utils:Froze the model at step 10000.
INFO:utils:----EVAL----
INFO:utils:target task error/loss: 0.0,0.0013827596849296242
INFO:utils:multi task error/loss: None,None
INFO:utils:curriculum point error/loss (None): None,None
INFO:utils:EVAL_PARSABLE: 10000,0.0,0.0013827596849296242,None,None,None,None,None
